<?xml version="1.0" encoding="UTF-8" ?>
<testsuite tests="1" failures="0" name="com.itheima.TestTransfer" time="0.649" errors="1" skipped="0">
  <properties>
[...]
</properties>
  <testcase classname="com.itheima.TestTransfer" name="test01" time="0.649">
    <error message="/ by zero" type="java.lang.ArithmeticException">java.lang.ArithmeticException: / by zero
	at com.itheima.service.impl.AccountServiceImpl.transfer(AccountServiceImpl.java:23)
	at com.itheima.controller.AccountController.transfer(AccountController.java:24)
	at com.itheima.TestTransfer.test01(TestTransfer.java:23)
	at sun.reflect.NativeMethodAccessorImpl.invoke0(Native Method)
	at sun.reflect.NativeMethodAccessorImpl.invoke(NativeMethodAccessorImpl.java:62)
	at sun.reflect.DelegatingMethodAccessorImpl.invoke(DelegatingMethodAccessorImpl.java:43)
	at java.lang.reflect.Method.invoke(Method.java:498)
	at org.junit.runners.model.FrameworkMethod$1.runReflectiveCall(FrameworkMethod.java:50)
	at org.junit.internal.runners.model.ReflectiveCallable.run(ReflectiveCallable.java:12)
	at org.junit.runners.model.FrameworkMethod.invokeExplosively(FrameworkMethod.java:47)
	at org.junit.internal.runners.statements.InvokeMethod.evaluate(InvokeMethod.java:17)
	at org.springframework.test.context.junit4.statements.RunBeforeTestExecutionCallbacks.evaluate(RunBeforeTestExecutionCallbacks.java:73)
	at org.springframework.test.context.junit4.statements.RunAfterTestExecutionCallbacks.evaluate(RunAfterTestExecutionCallbacks.java:83)
	at org.springframework.test.context.junit4.statements.RunBeforeTestMethodCallbacks.evaluate(RunBeforeTestMethodCallbacks.java:75)
	at org.springframework.test.context.junit4.statements.RunAfterTestMethodCallbacks.evaluate(RunAfterTestMethodCallbacks.java:86)
	at org.springframework.test.context.junit4.statements.SpringRepeat.evaluate(SpringRepeat.java:84)
	at org.junit.runners.ParentRunner.runLeaf(ParentRunner.java:325)
	at org.springframework.test.context.junit4.SpringJUnit4ClassRunner.runChild(SpringJUnit4ClassRunner.java:251)
	at org.springframework.test.context.junit4.SpringJUnit4ClassRunner.runChild(SpringJUnit4ClassRunner.java:97)
	at org.junit.runners.ParentRunner$3.run(ParentRunner.java:290)
	at org.junit.runners.ParentRunner$1.schedule(ParentRunner.java:71)
	at org.junit.runners.ParentRunner.runChildren(ParentRunner.java:288)
	at org.junit.runners.ParentRunner.access$000(ParentRunner.java:58)
	at org.junit.runners.ParentRunner$2.evaluate(ParentRunner.java:268)
	at org.springframework.test.context.junit4.statements.RunBeforeTestClassCallbacks.evaluate(RunBeforeTestClassCallbacks.java:61)
	at org.springframework.test.context.junit4.statements.RunAfterTestClassCallbacks.evaluate(RunAfterTestClassCallbacks.java:70)
	at org.junit.runners.ParentRunner.run(ParentRunner.java:363)
	at org.springframework.test.context.junit4.SpringJUnit4ClassRunner.run(SpringJUnit4ClassRunner.java:190)
	at org.apache.maven.surefire.junit4.JUnit4Provider.execute(JUnit4Provider.java:252)
	at org.apache.maven.surefire.junit4.JUnit4Provider.executeTestSet(JUnit4Provider.java:141)
	at org.apache.maven.surefire.junit4.JUnit4Provider.invoke(JUnit4Provider.java:112)
	at sun.reflect.NativeMethodAccessorImpl.invoke0(Native Method)
	at sun.reflect.NativeMethodAccessorImpl.invoke(NativeMethodAccessorImpl.java:62)
	at sun.reflect.DelegatingMethodAccessorImpl.invoke(DelegatingMethodAccessorImpl.java:43)
	at java.lang.reflect.Method.invoke(Method.java:498)
	at org.apache.maven.surefire.util.ReflectionUtils.invokeMethodWithArray(ReflectionUtils.java:189)
	at org.apache.maven.surefire.booter.ProviderFactory$ProviderProxy.invoke(ProviderFactory.java:165)
	at org.apache.maven.surefire.booter.ProviderFactory.invokeProvider(ProviderFactory.java:85)
	at org.apache.maven.surefire.booter.ForkedBooter.runSuitesInProcess(ForkedBooter.java:115)
	at org.apache.maven.surefire.booter.ForkedBooter.main(ForkedBooter.java:75)
</error>
    <system-out>[DEBUG] main org.springframework.test.context.junit4.SpringJUnit4ClassRunner.&lt;init&gt;(SpringJUnit4ClassRunner.java:139) 2020-11-12 11:05:15,525 0ms:SpringJUnit4ClassRunner constructor called with [class com.itheima.TestTransfer]
[DEBUG] main org.springframework.test.context.BootstrapUtils.createCacheAwareContextLoaderDelegate(BootstrapUtils.java:97) 2020-11-12 11:05:15,543 18ms:Instantiating CacheAwareContextLoaderDelegate from class [org.springframework.test.context.cache.DefaultCacheAwareContextLoaderDelegate]
[DEBUG] main org.springframework.test.context.BootstrapUtils.createBootstrapContext(BootstrapUtils.java:80) 2020-11-12 11:05:15,559 34ms:Instantiating BootstrapContext using constructor [public org.springframework.test.context.support.DefaultBootstrapContext(java.lang.Class,org.springframework.test.context.CacheAwareContextLoaderDelegate)]
[DEBUG] main org.springframework.test.context.BootstrapUtils.resolveTestContextBootstrapper(BootstrapUtils.java:133) 2020-11-12 11:05:15,571 46ms:Instantiating TestContextBootstrapper for test class [com.itheima.TestTransfer] from class [org.springframework.test.context.support.DefaultTestContextBootstrapper]
[DEBUG] main org.springframework.test.context.support.AbstractDelegatingSmartContextLoader.delegateProcessing(AbstractDelegatingSmartContextLoader.java:97) 2020-11-12 11:05:15,622 97ms:Delegating to GenericXmlContextLoader to process context configuration [ContextConfigurationAttributes@1fa3a9d declaringClass = &apos;com.itheima.TestTransfer&apos;, classes = &apos;{}&apos;, locations = &apos;{classpath:spring.xml}&apos;, inheritLocations = true, initializers = &apos;{}&apos;, inheritInitializers = true, name = [null], contextLoaderClass = &apos;org.springframework.test.context.ContextLoader&apos;].
[DEBUG] main org.springframework.test.context.support.ActiveProfilesUtils.resolveActiveProfiles(ActiveProfilesUtils.java:79) 2020-11-12 11:05:15,659 134ms:Could not find an &apos;annotation declaring class&apos; for annotation type [org.springframework.test.context.ActiveProfiles] and class [com.itheima.TestTransfer]
[DEBUG] main org.springframework.test.context.support.AbstractTestContextBootstrapper.getTestExecutionListeners(AbstractTestContextBootstrapper.java:129) 2020-11-12 11:05:15,661 136ms:@TestExecutionListeners is not present for class [com.itheima.TestTransfer]: using defaults.
[INFO ] main org.springframework.test.context.support.AbstractTestContextBootstrapper.getDefaultTestExecutionListenerClassNames(AbstractTestContextBootstrapper.java:257) 2020-11-12 11:05:15,663 138ms:Loaded default TestExecutionListener class names from location [META-INF/spring.factories]: [org.springframework.test.context.web.ServletTestExecutionListener, org.springframework.test.context.support.DirtiesContextBeforeModesTestExecutionListener, org.springframework.test.context.support.DependencyInjectionTestExecutionListener, org.springframework.test.context.support.DirtiesContextTestExecutionListener, org.springframework.test.context.transaction.TransactionalTestExecutionListener, org.springframework.test.context.jdbc.SqlScriptsTestExecutionListener]
[INFO ] main org.springframework.test.context.support.AbstractTestContextBootstrapper.instantiateListeners(AbstractTestContextBootstrapper.java:206) 2020-11-12 11:05:15,682 157ms:Could not instantiate TestExecutionListener [org.springframework.test.context.web.ServletTestExecutionListener]. Specify custom listener classes or make the default listener classes (and their required dependencies) available. Offending class: [javax/servlet/ServletContext]
[INFO ] main org.springframework.test.context.support.AbstractTestContextBootstrapper.getTestExecutionListeners(AbstractTestContextBootstrapper.java:184) 2020-11-12 11:05:15,691 166ms:Using TestExecutionListeners: [org.springframework.test.context.support.DirtiesContextBeforeModesTestExecutionListener@6c3152, org.springframework.test.context.support.DependencyInjectionTestExecutionListener@b494a6, org.springframework.test.context.support.DirtiesContextTestExecutionListener@ef309d, org.springframework.test.context.transaction.TransactionalTestExecutionListener@709393, org.springframework.test.context.jdbc.SqlScriptsTestExecutionListener@199d22e]
[DEBUG] main org.springframework.test.annotation.ProfileValueUtils.retrieveProfileValueSource(ProfileValueUtils.java:70) 2020-11-12 11:05:15,697 172ms:Retrieved @ProfileValueSourceConfiguration [null] for test class [com.itheima.TestTransfer]
[DEBUG] main org.springframework.test.annotation.ProfileValueUtils.retrieveProfileValueSource(ProfileValueUtils.java:83) 2020-11-12 11:05:15,700 175ms:Retrieved ProfileValueSource type [class org.springframework.test.annotation.SystemProfileValueSource] for class [com.itheima.TestTransfer]
[DEBUG] main org.springframework.test.annotation.ProfileValueUtils.retrieveProfileValueSource(ProfileValueUtils.java:70) 2020-11-12 11:05:15,704 179ms:Retrieved @ProfileValueSourceConfiguration [null] for test class [com.itheima.TestTransfer]
[DEBUG] main org.springframework.test.annotation.ProfileValueUtils.retrieveProfileValueSource(ProfileValueUtils.java:83) 2020-11-12 11:05:15,704 179ms:Retrieved ProfileValueSource type [class org.springframework.test.annotation.SystemProfileValueSource] for class [com.itheima.TestTransfer]
[DEBUG] main org.springframework.test.context.support.AbstractDirtiesContextTestExecutionListener.beforeOrAfterTestClass(AbstractDirtiesContextTestExecutionListener.java:142) 2020-11-12 11:05:15,710 185ms:Before test class: context [DefaultTestContext@176b067 testClass = TestTransfer, testInstance = [null], testMethod = [null], testException = [null], mergedContextConfiguration = [MergedContextConfiguration@17b7b6 testClass = TestTransfer, locations = &apos;{classpath:spring.xml}&apos;, classes = &apos;{}&apos;, contextInitializerClasses = &apos;[]&apos;, activeProfiles = &apos;{}&apos;, propertySourceLocations = &apos;{}&apos;, propertySourceProperties = &apos;{}&apos;, contextCustomizers = set[[empty]], contextLoader = &apos;org.springframework.test.context.support.DelegatingSmartContextLoader&apos;, parent = [null]], attributes = map[[empty]]], class annotated with @DirtiesContext [false] with mode [null].
[DEBUG] main org.springframework.test.annotation.ProfileValueUtils.retrieveProfileValueSource(ProfileValueUtils.java:70) 2020-11-12 11:05:15,711 186ms:Retrieved @ProfileValueSourceConfiguration [null] for test class [com.itheima.TestTransfer]
[DEBUG] main org.springframework.test.annotation.ProfileValueUtils.retrieveProfileValueSource(ProfileValueUtils.java:83) 2020-11-12 11:05:15,712 187ms:Retrieved ProfileValueSource type [class org.springframework.test.annotation.SystemProfileValueSource] for class [com.itheima.TestTransfer]
[DEBUG] main org.springframework.test.context.support.DependencyInjectionTestExecutionListener.prepareTestInstance(DependencyInjectionTestExecutionListener.java:81) 2020-11-12 11:05:15,715 190ms:Performing dependency injection for test context [[DefaultTestContext@176b067 testClass = TestTransfer, testInstance = com.itheima.TestTransfer@1f13d6e, testMethod = [null], testException = [null], mergedContextConfiguration = [MergedContextConfiguration@17b7b6 testClass = TestTransfer, locations = &apos;{classpath:spring.xml}&apos;, classes = &apos;{}&apos;, contextInitializerClasses = &apos;[]&apos;, activeProfiles = &apos;{}&apos;, propertySourceLocations = &apos;{}&apos;, propertySourceProperties = &apos;{}&apos;, contextCustomizers = set[[empty]], contextLoader = &apos;org.springframework.test.context.support.DelegatingSmartContextLoader&apos;, parent = [null]], attributes = map[[empty]]]].
[DEBUG] main org.springframework.test.context.support.AbstractDelegatingSmartContextLoader.delegateLoading(AbstractDelegatingSmartContextLoader.java:107) 2020-11-12 11:05:15,717 192ms:Delegating to GenericXmlContextLoader to load context from [MergedContextConfiguration@17b7b6 testClass = TestTransfer, locations = &apos;{classpath:spring.xml}&apos;, classes = &apos;{}&apos;, contextInitializerClasses = &apos;[]&apos;, activeProfiles = &apos;{}&apos;, propertySourceLocations = &apos;{}&apos;, propertySourceProperties = &apos;{}&apos;, contextCustomizers = set[[empty]], contextLoader = &apos;org.springframework.test.context.support.DelegatingSmartContextLoader&apos;, parent = [null]].
[DEBUG] main org.springframework.test.context.support.AbstractGenericContextLoader.loadContext(AbstractGenericContextLoader.java:109) 2020-11-12 11:05:15,718 193ms:Loading ApplicationContext for merged context configuration [[MergedContextConfiguration@17b7b6 testClass = TestTransfer, locations = &apos;{classpath:spring.xml}&apos;, classes = &apos;{}&apos;, contextInitializerClasses = &apos;[]&apos;, activeProfiles = &apos;{}&apos;, propertySourceLocations = &apos;{}&apos;, propertySourceProperties = &apos;{}&apos;, contextCustomizers = set[[empty]], contextLoader = &apos;org.springframework.test.context.support.DelegatingSmartContextLoader&apos;, parent = [null]]].
[DEBUG] main org.springframework.core.env.MutablePropertySources.addLast(MutablePropertySources.java:109) 2020-11-12 11:05:15,832 307ms:Adding PropertySource &apos;systemProperties&apos; with lowest search precedence
[DEBUG] main org.springframework.core.env.MutablePropertySources.addLast(MutablePropertySources.java:109) 2020-11-12 11:05:15,834 309ms:Adding PropertySource &apos;systemEnvironment&apos; with lowest search precedence
[DEBUG] main org.springframework.core.env.AbstractEnvironment.&lt;init&gt;(AbstractEnvironment.java:125) 2020-11-12 11:05:15,834 309ms:Initialized StandardEnvironment with PropertySources [MapPropertySource@5342653 {name=&apos;systemProperties&apos;, properties={java.runtime.name=Java(TM) SE Runtime Environment, sun.boot.library.path=C:\Program Files (x86)\Java\jdk1.8.0_171\jre\bin, java.vm.version=25.171-b11, java.vm.vendor=Oracle Corporation, java.vendor.url=http://java.oracle.com/, path.separator=;, java.vm.name=Java HotSpot(TM) Client VM, file.encoding.pkg=sun.io, user.country=CN, user.script=, sun.java.launcher=SUN_STANDARD, sun.os.patch.level=, java.vm.specification.name=Java Virtual Machine Specification, user.dir=C:\JavaEE_Relation\JavaEE104\itheima104_spring\day46_04_transfer_v1, java.runtime.version=1.8.0_171-b11, basedir=C:\JavaEE_Relation\JavaEE104\itheima104_spring\day46_04_transfer_v1, java.awt.graphicsenv=sun.awt.Win32GraphicsEnvironment, java.endorsed.dirs=C:\Program Files (x86)\Java\jdk1.8.0_171\jre\lib\endorsed, os.arch=x86, surefire.real.class.path=C:\JavaEE_Relation\JavaEE104\itheima104_spring\day46_04_transfer_v1\target\surefire\surefirebooter6416248505256448735.jar, java.io.tmpdir=C:\Users\FANYIX~1\AppData\Local\Temp\, line.separator=
, java.vm.specification.vendor=Oracle Corporation, user.variant=, os.name=Windows 10, sun.jnu.encoding=GBK, java.library.path=C:\Program Files (x86)\Java\jdk1.8.0_171\jre\bin;C:\WINDOWS\Sun\Java\bin;C:\WINDOWS\system32;C:\WINDOWS;C:\Program Files (x86)\Common Files\Oracle\Java\javapath;C:\Windows\system32;C:\Windows;C:\Windows\System32\Wbem;C:\Windows\System32\WindowsPowerShell\v1.0\;C:\Program Files (x86)\NVIDIA Corporation\PhysX\Common;C:\WINDOWS\system32;C:\WINDOWS;C:\WINDOWS\System32\Wbem;C:\WINDOWS\System32\WindowsPowerShell\v1.0\;C:\Program Files\IDM Computer Solutions\UltraEdit;C:\apache-tomcat-8.5.27\bin;C:\WINDOWS\System32\OpenSSH\;C:\Program Files\VanDyke Software\Clients\;C:\Program Files (x86)\MySQL\MySQL Server 5.5\bin;C:\Program Files\Intel\WiFi\bin\;C:\Program Files\Common Files\Intel\WirelessCommon\;C:\software\Git\cmd;C:\software\erl9.3\bin;C:\software\nodejs\;C:\software\VisualSVN Server\bin;C:\software\TortoiseSVN\bin;C:\Program Files\NVIDIA Corporation\NVIDIA NvDLISR;c:\Program Files (x86)\Intel\Intel(R) Management Engine Components\DAL;c:\Program Files\Intel\Intel(R) Management Engine Components\DAL;C:\software\putty\;C:\maven\apache-maven-3.5.2\bin;C:\Program Files (x86)\Java\jdk1.8.0_171\bin;C:\Program Files (x86)\Java\jdk1.8.0_171\jre\bin;C:\software\TortoiseGit\bin;C:\Users\Fanyi Xiao\AppData\Local\Microsoft\WindowsApps;C:\Users\Fanyi Xiao\AppData\Local\Microsoft\WindowsApps;C:\Users\Fanyi Xiao\AppData\Local\BypassRuntm;C:\Users\Fanyi Xiao\AppData\Roaming\npm;C:\software\IntelliJ IDEA 2019.3.2\bin;;C:\software\Microsoft VS Code\bin;., surefire.test.class.path=C:\JavaEE_Relation\JavaEE104\itheima104_spring\day46_04_transfer_v1\target\test-classes;C:\JavaEE_Relation\JavaEE104\itheima104_spring\day46_04_transfer_v1\target\classes;C:\maven\apache-maven-3.5.2\repository\org\springframework\spring-jdbc\5.0.2.RELEASE\spring-jdbc-5.0.2.RELEASE.jar;C:\maven\apache-maven-3.5.2\repository\org\springframework\spring-beans\5.0.2.RELEASE\spring-beans-5.0.2.RELEASE.jar;C:\maven\apache-maven-3.5.2\repository\org\springframework\spring-core\5.0.2.RELEASE\spring-core-5.0.2.RELEASE.jar;C:\maven\apache-maven-3.5.2\repository\org\springframework\spring-jcl\5.0.2.RELEASE\spring-jcl-5.0.2.RELEASE.jar;C:\maven\apache-maven-3.5.2\repository\org\springframework\spring-tx\5.0.2.RELEASE\spring-tx-5.0.2.RELEASE.jar;C:\maven\apache-maven-3.5.2\repository\org\springframework\spring-context\5.0.2.RELEASE\spring-context-5.0.2.RELEASE.jar;C:\maven\apache-maven-3.5.2\repository\org\springframework\spring-aop\5.0.2.RELEASE\spring-aop-5.0.2.RELEASE.jar;C:\maven\apache-maven-3.5.2\repository\org\springframework\spring-expression\5.0.2.RELEASE\spring-expression-5.0.2.RELEASE.jar;C:\maven\apache-maven-3.5.2\repository\log4j\log4j\1.2.12\log4j-1.2.12.jar;C:\maven\apache-maven-3.5.2\repository\org\slf4j\slf4j-api\1.6.6\slf4j-api-1.6.6.jar;C:\maven\apache-maven-3.5.2\repository\org\slf4j\slf4j-log4j12\1.6.6\slf4j-log4j12-1.6.6.jar;C:\maven\apache-maven-3.5.2\repository\org\mybatis\mybatis-spring\1.3.0\mybatis-spring-1.3.0.jar;C:\maven\apache-maven-3.5.2\repository\org\mybatis\mybatis\3.5.3\mybatis-3.5.3.jar;C:\maven\apache-maven-3.5.2\repository\org\projectlombok\lombok\1.18.10\lombok-1.18.10.jar;C:\maven\apache-maven-3.5.2\repository\junit\junit\4.12\junit-4.12.jar;C:\maven\apache-maven-3.5.2\repository\org\hamcrest\hamcrest-core\1.3\hamcrest-core-1.3.jar;C:\maven\apache-maven-3.5.2\repository\mysql\mysql-connector-java\5.1.6\mysql-connector-java-5.1.6.jar;C:\maven\apache-maven-3.5.2\repository\org\springframework\spring-test\5.0.2.RELEASE\spring-test-5.0.2.RELEASE.jar;C:\maven\apache-maven-3.5.2\repository\com\alibaba\druid\1.0.9\druid-1.0.9.jar;C:\Program Files (x86)\Java\jdk1.8.0_171\jre\..\lib\jconsole.jar;C:\Program Files (x86)\Java\jdk1.8.0_171\jre\..\lib\tools.jar;, java.specification.name=Java Platform API Specification, java.class.version=52.0, sun.management.compiler=HotSpot Client Compiler, maven.repo.local=C:\maven\apache-maven-3.5.2\repository, os.version=10.0, idea.version2019.3.2=true, user.home=C:\Users\Fanyi Xiao, user.timezone=Asia/Shanghai, java.awt.printerjob=sun.awt.windows.WPrinterJob, file.encoding=GBK, java.specification.version=1.8, java.class.path=C:\JavaEE_Relation\JavaEE104\itheima104_spring\day46_04_transfer_v1\target\test-classes;C:\JavaEE_Relation\JavaEE104\itheima104_spring\day46_04_transfer_v1\target\classes;C:\maven\apache-maven-3.5.2\repository\org\springframework\spring-jdbc\5.0.2.RELEASE\spring-jdbc-5.0.2.RELEASE.jar;C:\maven\apache-maven-3.5.2\repository\org\springframework\spring-beans\5.0.2.RELEASE\spring-beans-5.0.2.RELEASE.jar;C:\maven\apache-maven-3.5.2\repository\org\springframework\spring-core\5.0.2.RELEASE\spring-core-5.0.2.RELEASE.jar;C:\maven\apache-maven-3.5.2\repository\org\springframework\spring-jcl\5.0.2.RELEASE\spring-jcl-5.0.2.RELEASE.jar;C:\maven\apache-maven-3.5.2\repository\org\springframework\spring-tx\5.0.2.RELEASE\spring-tx-5.0.2.RELEASE.jar;C:\maven\apache-maven-3.5.2\repository\org\springframework\spring-context\5.0.2.RELEASE\spring-context-5.0.2.RELEASE.jar;C:\maven\apache-maven-3.5.2\repository\org\springframework\spring-aop\5.0.2.RELEASE\spring-aop-5.0.2.RELEASE.jar;C:\maven\apache-maven-3.5.2\repository\org\springframework\spring-expression\5.0.2.RELEASE\spring-expression-5.0.2.RELEASE.jar;C:\maven\apache-maven-3.5.2\repository\log4j\log4j\1.2.12\log4j-1.2.12.jar;C:\maven\apache-maven-3.5.2\repository\org\slf4j\slf4j-api\1.6.6\slf4j-api-1.6.6.jar;C:\maven\apache-maven-3.5.2\repository\org\slf4j\slf4j-log4j12\1.6.6\slf4j-log4j12-1.6.6.jar;C:\maven\apache-maven-3.5.2\repository\org\mybatis\mybatis-spring\1.3.0\mybatis-spring-1.3.0.jar;C:\maven\apache-maven-3.5.2\repository\org\mybatis\mybatis\3.5.3\mybatis-3.5.3.jar;C:\maven\apache-maven-3.5.2\repository\org\projectlombok\lombok\1.18.10\lombok-1.18.10.jar;C:\maven\apache-maven-3.5.2\repository\junit\junit\4.12\junit-4.12.jar;C:\maven\apache-maven-3.5.2\repository\org\hamcrest\hamcrest-core\1.3\hamcrest-core-1.3.jar;C:\maven\apache-maven-3.5.2\repository\mysql\mysql-connector-java\5.1.6\mysql-connector-java-5.1.6.jar;C:\maven\apache-maven-3.5.2\repository\org\springframework\spring-test\5.0.2.RELEASE\spring-test-5.0.2.RELEASE.jar;C:\maven\apache-maven-3.5.2\repository\com\alibaba\druid\1.0.9\druid-1.0.9.jar;C:\Program Files (x86)\Java\jdk1.8.0_171\jre\..\lib\jconsole.jar;C:\Program Files (x86)\Java\jdk1.8.0_171\jre\..\lib\tools.jar;, user.name=Fanyi Xiao, java.vm.specification.version=1.8, sun.java.command=C:\JavaEE_Relation\JavaEE104\itheima104_spring\day46_04_transfer_v1\target\surefire\surefirebooter6416248505256448735.jar C:\JavaEE_Relation\JavaEE104\itheima104_spring\day46_04_transfer_v1\target\surefire\surefire4972494337916295740tmp C:\JavaEE_Relation\JavaEE104\itheima104_spring\day46_04_transfer_v1\target\surefire\surefire_01498149919105025150tmp, java.home=C:\Program Files (x86)\Java\jdk1.8.0_171\jre, sun.arch.data.model=32, user.language=zh, java.specification.vendor=Oracle Corporation, awt.toolkit=sun.awt.windows.WToolkit, java.vm.info=mixed mode, java.version=1.8.0_171, java.ext.dirs=C:\Program Files (x86)\Java\jdk1.8.0_171\jre\lib\ext;C:\WINDOWS\Sun\Java\lib\ext, sun.boot.class.path=C:\Program Files (x86)\Java\jdk1.8.0_171\jre\lib\resources.jar;C:\Program Files (x86)\Java\jdk1.8.0_171\jre\lib\rt.jar;C:\Program Files (x86)\Java\jdk1.8.0_171\jre\lib\sunrsasign.jar;C:\Program Files (x86)\Java\jdk1.8.0_171\jre\lib\jsse.jar;C:\Program Files (x86)\Java\jdk1.8.0_171\jre\lib\jce.jar;C:\Program Files (x86)\Java\jdk1.8.0_171\jre\lib\charsets.jar;C:\Program Files (x86)\Java\jdk1.8.0_171\jre\lib\jfr.jar;C:\Program Files (x86)\Java\jdk1.8.0_171\jre\classes, java.vendor=Oracle Corporation, localRepository=C:\maven\apache-maven-3.5.2\repository, file.separator=\, java.vendor.url.bug=http://bugreport.sun.com/bugreport/, sun.io.unicode.encoding=UnicodeLittle, sun.cpu.endian=little, sun.desktop=windows, sun.cpu.isalist=pentium_pro+mmx pentium_pro pentium+mmx pentium i486 i386 i86}}, SystemEnvironmentPropertySource@12533012 {name=&apos;systemEnvironment&apos;, properties={PATH=C:\Program Files (x86)\Common Files\Oracle\Java\javapath;C:\Windows\system32;C:\Windows;C:\Windows\System32\Wbem;C:\Windows\System32\WindowsPowerShell\v1.0\;C:\Program Files (x86)\NVIDIA Corporation\PhysX\Common;C:\WINDOWS\system32;C:\WINDOWS;C:\WINDOWS\System32\Wbem;C:\WINDOWS\System32\WindowsPowerShell\v1.0\;C:\Program Files\IDM Computer Solutions\UltraEdit;C:\apache-tomcat-8.5.27\bin;C:\WINDOWS\System32\OpenSSH\;C:\Program Files\VanDyke Software\Clients\;C:\Program Files (x86)\MySQL\MySQL Server 5.5\bin;C:\Program Files\Intel\WiFi\bin\;C:\Program Files\Common Files\Intel\WirelessCommon\;C:\software\Git\cmd;C:\software\erl9.3\bin;C:\software\nodejs\;C:\software\VisualSVN Server\bin;C:\software\TortoiseSVN\bin;C:\Program Files\NVIDIA Corporation\NVIDIA NvDLISR;c:\Program Files (x86)\Intel\Intel(R) Management Engine Components\DAL;c:\Program Files\Intel\Intel(R) Management Engine Components\DAL;C:\software\putty\;C:\maven\apache-maven-3.5.2\bin;C:\Program Files (x86)\Java\jdk1.8.0_171\bin;C:\Program Files (x86)\Java\jdk1.8.0_171\jre\bin;C:\software\TortoiseGit\bin;C:\Users\Fanyi Xiao\AppData\Local\Microsoft\WindowsApps;C:\Users\Fanyi Xiao\AppData\Local\Microsoft\WindowsApps;C:\Users\Fanyi Xiao\AppData\Local\BypassRuntm;C:\Users\Fanyi Xiao\AppData\Roaming\npm;C:\software\IntelliJ IDEA 2019.3.2\bin;;C:\software\Microsoft VS Code\bin, USERDOMAIN_ROAMINGPROFILE=LAPTOP-IMF9CK3L, PROCESSOR_LEVEL=6, SYSTEMDRIVE=C:, SESSIONNAME=Console, ALLUSERSPROFILE=C:\ProgramData, PROCESSOR_ARCHITECTURE=x86, DRIVERDATA=C:\Windows\System32\Drivers\DriverData, MAVEN_HOME=C:\maven\apache-maven-3.5.2, PROGRAMFILES=C:\Program Files (x86), MOZ_PLUGIN_PATH=C:\PROGRAM FILES (X86)\FOXIT SOFTWARE\FOXIT PHANTOMPDF\plugins\, PSMODULEPATH=C:\Program Files\WindowsPowerShell\Modules;C:\WINDOWS\system32\WindowsPowerShell\v1.0\Modules;C:\software\VisualSVN Server\PowerShellModules, PROGRAMDATA=C:\ProgramData, USERNAME=Fanyi Xiao, VISUALSVN_SERVER=C:\software\VisualSVN Server\, FPS_BROWSER_USER_PROFILE_STRING=Default, ONEDRIVE=C:\Users\Fanyi Xiao\OneDrive, CONFIGSETROOT=C:\WINDOWS\ConfigSetRoot, PATHEXT=.COM;.EXE;.BAT;.CMD;.VBS;.VBE;.JS;.JSE;.WSF;.WSH;.MSC, PROCESSOR_ARCHITEW6432=AMD64, WINDIR=C:\WINDOWS, HOMEPATH=\Users\Fanyi Xiao, PROCESSOR_IDENTIFIER=Intel64 Family 6 Model 94 Stepping 3, GenuineIntel, PUBLIC=C:\Users\Public, =::=::\, LOCALAPPDATA=C:\Users\Fanyi Xiao\AppData\Local, COMMONPROGRAMFILES(X86)=C:\Program Files (x86)\Common Files, USERDOMAIN=LAPTOP-IMF9CK3L, FPS_BROWSER_APP_PROFILE_STRING=Internet Explorer, LOGONSERVER=\\LAPTOP-IMF9CK3L, JAVA_HOME=C:\Program Files (x86)\Java\jdk1.8.0_171, PROMPT=$P$G, PROGRAMFILES(X86)=C:\Program Files (x86), ASL.LOG=Destination=file, INTELLIJ IDEA=C:\software\IntelliJ IDEA 2019.3.2\bin;, ERLANG_HOME=C:\software\erl9.3, =C:=C:\JavaEE_Relation\JavaEE104\itheima104_spring\day46_04_transfer_v1, APPDATA=C:\Users\Fanyi Xiao\AppData\Roaming, PROGRAMW6432=C:\Program Files, SYSTEMROOT=C:\WINDOWS, OS=Windows_NT, COMMONPROGRAMW6432=C:\Program Files\Common Files, COMPUTERNAME=LAPTOP-IMF9CK3L, COMMONPROGRAMFILES=C:\Program Files (x86)\Common Files, COMSPEC=C:\WINDOWS\system32\cmd.exe, PROCESSOR_REVISION=5e03, CLASSPATH=.;C:\Program Files (x86)\Java\jdk1.8.0_171\lib;C:\Program Files (x86)\Java\jdk1.8.0_171\lib\dt.jar;C:\Program Files (x86)\Java\jdk1.8.0_171\lib\tools.jar, WXDRIVE_START_ARGS=--wxdrive-setting=0 --disable-gpu --disable-software-rasterizer --enable-features=NetworkServiceInProcess, TEMP=C:\Users\FANYIX~1\AppData\Local\Temp, HOMEDRIVE=C:, USERPROFILE=C:\Users\Fanyi Xiao, TMP=C:\Users\FANYIX~1\AppData\Local\Temp, NUMBER_OF_PROCESSORS=8, IDEA_INITIAL_DIRECTORY=C:\Users\Fanyi Xiao\Desktop}}]
[INFO ] main org.springframework.beans.factory.xml.XmlBeanDefinitionReader.loadBeanDefinitions(XmlBeanDefinitionReader.java:316) 2020-11-12 11:05:15,849 324ms:Loading XML bean definitions from class path resource [spring.xml]
[DEBUG] main org.springframework.beans.factory.xml.DefaultDocumentLoader.loadDocument(DefaultDocumentLoader.java:74) 2020-11-12 11:05:15,887 362ms:Using JAXP provider [com.sun.org.apache.xerces.internal.jaxp.DocumentBuilderFactoryImpl]
[DEBUG] main org.springframework.beans.factory.xml.PluggableSchemaResolver.getSchemaMappings(PluggableSchemaResolver.java:147) 2020-11-12 11:05:15,933 408ms:Loading schema mappings from [META-INF/spring.schemas]
[DEBUG] main org.springframework.beans.factory.xml.PluggableSchemaResolver.getSchemaMappings(PluggableSchemaResolver.java:153) 2020-11-12 11:05:15,937 412ms:Loaded schema mappings: {http://www.springframework.org/schema/tx/spring-tx-2.5.xsd=org/springframework/transaction/config/spring-tx.xsd, http://www.springframework.org/schema/tx/spring-tx-4.3.xsd=org/springframework/transaction/config/spring-tx.xsd, http://www.springframework.org/schema/cache/spring-cache-4.2.xsd=org/springframework/cache/config/spring-cache.xsd, http://www.springframework.org/schema/aop/spring-aop-4.1.xsd=org/springframework/aop/config/spring-aop.xsd, http://www.springframework.org/schema/context/spring-context-3.1.xsd=org/springframework/context/config/spring-context.xsd, http://www.springframework.org/schema/jdbc/spring-jdbc-4.1.xsd=org/springframework/jdbc/config/spring-jdbc.xsd, http://www.springframework.org/schema/util/spring-util-3.0.xsd=org/springframework/beans/factory/xml/spring-util.xsd, http://mybatis.org/schema/mybatis-spring-1.2.xsd=org/mybatis/spring/config/mybatis-spring-1.2.xsd, http://www.springframework.org/schema/aop/spring-aop-3.2.xsd=org/springframework/aop/config/spring-aop.xsd, http://www.springframework.org/schema/tool/spring-tool.xsd=org/springframework/beans/factory/xml/spring-tool.xsd, http://www.springframework.org/schema/lang/spring-lang-4.1.xsd=org/springframework/scripting/config/spring-lang.xsd, http://www.springframework.org/schema/context/spring-context-4.0.xsd=org/springframework/context/config/spring-context.xsd, http://www.springframework.org/schema/beans/spring-beans-4.2.xsd=org/springframework/beans/factory/xml/spring-beans.xsd, http://www.springframework.org/schema/tool/spring-tool-4.1.xsd=org/springframework/beans/factory/xml/spring-tool.xsd, http://www.springframework.org/schema/lang/spring-lang-3.2.xsd=org/springframework/scripting/config/spring-lang.xsd, http://www.springframework.org/schema/cache/spring-cache-3.2.xsd=org/springframework/cache/config/spring-cache.xsd, http://www.springframework.org/schema/jee/spring-jee-4.1.xsd=org/springframework/ejb/config/spring-jee.xsd, http://www.springframework.org/schema/jdbc/spring-jdbc-3.1.xsd=org/springframework/jdbc/config/spring-jdbc.xsd, http://www.springframework.org/schema/task/spring-task-4.2.xsd=org/springframework/scheduling/config/spring-task.xsd, http://www.springframework.org/schema/util/spring-util-2.0.xsd=org/springframework/beans/factory/xml/spring-util.xsd, http://www.springframework.org/schema/tool/spring-tool-3.2.xsd=org/springframework/beans/factory/xml/spring-tool.xsd, http://www.springframework.org/schema/context/spring-context.xsd=org/springframework/context/config/spring-context.xsd, http://www.springframework.org/schema/tx/spring-tx-4.2.xsd=org/springframework/transaction/config/spring-tx.xsd, http://www.springframework.org/schema/cache/spring-cache-4.1.xsd=org/springframework/cache/config/spring-cache.xsd, http://www.springframework.org/schema/aop/spring-aop-4.0.xsd=org/springframework/aop/config/spring-aop.xsd, http://www.springframework.org/schema/jee/spring-jee-3.2.xsd=org/springframework/ejb/config/spring-jee.xsd, http://www.springframework.org/schema/context/spring-context-3.0.xsd=org/springframework/context/config/spring-context.xsd, http://www.springframework.org/schema/jdbc/spring-jdbc-4.0.xsd=org/springframework/jdbc/config/spring-jdbc.xsd, http://www.springframework.org/schema/util/spring-util-2.5.xsd=org/springframework/beans/factory/xml/spring-util.xsd, http://www.springframework.org/schema/util/spring-util-4.3.xsd=org/springframework/beans/factory/xml/spring-util.xsd, http://www.springframework.org/schema/beans/spring-beans-3.2.xsd=org/springframework/beans/factory/xml/spring-beans.xsd, http://www.springframework.org/schema/aop/spring-aop-3.1.xsd=org/springframework/aop/config/spring-aop.xsd, http://www.springframework.org/schema/lang/spring-lang-4.0.xsd=org/springframework/scripting/config/spring-lang.xsd, http://www.springframework.org/schema/beans/spring-beans-4.1.xsd=org/springframework/beans/factory/xml/spring-beans.xsd, http://www.springframework.org/schema/tool/spring-tool-4.0.xsd=org/springframework/beans/factory/xml/spring-tool.xsd, http://www.springframework.org/schema/lang/spring-lang-3.1.xsd=org/springframework/scripting/config/spring-lang.xsd, http://www.springframework.org/schema/tx/spring-tx-3.2.xsd=org/springframework/transaction/config/spring-tx.xsd, http://www.springframework.org/schema/cache/spring-cache-3.1.xsd=org/springframework/cache/config/spring-cache.xsd, http://www.springframework.org/schema/jee/spring-jee-4.0.xsd=org/springframework/ejb/config/spring-jee.xsd, http://www.springframework.org/schema/jdbc/spring-jdbc-3.0.xsd=org/springframework/jdbc/config/spring-jdbc.xsd, http://www.springframework.org/schema/task/spring-task-4.1.xsd=org/springframework/scheduling/config/spring-task.xsd, http://www.springframework.org/schema/jdbc/spring-jdbc.xsd=org/springframework/jdbc/config/spring-jdbc.xsd, http://www.springframework.org/schema/tool/spring-tool-3.1.xsd=org/springframework/beans/factory/xml/spring-tool.xsd, http://www.springframework.org/schema/tx/spring-tx-4.1.xsd=org/springframework/transaction/config/spring-tx.xsd, http://www.springframework.org/schema/cache/spring-cache-4.0.xsd=org/springframework/cache/config/spring-cache.xsd, http://www.springframework.org/schema/jee/spring-jee-3.1.xsd=org/springframework/ejb/config/spring-jee.xsd, http://www.springframework.org/schema/task/spring-task-3.2.xsd=org/springframework/scheduling/config/spring-task.xsd, http://www.springframework.org/schema/util/spring-util-4.2.xsd=org/springframework/beans/factory/xml/spring-util.xsd, http://www.springframework.org/schema/beans/spring-beans-3.1.xsd=org/springframework/beans/factory/xml/spring-beans.xsd, http://www.springframework.org/schema/util/spring-util.xsd=org/springframework/beans/factory/xml/spring-util.xsd, http://www.springframework.org/schema/aop/spring-aop-3.0.xsd=org/springframework/aop/config/spring-aop.xsd, http://www.springframework.org/schema/beans/spring-beans-4.0.xsd=org/springframework/beans/factory/xml/spring-beans.xsd, http://www.springframework.org/schema/beans/spring-beans.xsd=org/springframework/beans/factory/xml/spring-beans.xsd, http://mybatis.org/schema/mybatis-spring.xsd=org/mybatis/spring/config/mybatis-spring-1.2.xsd, http://www.springframework.org/schema/lang/spring-lang-3.0.xsd=org/springframework/scripting/config/spring-lang.xsd, http://www.springframework.org/schema/tx/spring-tx-3.1.xsd=org/springframework/transaction/config/spring-tx.xsd, http://www.springframework.org/schema/context/spring-context-2.5.xsd=org/springframework/context/config/spring-context.xsd, http://www.springframework.org/schema/context/spring-context-4.3.xsd=org/springframework/context/config/spring-context.xsd, http://www.springframework.org/schema/task/spring-task-4.0.xsd=org/springframework/scheduling/config/spring-task.xsd, http://www.springframework.org/schema/tool/spring-tool-3.0.xsd=org/springframework/beans/factory/xml/spring-tool.xsd, http://www.springframework.org/schema/tx/spring-tx-4.0.xsd=org/springframework/transaction/config/spring-tx.xsd, http://www.springframework.org/schema/aop/spring-aop-2.0.xsd=org/springframework/aop/config/spring-aop.xsd, http://www.springframework.org/schema/jee/spring-jee-3.0.xsd=org/springframework/ejb/config/spring-jee.xsd, http://www.springframework.org/schema/task/spring-task-3.1.xsd=org/springframework/scheduling/config/spring-task.xsd, http://www.springframework.org/schema/util/spring-util-4.1.xsd=org/springframework/beans/factory/xml/spring-util.xsd, http://www.springframework.org/schema/beans/spring-beans-3.0.xsd=org/springframework/beans/factory/xml/spring-beans.xsd, http://www.springframework.org/schema/jee/spring-jee.xsd=org/springframework/ejb/config/spring-jee.xsd, http://www.springframework.org/schema/aop/spring-aop-4.3.xsd=org/springframework/aop/config/spring-aop.xsd, http://www.springframework.org/schema/aop/spring-aop-2.5.xsd=org/springframework/aop/config/spring-aop.xsd, http://www.springframework.org/schema/lang/spring-lang-2.0.xsd=org/springframework/scripting/config/spring-lang.xsd, http://www.springframework.org/schema/jdbc/spring-jdbc-4.3.xsd=org/springframework/jdbc/config/spring-jdbc.xsd, http://www.springframework.org/schema/util/spring-util-3.2.xsd=org/springframework/beans/factory/xml/spring-util.xsd, http://www.springframework.org/schema/task/spring-task.xsd=org/springframework/scheduling/config/spring-task.xsd, http://www.springframework.org/schema/tool/spring-tool-2.0.xsd=org/springframework/beans/factory/xml/spring-tool.xsd, http://www.springframework.org/schema/lang/spring-lang-4.3.xsd=org/springframework/scripting/config/spring-lang.xsd, http://www.springframework.org/schema/tx/spring-tx-3.0.xsd=org/springframework/transaction/config/spring-tx.xsd, http://www.springframework.org/schema/lang/spring-lang-2.5.xsd=org/springframework/scripting/config/spring-lang.xsd, http://www.springframework.org/schema/context/spring-context-4.2.xsd=org/springframework/context/config/spring-context.xsd, http://www.springframework.org/schema/jee/spring-jee-2.0.xsd=org/springframework/ejb/config/spring-jee.xsd, http://www.springframework.org/schema/tool/spring-tool-4.3.xsd=org/springframework/beans/factory/xml/spring-tool.xsd, http://www.springframework.org/schema/tool/spring-tool-2.5.xsd=org/springframework/beans/factory/xml/spring-tool.xsd, http://www.springframework.org/schema/jee/spring-jee-4.3.xsd=org/springframework/ejb/config/spring-jee.xsd, http://www.springframework.org/schema/jee/spring-jee-2.5.xsd=org/springframework/ejb/config/spring-jee.xsd, http://www.springframework.org/schema/task/spring-task-3.0.xsd=org/springframework/scheduling/config/spring-task.xsd, http://www.springframework.org/schema/util/spring-util-4.0.xsd=org/springframework/beans/factory/xml/spring-util.xsd, http://www.springframework.org/schema/cache/spring-cache-4.3.xsd=org/springframework/cache/config/spring-cache.xsd, http://www.springframework.org/schema/aop/spring-aop-4.2.xsd=org/springframework/aop/config/spring-aop.xsd, http://www.springframework.org/schema/lang/spring-lang.xsd=org/springframework/scripting/config/spring-lang.xsd, http://www.springframework.org/schema/context/spring-context-3.2.xsd=org/springframework/context/config/spring-context.xsd, http://www.springframework.org/schema/jdbc/spring-jdbc-4.2.xsd=org/springframework/jdbc/config/spring-jdbc.xsd, http://www.springframework.org/schema/util/spring-util-3.1.xsd=org/springframework/beans/factory/xml/spring-util.xsd, http://www.springframework.org/schema/beans/spring-beans-2.0.xsd=org/springframework/beans/factory/xml/spring-beans.xsd, http://www.springframework.org/schema/cache/spring-cache.xsd=org/springframework/cache/config/spring-cache.xsd, http://www.springframework.org/schema/tx/spring-tx.xsd=org/springframework/transaction/config/spring-tx.xsd, http://www.springframework.org/schema/lang/spring-lang-4.2.xsd=org/springframework/scripting/config/spring-lang.xsd, http://www.springframework.org/schema/context/spring-context-4.1.xsd=org/springframework/context/config/spring-context.xsd, http://www.springframework.org/schema/beans/spring-beans-2.5.xsd=org/springframework/beans/factory/xml/spring-beans.xsd, http://www.springframework.org/schema/beans/spring-beans-4.3.xsd=org/springframework/beans/factory/xml/spring-beans.xsd, http://www.springframework.org/schema/tool/spring-tool-4.2.xsd=org/springframework/beans/factory/xml/spring-tool.xsd, http://www.springframework.org/schema/tx/spring-tx-2.0.xsd=org/springframework/transaction/config/spring-tx.xsd, http://www.springframework.org/schema/jee/spring-jee-4.2.xsd=org/springframework/ejb/config/spring-jee.xsd, http://www.springframework.org/schema/jdbc/spring-jdbc-3.2.xsd=org/springframework/jdbc/config/spring-jdbc.xsd, http://www.springframework.org/schema/aop/spring-aop.xsd=org/springframework/aop/config/spring-aop.xsd, http://www.springframework.org/schema/task/spring-task-4.3.xsd=org/springframework/scheduling/config/spring-task.xsd}
[DEBUG] main org.springframework.beans.factory.xml.PluggableSchemaResolver.resolveEntity(PluggableSchemaResolver.java:123) 2020-11-12 11:05:15,939 414ms:Found XML schema [http://www.springframework.org/schema/beans/spring-beans.xsd] in classpath: org/springframework/beans/factory/xml/spring-beans.xsd
[DEBUG] main org.springframework.beans.factory.xml.PluggableSchemaResolver.resolveEntity(PluggableSchemaResolver.java:123) 2020-11-12 11:05:16,008 483ms:Found XML schema [http://www.springframework.org/schema/context/spring-context.xsd] in classpath: org/springframework/context/config/spring-context.xsd
[DEBUG] main org.springframework.beans.factory.xml.PluggableSchemaResolver.resolveEntity(PluggableSchemaResolver.java:123) 2020-11-12 11:05:16,015 490ms:Found XML schema [http://www.springframework.org/schema/tool/spring-tool.xsd] in classpath: org/springframework/beans/factory/xml/spring-tool.xsd
[DEBUG] main org.springframework.beans.factory.xml.DefaultBeanDefinitionDocumentReader.registerBeanDefinitions(DefaultBeanDefinitionDocumentReader.java:96) 2020-11-12 11:05:16,025 500ms:Loading bean definitions
[DEBUG] main org.springframework.beans.factory.xml.DefaultNamespaceHandlerResolver.getHandlerMappings(DefaultNamespaceHandlerResolver.java:163) 2020-11-12 11:05:16,040 515ms:Loaded NamespaceHandler mappings: {http://www.springframework.org/schema/p=org.springframework.beans.factory.xml.SimplePropertyNamespaceHandler, http://www.springframework.org/schema/util=org.springframework.beans.factory.xml.UtilNamespaceHandler, http://www.springframework.org/schema/jee=org.springframework.ejb.config.JeeNamespaceHandler, http://www.springframework.org/schema/aop=org.springframework.aop.config.AopNamespaceHandler, http://www.springframework.org/schema/jdbc=org.springframework.jdbc.config.JdbcNamespaceHandler, http://www.springframework.org/schema/cache=org.springframework.cache.config.CacheNamespaceHandler, http://mybatis.org/schema/mybatis-spring=org.mybatis.spring.config.NamespaceHandler, http://www.springframework.org/schema/c=org.springframework.beans.factory.xml.SimpleConstructorNamespaceHandler, http://www.springframework.org/schema/tx=org.springframework.transaction.config.TxNamespaceHandler, http://www.springframework.org/schema/task=org.springframework.scheduling.config.TaskNamespaceHandler, http://www.springframework.org/schema/lang=org.springframework.scripting.config.LangNamespaceHandler, http://www.springframework.org/schema/context=org.springframework.context.config.ContextNamespaceHandler}
[DEBUG] main org.springframework.core.io.support.PathMatchingResourcePatternResolver.findAllClassPathResources(PathMatchingResourcePatternResolver.java:321) 2020-11-12 11:05:16,080 555ms:Resolved classpath location [com/itheima/] to resources [URL [file:/C:/JavaEE_Relation/JavaEE104/itheima104_spring/day46_04_transfer_v1/target/test-classes/com/itheima/], URL [file:/C:/JavaEE_Relation/JavaEE104/itheima104_spring/day46_04_transfer_v1/target/classes/com/itheima/]]
[DEBUG] main org.springframework.core.io.support.PathMatchingResourcePatternResolver.doFindMatchingFileSystemResources(PathMatchingResourcePatternResolver.java:723) 2020-11-12 11:05:16,082 557ms:Looking for matching resources in directory tree [C:\JavaEE_Relation\JavaEE104\itheima104_spring\day46_04_transfer_v1\target\test-classes\com\itheima]
[DEBUG] main org.springframework.core.io.support.PathMatchingResourcePatternResolver.doRetrieveMatchingFiles(PathMatchingResourcePatternResolver.java:785) 2020-11-12 11:05:16,083 558ms:Searching directory [C:\JavaEE_Relation\JavaEE104\itheima104_spring\day46_04_transfer_v1\target\test-classes\com\itheima] for files matching pattern [C:/JavaEE_Relation/JavaEE104/itheima104_spring/day46_04_transfer_v1/target/test-classes/com/itheima/**/*.class]
[DEBUG] main org.springframework.core.io.support.PathMatchingResourcePatternResolver.doFindMatchingFileSystemResources(PathMatchingResourcePatternResolver.java:723) 2020-11-12 11:05:16,087 562ms:Looking for matching resources in directory tree [C:\JavaEE_Relation\JavaEE104\itheima104_spring\day46_04_transfer_v1\target\classes\com\itheima]
[DEBUG] main org.springframework.core.io.support.PathMatchingResourcePatternResolver.doRetrieveMatchingFiles(PathMatchingResourcePatternResolver.java:785) 2020-11-12 11:05:16,087 562ms:Searching directory [C:\JavaEE_Relation\JavaEE104\itheima104_spring\day46_04_transfer_v1\target\classes\com\itheima] for files matching pattern [C:/JavaEE_Relation/JavaEE104/itheima104_spring/day46_04_transfer_v1/target/classes/com/itheima/**/*.class]
[DEBUG] main org.springframework.core.io.support.PathMatchingResourcePatternResolver.doRetrieveMatchingFiles(PathMatchingResourcePatternResolver.java:785) 2020-11-12 11:05:16,092 567ms:Searching directory [C:\JavaEE_Relation\JavaEE104\itheima104_spring\day46_04_transfer_v1\target\classes\com\itheima\controller] for files matching pattern [C:/JavaEE_Relation/JavaEE104/itheima104_spring/day46_04_transfer_v1/target/classes/com/itheima/**/*.class]
[DEBUG] main org.springframework.core.io.support.PathMatchingResourcePatternResolver.doRetrieveMatchingFiles(PathMatchingResourcePatternResolver.java:785) 2020-11-12 11:05:16,093 568ms:Searching directory [C:\JavaEE_Relation\JavaEE104\itheima104_spring\day46_04_transfer_v1\target\classes\com\itheima\dao] for files matching pattern [C:/JavaEE_Relation/JavaEE104/itheima104_spring/day46_04_transfer_v1/target/classes/com/itheima/**/*.class]
[DEBUG] main org.springframework.core.io.support.PathMatchingResourcePatternResolver.doRetrieveMatchingFiles(PathMatchingResourcePatternResolver.java:785) 2020-11-12 11:05:16,094 569ms:Searching directory [C:\JavaEE_Relation\JavaEE104\itheima104_spring\day46_04_transfer_v1\target\classes\com\itheima\pojo] for files matching pattern [C:/JavaEE_Relation/JavaEE104/itheima104_spring/day46_04_transfer_v1/target/classes/com/itheima/**/*.class]
[DEBUG] main org.springframework.core.io.support.PathMatchingResourcePatternResolver.doRetrieveMatchingFiles(PathMatchingResourcePatternResolver.java:785) 2020-11-12 11:05:16,095 570ms:Searching directory [C:\JavaEE_Relation\JavaEE104\itheima104_spring\day46_04_transfer_v1\target\classes\com\itheima\service] for files matching pattern [C:/JavaEE_Relation/JavaEE104/itheima104_spring/day46_04_transfer_v1/target/classes/com/itheima/**/*.class]
[DEBUG] main org.springframework.core.io.support.PathMatchingResourcePatternResolver.doRetrieveMatchingFiles(PathMatchingResourcePatternResolver.java:785) 2020-11-12 11:05:16,096 571ms:Searching directory [C:\JavaEE_Relation\JavaEE104\itheima104_spring\day46_04_transfer_v1\target\classes\com\itheima\service\impl] for files matching pattern [C:/JavaEE_Relation/JavaEE104/itheima104_spring/day46_04_transfer_v1/target/classes/com/itheima/**/*.class]
[DEBUG] main org.springframework.core.io.support.PathMatchingResourcePatternResolver.findPathMatchingResources(PathMatchingResourcePatternResolver.java:516) 2020-11-12 11:05:16,097 572ms:Resolved location pattern [classpath*:com/itheima/**/*.class] to resources [file [C:\JavaEE_Relation\JavaEE104\itheima104_spring\day46_04_transfer_v1\target\test-classes\com\itheima\TestTransfer.class], file [C:\JavaEE_Relation\JavaEE104\itheima104_spring\day46_04_transfer_v1\target\classes\com\itheima\controller\AccountController.class], file [C:\JavaEE_Relation\JavaEE104\itheima104_spring\day46_04_transfer_v1\target\classes\com\itheima\dao\AccountDao.class], file [C:\JavaEE_Relation\JavaEE104\itheima104_spring\day46_04_transfer_v1\target\classes\com\itheima\pojo\Account.class], file [C:\JavaEE_Relation\JavaEE104\itheima104_spring\day46_04_transfer_v1\target\classes\com\itheima\service\AccountService.class], file [C:\JavaEE_Relation\JavaEE104\itheima104_spring\day46_04_transfer_v1\target\classes\com\itheima\service\impl\AccountServiceImpl.class]]
[DEBUG] main org.springframework.context.annotation.ClassPathScanningCandidateComponentProvider.scanCandidateComponents(ClassPathScanningCandidateComponentProvider.java:437) 2020-11-12 11:05:16,150 625ms:Identified candidate component class: file [C:\JavaEE_Relation\JavaEE104\itheima104_spring\day46_04_transfer_v1\target\classes\com\itheima\controller\AccountController.class]
[DEBUG] main org.springframework.context.annotation.ClassPathScanningCandidateComponentProvider.scanCandidateComponents(ClassPathScanningCandidateComponentProvider.java:437) 2020-11-12 11:05:16,156 631ms:Identified candidate component class: file [C:\JavaEE_Relation\JavaEE104\itheima104_spring\day46_04_transfer_v1\target\classes\com\itheima\service\impl\AccountServiceImpl.class]
[INFO ] main org.springframework.beans.factory.xml.XmlBeanDefinitionReader.loadBeanDefinitions(XmlBeanDefinitionReader.java:316) 2020-11-12 11:05:16,222 697ms:Loading XML bean definitions from class path resource [spring-mybatis.xml]
[DEBUG] main org.springframework.beans.factory.xml.DefaultDocumentLoader.loadDocument(DefaultDocumentLoader.java:74) 2020-11-12 11:05:16,225 700ms:Using JAXP provider [com.sun.org.apache.xerces.internal.jaxp.DocumentBuilderFactoryImpl]
[DEBUG] main org.springframework.beans.factory.xml.PluggableSchemaResolver.resolveEntity(PluggableSchemaResolver.java:123) 2020-11-12 11:05:16,227 702ms:Found XML schema [http://www.springframework.org/schema/beans/spring-beans.xsd] in classpath: org/springframework/beans/factory/xml/spring-beans.xsd
[DEBUG] main org.springframework.beans.factory.xml.PluggableSchemaResolver.resolveEntity(PluggableSchemaResolver.java:123) 2020-11-12 11:05:16,245 720ms:Found XML schema [http://www.springframework.org/schema/context/spring-context.xsd] in classpath: org/springframework/context/config/spring-context.xsd
[DEBUG] main org.springframework.beans.factory.xml.PluggableSchemaResolver.resolveEntity(PluggableSchemaResolver.java:123) 2020-11-12 11:05:16,253 728ms:Found XML schema [http://www.springframework.org/schema/tool/spring-tool.xsd] in classpath: org/springframework/beans/factory/xml/spring-tool.xsd
[DEBUG] main org.springframework.beans.factory.xml.DefaultBeanDefinitionDocumentReader.registerBeanDefinitions(DefaultBeanDefinitionDocumentReader.java:96) 2020-11-12 11:05:16,263 738ms:Loading bean definitions
[DEBUG] main org.springframework.beans.factory.support.AbstractBeanDefinitionReader.loadBeanDefinitions(AbstractBeanDefinitionReader.java:230) 2020-11-12 11:05:16,273 748ms:Loaded 4 bean definitions from location pattern [classpath:spring-mybatis.xml]
[DEBUG] main org.springframework.beans.factory.xml.DefaultBeanDefinitionDocumentReader.importBeanDefinitionResource(DefaultBeanDefinitionDocumentReader.java:235) 2020-11-12 11:05:16,274 749ms:Imported 4 bean definitions from URL location [classpath:spring-mybatis.xml]
[DEBUG] main org.springframework.beans.factory.support.AbstractBeanDefinitionReader.loadBeanDefinitions(AbstractBeanDefinitionReader.java:230) 2020-11-12 11:05:16,275 750ms:Loaded 12 bean definitions from location pattern [classpath:spring.xml]
[INFO ] main org.springframework.context.support.AbstractApplicationContext.prepareRefresh(AbstractApplicationContext.java:589) 2020-11-12 11:05:16,278 753ms:Refreshing org.springframework.context.support.GenericApplicationContext@1d677df: startup date [Thu Nov 12 11:05:16 CST 2020]; root of context hierarchy
[DEBUG] main org.springframework.context.support.AbstractApplicationContext.obtainFreshBeanFactory(AbstractApplicationContext.java:623) 2020-11-12 11:05:16,279 754ms:Bean factory for org.springframework.context.support.GenericApplicationContext@1d677df: org.springframework.beans.factory.support.DefaultListableBeanFactory@10d210d: defining beans [accountController,accountServiceImpl,org.springframework.context.annotation.internalConfigurationAnnotationProcessor,org.springframework.context.annotation.internalAutowiredAnnotationProcessor,org.springframework.context.annotation.internalRequiredAnnotationProcessor,org.springframework.context.annotation.internalCommonAnnotationProcessor,org.springframework.context.event.internalEventListenerProcessor,org.springframework.context.event.internalEventListenerFactory,org.springframework.context.support.PropertySourcesPlaceholderConfigurer#0,dataSource,sqlSessionFactoryBean,mapperScannerConfigurer]; root of factory hierarchy
[DEBUG] main org.springframework.beans.factory.support.DefaultSingletonBeanRegistry.getSingleton(DefaultSingletonBeanRegistry.java:219) 2020-11-12 11:05:16,332 807ms:Creating shared instance of singleton bean &apos;org.springframework.context.annotation.internalConfigurationAnnotationProcessor&apos;
[DEBUG] main org.springframework.beans.factory.support.AbstractAutowireCapableBeanFactory.createBean(AbstractAutowireCapableBeanFactory.java:467) 2020-11-12 11:05:16,332 807ms:Creating instance of bean &apos;org.springframework.context.annotation.internalConfigurationAnnotationProcessor&apos;
[DEBUG] main org.springframework.beans.factory.support.AbstractAutowireCapableBeanFactory.doCreateBean(AbstractAutowireCapableBeanFactory.java:573) 2020-11-12 11:05:16,358 833ms:Eagerly caching bean &apos;org.springframework.context.annotation.internalConfigurationAnnotationProcessor&apos; to allow for resolving potential circular references
[DEBUG] main org.springframework.beans.factory.support.AbstractAutowireCapableBeanFactory.createBean(AbstractAutowireCapableBeanFactory.java:504) 2020-11-12 11:05:16,361 836ms:Finished creating instance of bean &apos;org.springframework.context.annotation.internalConfigurationAnnotationProcessor&apos;
[DEBUG] main org.springframework.beans.factory.support.DefaultSingletonBeanRegistry.getSingleton(DefaultSingletonBeanRegistry.java:219) 2020-11-12 11:05:16,426 901ms:Creating shared instance of singleton bean &apos;mapperScannerConfigurer&apos;
[DEBUG] main org.springframework.beans.factory.support.AbstractAutowireCapableBeanFactory.createBean(AbstractAutowireCapableBeanFactory.java:467) 2020-11-12 11:05:16,427 902ms:Creating instance of bean &apos;mapperScannerConfigurer&apos;
[DEBUG] main org.springframework.beans.factory.support.AbstractAutowireCapableBeanFactory.doCreateBean(AbstractAutowireCapableBeanFactory.java:573) 2020-11-12 11:05:16,427 902ms:Eagerly caching bean &apos;mapperScannerConfigurer&apos; to allow for resolving potential circular references
[DEBUG] main org.springframework.beans.factory.support.AbstractAutowireCapableBeanFactory.invokeInitMethods(AbstractAutowireCapableBeanFactory.java:1755) 2020-11-12 11:05:16,468 943ms:Invoking afterPropertiesSet() on bean with name &apos;mapperScannerConfigurer&apos;
[DEBUG] main org.springframework.beans.factory.support.AbstractAutowireCapableBeanFactory.createBean(AbstractAutowireCapableBeanFactory.java:504) 2020-11-12 11:05:16,468 943ms:Finished creating instance of bean &apos;mapperScannerConfigurer&apos;
[DEBUG] main org.springframework.core.env.MutablePropertySources.addLast(MutablePropertySources.java:109) 2020-11-12 11:05:16,470 945ms:Adding PropertySource &apos;systemProperties&apos; with lowest search precedence
[DEBUG] main org.springframework.core.env.MutablePropertySources.addLast(MutablePropertySources.java:109) 2020-11-12 11:05:16,471 946ms:Adding PropertySource &apos;systemEnvironment&apos; with lowest search precedence
[DEBUG] main org.springframework.core.env.AbstractEnvironment.&lt;init&gt;(AbstractEnvironment.java:125) 2020-11-12 11:05:16,474 949ms:Initialized StandardEnvironment with PropertySources [MapPropertySource@21621179 {name=&apos;systemProperties&apos;, properties={java.runtime.name=Java(TM) SE Runtime Environment, sun.boot.library.path=C:\Program Files (x86)\Java\jdk1.8.0_171\jre\bin, java.vm.version=25.171-b11, java.vm.vendor=Oracle Corporation, java.vendor.url=http://java.oracle.com/, path.separator=;, java.vm.name=Java HotSpot(TM) Client VM, file.encoding.pkg=sun.io, user.country=CN, user.script=, sun.java.launcher=SUN_STANDARD, sun.os.patch.level=, java.vm.specification.name=Java Virtual Machine Specification, user.dir=C:\JavaEE_Relation\JavaEE104\itheima104_spring\day46_04_transfer_v1, java.runtime.version=1.8.0_171-b11, basedir=C:\JavaEE_Relation\JavaEE104\itheima104_spring\day46_04_transfer_v1, java.awt.graphicsenv=sun.awt.Win32GraphicsEnvironment, java.endorsed.dirs=C:\Program Files (x86)\Java\jdk1.8.0_171\jre\lib\endorsed, os.arch=x86, surefire.real.class.path=C:\JavaEE_Relation\JavaEE104\itheima104_spring\day46_04_transfer_v1\target\surefire\surefirebooter6416248505256448735.jar, java.io.tmpdir=C:\Users\FANYIX~1\AppData\Local\Temp\, line.separator=
, java.vm.specification.vendor=Oracle Corporation, user.variant=, os.name=Windows 10, sun.jnu.encoding=GBK, java.library.path=C:\Program Files (x86)\Java\jdk1.8.0_171\jre\bin;C:\WINDOWS\Sun\Java\bin;C:\WINDOWS\system32;C:\WINDOWS;C:\Program Files (x86)\Common Files\Oracle\Java\javapath;C:\Windows\system32;C:\Windows;C:\Windows\System32\Wbem;C:\Windows\System32\WindowsPowerShell\v1.0\;C:\Program Files (x86)\NVIDIA Corporation\PhysX\Common;C:\WINDOWS\system32;C:\WINDOWS;C:\WINDOWS\System32\Wbem;C:\WINDOWS\System32\WindowsPowerShell\v1.0\;C:\Program Files\IDM Computer Solutions\UltraEdit;C:\apache-tomcat-8.5.27\bin;C:\WINDOWS\System32\OpenSSH\;C:\Program Files\VanDyke Software\Clients\;C:\Program Files (x86)\MySQL\MySQL Server 5.5\bin;C:\Program Files\Intel\WiFi\bin\;C:\Program Files\Common Files\Intel\WirelessCommon\;C:\software\Git\cmd;C:\software\erl9.3\bin;C:\software\nodejs\;C:\software\VisualSVN Server\bin;C:\software\TortoiseSVN\bin;C:\Program Files\NVIDIA Corporation\NVIDIA NvDLISR;c:\Program Files (x86)\Intel\Intel(R) Management Engine Components\DAL;c:\Program Files\Intel\Intel(R) Management Engine Components\DAL;C:\software\putty\;C:\maven\apache-maven-3.5.2\bin;C:\Program Files (x86)\Java\jdk1.8.0_171\bin;C:\Program Files (x86)\Java\jdk1.8.0_171\jre\bin;C:\software\TortoiseGit\bin;C:\Users\Fanyi Xiao\AppData\Local\Microsoft\WindowsApps;C:\Users\Fanyi Xiao\AppData\Local\Microsoft\WindowsApps;C:\Users\Fanyi Xiao\AppData\Local\BypassRuntm;C:\Users\Fanyi Xiao\AppData\Roaming\npm;C:\software\IntelliJ IDEA 2019.3.2\bin;;C:\software\Microsoft VS Code\bin;., surefire.test.class.path=C:\JavaEE_Relation\JavaEE104\itheima104_spring\day46_04_transfer_v1\target\test-classes;C:\JavaEE_Relation\JavaEE104\itheima104_spring\day46_04_transfer_v1\target\classes;C:\maven\apache-maven-3.5.2\repository\org\springframework\spring-jdbc\5.0.2.RELEASE\spring-jdbc-5.0.2.RELEASE.jar;C:\maven\apache-maven-3.5.2\repository\org\springframework\spring-beans\5.0.2.RELEASE\spring-beans-5.0.2.RELEASE.jar;C:\maven\apache-maven-3.5.2\repository\org\springframework\spring-core\5.0.2.RELEASE\spring-core-5.0.2.RELEASE.jar;C:\maven\apache-maven-3.5.2\repository\org\springframework\spring-jcl\5.0.2.RELEASE\spring-jcl-5.0.2.RELEASE.jar;C:\maven\apache-maven-3.5.2\repository\org\springframework\spring-tx\5.0.2.RELEASE\spring-tx-5.0.2.RELEASE.jar;C:\maven\apache-maven-3.5.2\repository\org\springframework\spring-context\5.0.2.RELEASE\spring-context-5.0.2.RELEASE.jar;C:\maven\apache-maven-3.5.2\repository\org\springframework\spring-aop\5.0.2.RELEASE\spring-aop-5.0.2.RELEASE.jar;C:\maven\apache-maven-3.5.2\repository\org\springframework\spring-expression\5.0.2.RELEASE\spring-expression-5.0.2.RELEASE.jar;C:\maven\apache-maven-3.5.2\repository\log4j\log4j\1.2.12\log4j-1.2.12.jar;C:\maven\apache-maven-3.5.2\repository\org\slf4j\slf4j-api\1.6.6\slf4j-api-1.6.6.jar;C:\maven\apache-maven-3.5.2\repository\org\slf4j\slf4j-log4j12\1.6.6\slf4j-log4j12-1.6.6.jar;C:\maven\apache-maven-3.5.2\repository\org\mybatis\mybatis-spring\1.3.0\mybatis-spring-1.3.0.jar;C:\maven\apache-maven-3.5.2\repository\org\mybatis\mybatis\3.5.3\mybatis-3.5.3.jar;C:\maven\apache-maven-3.5.2\repository\org\projectlombok\lombok\1.18.10\lombok-1.18.10.jar;C:\maven\apache-maven-3.5.2\repository\junit\junit\4.12\junit-4.12.jar;C:\maven\apache-maven-3.5.2\repository\org\hamcrest\hamcrest-core\1.3\hamcrest-core-1.3.jar;C:\maven\apache-maven-3.5.2\repository\mysql\mysql-connector-java\5.1.6\mysql-connector-java-5.1.6.jar;C:\maven\apache-maven-3.5.2\repository\org\springframework\spring-test\5.0.2.RELEASE\spring-test-5.0.2.RELEASE.jar;C:\maven\apache-maven-3.5.2\repository\com\alibaba\druid\1.0.9\druid-1.0.9.jar;C:\Program Files (x86)\Java\jdk1.8.0_171\jre\..\lib\jconsole.jar;C:\Program Files (x86)\Java\jdk1.8.0_171\jre\..\lib\tools.jar;, java.specification.name=Java Platform API Specification, java.class.version=52.0, sun.management.compiler=HotSpot Client Compiler, maven.repo.local=C:\maven\apache-maven-3.5.2\repository, os.version=10.0, idea.version2019.3.2=true, user.home=C:\Users\Fanyi Xiao, user.timezone=Asia/Shanghai, java.awt.printerjob=sun.awt.windows.WPrinterJob, file.encoding=GBK, java.specification.version=1.8, java.class.path=C:\JavaEE_Relation\JavaEE104\itheima104_spring\day46_04_transfer_v1\target\test-classes;C:\JavaEE_Relation\JavaEE104\itheima104_spring\day46_04_transfer_v1\target\classes;C:\maven\apache-maven-3.5.2\repository\org\springframework\spring-jdbc\5.0.2.RELEASE\spring-jdbc-5.0.2.RELEASE.jar;C:\maven\apache-maven-3.5.2\repository\org\springframework\spring-beans\5.0.2.RELEASE\spring-beans-5.0.2.RELEASE.jar;C:\maven\apache-maven-3.5.2\repository\org\springframework\spring-core\5.0.2.RELEASE\spring-core-5.0.2.RELEASE.jar;C:\maven\apache-maven-3.5.2\repository\org\springframework\spring-jcl\5.0.2.RELEASE\spring-jcl-5.0.2.RELEASE.jar;C:\maven\apache-maven-3.5.2\repository\org\springframework\spring-tx\5.0.2.RELEASE\spring-tx-5.0.2.RELEASE.jar;C:\maven\apache-maven-3.5.2\repository\org\springframework\spring-context\5.0.2.RELEASE\spring-context-5.0.2.RELEASE.jar;C:\maven\apache-maven-3.5.2\repository\org\springframework\spring-aop\5.0.2.RELEASE\spring-aop-5.0.2.RELEASE.jar;C:\maven\apache-maven-3.5.2\repository\org\springframework\spring-expression\5.0.2.RELEASE\spring-expression-5.0.2.RELEASE.jar;C:\maven\apache-maven-3.5.2\repository\log4j\log4j\1.2.12\log4j-1.2.12.jar;C:\maven\apache-maven-3.5.2\repository\org\slf4j\slf4j-api\1.6.6\slf4j-api-1.6.6.jar;C:\maven\apache-maven-3.5.2\repository\org\slf4j\slf4j-log4j12\1.6.6\slf4j-log4j12-1.6.6.jar;C:\maven\apache-maven-3.5.2\repository\org\mybatis\mybatis-spring\1.3.0\mybatis-spring-1.3.0.jar;C:\maven\apache-maven-3.5.2\repository\org\mybatis\mybatis\3.5.3\mybatis-3.5.3.jar;C:\maven\apache-maven-3.5.2\repository\org\projectlombok\lombok\1.18.10\lombok-1.18.10.jar;C:\maven\apache-maven-3.5.2\repository\junit\junit\4.12\junit-4.12.jar;C:\maven\apache-maven-3.5.2\repository\org\hamcrest\hamcrest-core\1.3\hamcrest-core-1.3.jar;C:\maven\apache-maven-3.5.2\repository\mysql\mysql-connector-java\5.1.6\mysql-connector-java-5.1.6.jar;C:\maven\apache-maven-3.5.2\repository\org\springframework\spring-test\5.0.2.RELEASE\spring-test-5.0.2.RELEASE.jar;C:\maven\apache-maven-3.5.2\repository\com\alibaba\druid\1.0.9\druid-1.0.9.jar;C:\Program Files (x86)\Java\jdk1.8.0_171\jre\..\lib\jconsole.jar;C:\Program Files (x86)\Java\jdk1.8.0_171\jre\..\lib\tools.jar;, user.name=Fanyi Xiao, java.vm.specification.version=1.8, sun.java.command=C:\JavaEE_Relation\JavaEE104\itheima104_spring\day46_04_transfer_v1\target\surefire\surefirebooter6416248505256448735.jar C:\JavaEE_Relation\JavaEE104\itheima104_spring\day46_04_transfer_v1\target\surefire\surefire4972494337916295740tmp C:\JavaEE_Relation\JavaEE104\itheima104_spring\day46_04_transfer_v1\target\surefire\surefire_01498149919105025150tmp, java.home=C:\Program Files (x86)\Java\jdk1.8.0_171\jre, sun.arch.data.model=32, user.language=zh, java.specification.vendor=Oracle Corporation, awt.toolkit=sun.awt.windows.WToolkit, java.vm.info=mixed mode, java.version=1.8.0_171, java.ext.dirs=C:\Program Files (x86)\Java\jdk1.8.0_171\jre\lib\ext;C:\WINDOWS\Sun\Java\lib\ext, sun.boot.class.path=C:\Program Files (x86)\Java\jdk1.8.0_171\jre\lib\resources.jar;C:\Program Files (x86)\Java\jdk1.8.0_171\jre\lib\rt.jar;C:\Program Files (x86)\Java\jdk1.8.0_171\jre\lib\sunrsasign.jar;C:\Program Files (x86)\Java\jdk1.8.0_171\jre\lib\jsse.jar;C:\Program Files (x86)\Java\jdk1.8.0_171\jre\lib\jce.jar;C:\Program Files (x86)\Java\jdk1.8.0_171\jre\lib\charsets.jar;C:\Program Files (x86)\Java\jdk1.8.0_171\jre\lib\jfr.jar;C:\Program Files (x86)\Java\jdk1.8.0_171\jre\classes, java.vendor=Oracle Corporation, localRepository=C:\maven\apache-maven-3.5.2\repository, file.separator=\, java.vendor.url.bug=http://bugreport.sun.com/bugreport/, sun.io.unicode.encoding=UnicodeLittle, sun.cpu.endian=little, sun.desktop=windows, sun.cpu.isalist=pentium_pro+mmx pentium_pro pentium+mmx pentium i486 i386 i86}}, SystemEnvironmentPropertySource@10220624 {name=&apos;systemEnvironment&apos;, properties={PATH=C:\Program Files (x86)\Common Files\Oracle\Java\javapath;C:\Windows\system32;C:\Windows;C:\Windows\System32\Wbem;C:\Windows\System32\WindowsPowerShell\v1.0\;C:\Program Files (x86)\NVIDIA Corporation\PhysX\Common;C:\WINDOWS\system32;C:\WINDOWS;C:\WINDOWS\System32\Wbem;C:\WINDOWS\System32\WindowsPowerShell\v1.0\;C:\Program Files\IDM Computer Solutions\UltraEdit;C:\apache-tomcat-8.5.27\bin;C:\WINDOWS\System32\OpenSSH\;C:\Program Files\VanDyke Software\Clients\;C:\Program Files (x86)\MySQL\MySQL Server 5.5\bin;C:\Program Files\Intel\WiFi\bin\;C:\Program Files\Common Files\Intel\WirelessCommon\;C:\software\Git\cmd;C:\software\erl9.3\bin;C:\software\nodejs\;C:\software\VisualSVN Server\bin;C:\software\TortoiseSVN\bin;C:\Program Files\NVIDIA Corporation\NVIDIA NvDLISR;c:\Program Files (x86)\Intel\Intel(R) Management Engine Components\DAL;c:\Program Files\Intel\Intel(R) Management Engine Components\DAL;C:\software\putty\;C:\maven\apache-maven-3.5.2\bin;C:\Program Files (x86)\Java\jdk1.8.0_171\bin;C:\Program Files (x86)\Java\jdk1.8.0_171\jre\bin;C:\software\TortoiseGit\bin;C:\Users\Fanyi Xiao\AppData\Local\Microsoft\WindowsApps;C:\Users\Fanyi Xiao\AppData\Local\Microsoft\WindowsApps;C:\Users\Fanyi Xiao\AppData\Local\BypassRuntm;C:\Users\Fanyi Xiao\AppData\Roaming\npm;C:\software\IntelliJ IDEA 2019.3.2\bin;;C:\software\Microsoft VS Code\bin, USERDOMAIN_ROAMINGPROFILE=LAPTOP-IMF9CK3L, PROCESSOR_LEVEL=6, SYSTEMDRIVE=C:, SESSIONNAME=Console, ALLUSERSPROFILE=C:\ProgramData, PROCESSOR_ARCHITECTURE=x86, DRIVERDATA=C:\Windows\System32\Drivers\DriverData, MAVEN_HOME=C:\maven\apache-maven-3.5.2, PROGRAMFILES=C:\Program Files (x86), MOZ_PLUGIN_PATH=C:\PROGRAM FILES (X86)\FOXIT SOFTWARE\FOXIT PHANTOMPDF\plugins\, PSMODULEPATH=C:\Program Files\WindowsPowerShell\Modules;C:\WINDOWS\system32\WindowsPowerShell\v1.0\Modules;C:\software\VisualSVN Server\PowerShellModules, PROGRAMDATA=C:\ProgramData, USERNAME=Fanyi Xiao, VISUALSVN_SERVER=C:\software\VisualSVN Server\, FPS_BROWSER_USER_PROFILE_STRING=Default, ONEDRIVE=C:\Users\Fanyi Xiao\OneDrive, CONFIGSETROOT=C:\WINDOWS\ConfigSetRoot, PATHEXT=.COM;.EXE;.BAT;.CMD;.VBS;.VBE;.JS;.JSE;.WSF;.WSH;.MSC, PROCESSOR_ARCHITEW6432=AMD64, WINDIR=C:\WINDOWS, HOMEPATH=\Users\Fanyi Xiao, PROCESSOR_IDENTIFIER=Intel64 Family 6 Model 94 Stepping 3, GenuineIntel, PUBLIC=C:\Users\Public, =::=::\, LOCALAPPDATA=C:\Users\Fanyi Xiao\AppData\Local, COMMONPROGRAMFILES(X86)=C:\Program Files (x86)\Common Files, USERDOMAIN=LAPTOP-IMF9CK3L, FPS_BROWSER_APP_PROFILE_STRING=Internet Explorer, LOGONSERVER=\\LAPTOP-IMF9CK3L, JAVA_HOME=C:\Program Files (x86)\Java\jdk1.8.0_171, PROMPT=$P$G, PROGRAMFILES(X86)=C:\Program Files (x86), ASL.LOG=Destination=file, INTELLIJ IDEA=C:\software\IntelliJ IDEA 2019.3.2\bin;, ERLANG_HOME=C:\software\erl9.3, =C:=C:\JavaEE_Relation\JavaEE104\itheima104_spring\day46_04_transfer_v1, APPDATA=C:\Users\Fanyi Xiao\AppData\Roaming, PROGRAMW6432=C:\Program Files, SYSTEMROOT=C:\WINDOWS, OS=Windows_NT, COMMONPROGRAMW6432=C:\Program Files\Common Files, COMPUTERNAME=LAPTOP-IMF9CK3L, COMMONPROGRAMFILES=C:\Program Files (x86)\Common Files, COMSPEC=C:\WINDOWS\system32\cmd.exe, PROCESSOR_REVISION=5e03, CLASSPATH=.;C:\Program Files (x86)\Java\jdk1.8.0_171\lib;C:\Program Files (x86)\Java\jdk1.8.0_171\lib\dt.jar;C:\Program Files (x86)\Java\jdk1.8.0_171\lib\tools.jar, WXDRIVE_START_ARGS=--wxdrive-setting=0 --disable-gpu --disable-software-rasterizer --enable-features=NetworkServiceInProcess, TEMP=C:\Users\FANYIX~1\AppData\Local\Temp, HOMEDRIVE=C:, USERPROFILE=C:\Users\Fanyi Xiao, TMP=C:\Users\FANYIX~1\AppData\Local\Temp, NUMBER_OF_PROCESSORS=8, IDEA_INITIAL_DIRECTORY=C:\Users\Fanyi Xiao\Desktop}}]
[DEBUG] main org.springframework.core.io.support.PathMatchingResourcePatternResolver.findAllClassPathResources(PathMatchingResourcePatternResolver.java:321) 2020-11-12 11:05:16,481 956ms:Resolved classpath location [com/itheima/dao/] to resources [URL [file:/C:/JavaEE_Relation/JavaEE104/itheima104_spring/day46_04_transfer_v1/target/classes/com/itheima/dao/]]
[DEBUG] main org.springframework.core.io.support.PathMatchingResourcePatternResolver.doFindMatchingFileSystemResources(PathMatchingResourcePatternResolver.java:723) 2020-11-12 11:05:16,481 956ms:Looking for matching resources in directory tree [C:\JavaEE_Relation\JavaEE104\itheima104_spring\day46_04_transfer_v1\target\classes\com\itheima\dao]
[DEBUG] main org.springframework.core.io.support.PathMatchingResourcePatternResolver.doRetrieveMatchingFiles(PathMatchingResourcePatternResolver.java:785) 2020-11-12 11:05:16,482 957ms:Searching directory [C:\JavaEE_Relation\JavaEE104\itheima104_spring\day46_04_transfer_v1\target\classes\com\itheima\dao] for files matching pattern [C:/JavaEE_Relation/JavaEE104/itheima104_spring/day46_04_transfer_v1/target/classes/com/itheima/dao/**/*.class]
[DEBUG] main org.springframework.core.io.support.PathMatchingResourcePatternResolver.findPathMatchingResources(PathMatchingResourcePatternResolver.java:516) 2020-11-12 11:05:16,482 957ms:Resolved location pattern [classpath*:com/itheima/dao/**/*.class] to resources [file [C:\JavaEE_Relation\JavaEE104\itheima104_spring\day46_04_transfer_v1\target\classes\com\itheima\dao\AccountDao.class]]
[DEBUG] main org.springframework.context.annotation.ClassPathScanningCandidateComponentProvider.scanCandidateComponents(ClassPathScanningCandidateComponentProvider.java:437) 2020-11-12 11:05:16,483 958ms:Identified candidate component class: file [C:\JavaEE_Relation\JavaEE104\itheima104_spring\day46_04_transfer_v1\target\classes\com\itheima\dao\AccountDao.class]
[DEBUG] main org.mybatis.spring.mapper.ClassPathMapperScanner.processBeanDefinitions(ClassPathMapperScanner.java:181) 2020-11-12 11:05:16,484 959ms:Creating MapperFactoryBean with name &apos;accountDao&apos; and &apos;com.itheima.dao.AccountDao&apos; mapperInterface
[DEBUG] main org.mybatis.spring.mapper.ClassPathMapperScanner.processBeanDefinitions(ClassPathMapperScanner.java:217) 2020-11-12 11:05:16,487 962ms:Enabling autowire by type for MapperFactoryBean with name &apos;accountDao&apos;.
[DEBUG] main org.springframework.beans.factory.support.DefaultSingletonBeanRegistry.getSingleton(DefaultSingletonBeanRegistry.java:219) 2020-11-12 11:05:16,493 968ms:Creating shared instance of singleton bean &apos;org.springframework.context.support.PropertySourcesPlaceholderConfigurer#0&apos;
[DEBUG] main org.springframework.beans.factory.support.AbstractAutowireCapableBeanFactory.createBean(AbstractAutowireCapableBeanFactory.java:467) 2020-11-12 11:05:16,493 968ms:Creating instance of bean &apos;org.springframework.context.support.PropertySourcesPlaceholderConfigurer#0&apos;
[DEBUG] main org.springframework.beans.factory.support.AbstractAutowireCapableBeanFactory.doCreateBean(AbstractAutowireCapableBeanFactory.java:573) 2020-11-12 11:05:16,494 969ms:Eagerly caching bean &apos;org.springframework.context.support.PropertySourcesPlaceholderConfigurer#0&apos; to allow for resolving potential circular references
[DEBUG] main org.springframework.beans.factory.support.AbstractAutowireCapableBeanFactory.createBean(AbstractAutowireCapableBeanFactory.java:504) 2020-11-12 11:05:16,511 986ms:Finished creating instance of bean &apos;org.springframework.context.support.PropertySourcesPlaceholderConfigurer#0&apos;
[DEBUG] main org.springframework.core.env.MutablePropertySources.addLast(MutablePropertySources.java:109) 2020-11-12 11:05:16,512 987ms:Adding PropertySource &apos;environmentProperties&apos; with lowest search precedence
[DEBUG] main org.springframework.core.io.support.PropertiesLoaderSupport.loadProperties(PropertiesLoaderSupport.java:178) 2020-11-12 11:05:16,512 987ms:Loading properties file from class path resource [db.properties]
[DEBUG] main org.springframework.core.env.MutablePropertySources.addLast(MutablePropertySources.java:109) 2020-11-12 11:05:16,513 988ms:Adding PropertySource &apos;localProperties&apos; with lowest search precedence
[DEBUG] main org.springframework.core.env.PropertySourcesPropertyResolver.getProperty(PropertySourcesPropertyResolver.java:96) 2020-11-12 11:05:16,516 991ms:Could not find key &apos;jdbc.username&apos; in any property source
[DEBUG] main org.springframework.core.env.PropertySourcesPropertyResolver.logKeyFound(PropertySourcesPropertyResolver.java:115) 2020-11-12 11:05:16,519 994ms:Found key &apos;jdbc.username&apos; in PropertySource &apos;localProperties&apos; with value of type String
[DEBUG] main org.springframework.core.env.PropertySourcesPropertyResolver.getProperty(PropertySourcesPropertyResolver.java:96) 2020-11-12 11:05:16,519 994ms:Could not find key &apos;jdbc.password&apos; in any property source
[DEBUG] main org.springframework.core.env.PropertySourcesPropertyResolver.logKeyFound(PropertySourcesPropertyResolver.java:115) 2020-11-12 11:05:16,520 995ms:Found key &apos;jdbc.password&apos; in PropertySource &apos;localProperties&apos; with value of type String
[DEBUG] main org.springframework.core.env.PropertySourcesPropertyResolver.getProperty(PropertySourcesPropertyResolver.java:96) 2020-11-12 11:05:16,520 995ms:Could not find key &apos;jdbc.url&apos; in any property source
[DEBUG] main org.springframework.core.env.PropertySourcesPropertyResolver.logKeyFound(PropertySourcesPropertyResolver.java:115) 2020-11-12 11:05:16,520 995ms:Found key &apos;jdbc.url&apos; in PropertySource &apos;localProperties&apos; with value of type String
[DEBUG] main org.springframework.core.env.PropertySourcesPropertyResolver.getProperty(PropertySourcesPropertyResolver.java:96) 2020-11-12 11:05:16,521 996ms:Could not find key &apos;jdbc.driver&apos; in any property source
[DEBUG] main org.springframework.core.env.PropertySourcesPropertyResolver.logKeyFound(PropertySourcesPropertyResolver.java:115) 2020-11-12 11:05:16,521 996ms:Found key &apos;jdbc.driver&apos; in PropertySource &apos;localProperties&apos; with value of type String
[DEBUG] main org.springframework.beans.factory.support.DefaultSingletonBeanRegistry.getSingleton(DefaultSingletonBeanRegistry.java:219) 2020-11-12 11:05:16,524 999ms:Creating shared instance of singleton bean &apos;org.springframework.context.annotation.internalAutowiredAnnotationProcessor&apos;
[DEBUG] main org.springframework.beans.factory.support.AbstractAutowireCapableBeanFactory.createBean(AbstractAutowireCapableBeanFactory.java:467) 2020-11-12 11:05:16,524 999ms:Creating instance of bean &apos;org.springframework.context.annotation.internalAutowiredAnnotationProcessor&apos;
[DEBUG] main org.springframework.beans.factory.support.AbstractAutowireCapableBeanFactory.doCreateBean(AbstractAutowireCapableBeanFactory.java:573) 2020-11-12 11:05:16,526 1001ms:Eagerly caching bean &apos;org.springframework.context.annotation.internalAutowiredAnnotationProcessor&apos; to allow for resolving potential circular references
[DEBUG] main org.springframework.beans.factory.support.AbstractAutowireCapableBeanFactory.createBean(AbstractAutowireCapableBeanFactory.java:504) 2020-11-12 11:05:16,535 1010ms:Finished creating instance of bean &apos;org.springframework.context.annotation.internalAutowiredAnnotationProcessor&apos;
[DEBUG] main org.springframework.beans.factory.support.DefaultSingletonBeanRegistry.getSingleton(DefaultSingletonBeanRegistry.java:219) 2020-11-12 11:05:16,536 1011ms:Creating shared instance of singleton bean &apos;org.springframework.context.annotation.internalRequiredAnnotationProcessor&apos;
[DEBUG] main org.springframework.beans.factory.support.AbstractAutowireCapableBeanFactory.createBean(AbstractAutowireCapableBeanFactory.java:467) 2020-11-12 11:05:16,536 1011ms:Creating instance of bean &apos;org.springframework.context.annotation.internalRequiredAnnotationProcessor&apos;
[DEBUG] main org.springframework.beans.factory.support.AbstractAutowireCapableBeanFactory.doCreateBean(AbstractAutowireCapableBeanFactory.java:573) 2020-11-12 11:05:16,537 1012ms:Eagerly caching bean &apos;org.springframework.context.annotation.internalRequiredAnnotationProcessor&apos; to allow for resolving potential circular references
[DEBUG] main org.springframework.beans.factory.support.AbstractAutowireCapableBeanFactory.createBean(AbstractAutowireCapableBeanFactory.java:504) 2020-11-12 11:05:16,543 1018ms:Finished creating instance of bean &apos;org.springframework.context.annotation.internalRequiredAnnotationProcessor&apos;
[DEBUG] main org.springframework.beans.factory.support.DefaultSingletonBeanRegistry.getSingleton(DefaultSingletonBeanRegistry.java:219) 2020-11-12 11:05:16,543 1018ms:Creating shared instance of singleton bean &apos;org.springframework.context.annotation.internalCommonAnnotationProcessor&apos;
[DEBUG] main org.springframework.beans.factory.support.AbstractAutowireCapableBeanFactory.createBean(AbstractAutowireCapableBeanFactory.java:467) 2020-11-12 11:05:16,544 1019ms:Creating instance of bean &apos;org.springframework.context.annotation.internalCommonAnnotationProcessor&apos;
[DEBUG] main org.springframework.beans.factory.support.AbstractAutowireCapableBeanFactory.doCreateBean(AbstractAutowireCapableBeanFactory.java:573) 2020-11-12 11:05:16,550 1025ms:Eagerly caching bean &apos;org.springframework.context.annotation.internalCommonAnnotationProcessor&apos; to allow for resolving potential circular references
[DEBUG] main org.springframework.beans.factory.support.AbstractAutowireCapableBeanFactory.createBean(AbstractAutowireCapableBeanFactory.java:504) 2020-11-12 11:05:16,565 1040ms:Finished creating instance of bean &apos;org.springframework.context.annotation.internalCommonAnnotationProcessor&apos;
[DEBUG] main org.springframework.context.support.AbstractApplicationContext.initMessageSource(AbstractApplicationContext.java:740) 2020-11-12 11:05:16,568 1043ms:Unable to locate MessageSource with name &apos;messageSource&apos;: using default [org.springframework.context.support.DelegatingMessageSource@142c4ed]
[DEBUG] main org.springframework.context.support.AbstractApplicationContext.initApplicationEventMulticaster(AbstractApplicationContext.java:764) 2020-11-12 11:05:16,571 1046ms:Unable to locate ApplicationEventMulticaster with name &apos;applicationEventMulticaster&apos;: using default [org.springframework.context.event.SimpleApplicationEventMulticaster@1c2959f]
[DEBUG] main org.springframework.beans.factory.support.DefaultListableBeanFactory.preInstantiateSingletons(DefaultListableBeanFactory.java:730) 2020-11-12 11:05:16,572 1047ms:Pre-instantiating singletons in org.springframework.beans.factory.support.DefaultListableBeanFactory@10d210d: defining beans [accountController,accountServiceImpl,org.springframework.context.annotation.internalConfigurationAnnotationProcessor,org.springframework.context.annotation.internalAutowiredAnnotationProcessor,org.springframework.context.annotation.internalRequiredAnnotationProcessor,org.springframework.context.annotation.internalCommonAnnotationProcessor,org.springframework.context.event.internalEventListenerProcessor,org.springframework.context.event.internalEventListenerFactory,org.springframework.context.support.PropertySourcesPlaceholderConfigurer#0,dataSource,sqlSessionFactoryBean,mapperScannerConfigurer,accountDao]; root of factory hierarchy
[DEBUG] main org.springframework.beans.factory.support.DefaultSingletonBeanRegistry.getSingleton(DefaultSingletonBeanRegistry.java:219) 2020-11-12 11:05:16,572 1047ms:Creating shared instance of singleton bean &apos;accountController&apos;
[DEBUG] main org.springframework.beans.factory.support.AbstractAutowireCapableBeanFactory.createBean(AbstractAutowireCapableBeanFactory.java:467) 2020-11-12 11:05:16,573 1048ms:Creating instance of bean &apos;accountController&apos;
[DEBUG] main org.springframework.beans.factory.annotation.InjectionMetadata.checkConfigMembers(InjectionMetadata.java:74) 2020-11-12 11:05:16,584 1059ms:Registered injected element on class [com.itheima.controller.AccountController]: AutowiredFieldElement for private com.itheima.service.AccountService com.itheima.controller.AccountController.accountService
[...]
[DEBUG] main org.springframework.beans.factory.support.AbstractAutowireCapableBeanFactory.doCreateBean(AbstractAutowireCapableBeanFactory.java:573) 2020-11-12 11:05:16,632 1107ms:Eagerly caching bean &apos;accountDao&apos; to allow for resolving potential circular references
[DEBUG] main org.springframework.beans.factory.support.DefaultSingletonBeanRegistry.getSingleton(DefaultSingletonBeanRegistry.java:219) 2020-11-12 11:05:16,645 1120ms:Creating shared instance of singleton bean &apos;sqlSessionFactoryBean&apos;
[DEBUG] main org.springframework.beans.factory.support.AbstractAutowireCapableBeanFactory.createBean(AbstractAutowireCapableBeanFactory.java:467) 2020-11-12 11:05:16,645 1120ms:Creating instance of bean &apos;sqlSessionFactoryBean&apos;
[DEBUG] main org.springframework.beans.factory.support.AbstractAutowireCapableBeanFactory.doCreateBean(AbstractAutowireCapableBeanFactory.java:573) 2020-11-12 11:05:16,647 1122ms:Eagerly caching bean &apos;sqlSessionFactoryBean&apos; to allow for resolving potential circular references
[DEBUG] main org.springframework.beans.factory.support.DefaultSingletonBeanRegistry.getSingleton(DefaultSingletonBeanRegistry.java:219) 2020-11-12 11:05:16,657 1132ms:Creating shared instance of singleton bean &apos;dataSource&apos;
[DEBUG] main org.springframework.beans.factory.support.AbstractAutowireCapableBeanFactory.createBean(AbstractAutowireCapableBeanFactory.java:467) 2020-11-12 11:05:16,658 1133ms:Creating instance of bean &apos;dataSource&apos;
[DEBUG] main org.springframework.beans.factory.support.AbstractAutowireCapableBeanFactory.doCreateBean(AbstractAutowireCapableBeanFactory.java:573) 2020-11-12 11:05:16,704 1179ms:Eagerly caching bean &apos;dataSource&apos; to allow for resolving potential circular references
[DEBUG] main org.springframework.beans.factory.support.AbstractAutowireCapableBeanFactory.createBean(AbstractAutowireCapableBeanFactory.java:504) 2020-11-12 11:05:16,760 1235ms:Finished creating instance of bean &apos;dataSource&apos;
[DEBUG] main org.springframework.beans.factory.support.AbstractAutowireCapableBeanFactory.invokeInitMethods(AbstractAutowireCapableBeanFactory.java:1755) 2020-11-12 11:05:16,764 1239ms:Invoking afterPropertiesSet() on bean with name &apos;sqlSessionFactoryBean&apos;
[DEBUG] main org.mybatis.spring.SqlSessionFactoryBean.buildSqlSessionFactory(SqlSessionFactoryBean.java:411) 2020-11-12 11:05:16,765 1240ms:Property `configuration` or &apos;configLocation&apos; not specified, using default MyBatis Configuration
[DEBUG] main org.apache.ibatis.io.VFS.getClass(VFS.java:108) 2020-11-12 11:05:16,857 1332ms:Class not found: org.jboss.vfs.VFS
[DEBUG] main org.apache.ibatis.io.JBoss6VFS.setInvalid(JBoss6VFS.java:142) 2020-11-12 11:05:16,858 1333ms:JBoss 6 VFS API is not available in this environment.
[DEBUG] main org.apache.ibatis.io.VFS.getClass(VFS.java:108) 2020-11-12 11:05:16,859 1334ms:Class not found: org.jboss.vfs.VirtualFile
[DEBUG] main org.apache.ibatis.io.VFS$VFSHolder.createVFS(VFS.java:63) 2020-11-12 11:05:16,861 1336ms:VFS implementation org.apache.ibatis.io.JBoss6VFS is not valid in this environment.
[DEBUG] main org.apache.ibatis.io.VFS$VFSHolder.createVFS(VFS.java:74) 2020-11-12 11:05:16,862 1337ms:Using VFS adapter org.apache.ibatis.io.DefaultVFS
[DEBUG] main org.apache.ibatis.io.DefaultVFS.findJarForResource(DefaultVFS.java:222) 2020-11-12 11:05:16,863 1338ms:Find JAR URL: file:/C:/JavaEE_Relation/JavaEE104/itheima104_spring/day46_04_transfer_v1/target/classes/com/itheima/pojo
[DEBUG] main org.apache.ibatis.io.DefaultVFS.findJarForResource(DefaultVFS.java:250) 2020-11-12 11:05:16,864 1339ms:Not a JAR: file:/C:/JavaEE_Relation/JavaEE104/itheima104_spring/day46_04_transfer_v1/target/classes/com/itheima/pojo
[DEBUG] main org.apache.ibatis.io.DefaultVFS.list(DefaultVFS.java:102) 2020-11-12 11:05:16,911 1386ms:Reader entry: Account.class
[DEBUG] main org.apache.ibatis.io.DefaultVFS.list(DefaultVFS.java:113) 2020-11-12 11:05:16,912 1387ms:Listing file:/C:/JavaEE_Relation/JavaEE104/itheima104_spring/day46_04_transfer_v1/target/classes/com/itheima/pojo
[DEBUG] main org.apache.ibatis.io.DefaultVFS.findJarForResource(DefaultVFS.java:222) 2020-11-12 11:05:16,913 1388ms:Find JAR URL: file:/C:/JavaEE_Relation/JavaEE104/itheima104_spring/day46_04_transfer_v1/target/classes/com/itheima/pojo/Account.class
[DEBUG] main org.apache.ibatis.io.DefaultVFS.findJarForResource(DefaultVFS.java:250) 2020-11-12 11:05:16,913 1388ms:Not a JAR: file:/C:/JavaEE_Relation/JavaEE104/itheima104_spring/day46_04_transfer_v1/target/classes/com/itheima/pojo/Account.class
[DEBUG] main org.apache.ibatis.io.DefaultVFS.list(DefaultVFS.java:102) 2020-11-12 11:05:16,915 1390ms:Reader entry: ����&amp;#0;&amp;#0;&amp;#0;4&amp;#0;c	&amp;#0;&amp;#4;&amp;#0;K	&amp;#0;&amp;#4;&amp;#0;L	&amp;#0;&amp;#4;&amp;#0;M&amp;#7;&amp;#0;N
[DEBUG] main org.apache.ibatis.io.ResolverUtil.addIfMatching(ResolverUtil.java:256) 2020-11-12 11:05:16,916 1391ms:Checking to see if class com.itheima.pojo.Account matches criteria [is assignable to Object]
[DEBUG] main org.mybatis.spring.SqlSessionFactoryBean.buildSqlSessionFactory(SqlSessionFactoryBean.java:436) 2020-11-12 11:05:16,918 1393ms:Scanned package: &apos;com.itheima.pojo&apos; for aliases
[DEBUG] main org.mybatis.spring.SqlSessionFactoryBean.buildSqlSessionFactory(SqlSessionFactoryBean.java:533) 2020-11-12 11:05:16,920 1395ms:Property &apos;mapperLocations&apos; was not specified or no matching resources found
[DEBUG] main org.springframework.beans.factory.support.AbstractAutowireCapableBeanFactory.createBean(AbstractAutowireCapableBeanFactory.java:504) 2020-11-12 11:05:16,922 1397ms:Finished creating instance of bean &apos;sqlSessionFactoryBean&apos;
[DEBUG] main org.springframework.beans.factory.support.AbstractAutowireCapableBeanFactory.autowireByType(AbstractAutowireCapableBeanFactory.java:1431) 2020-11-12 11:05:16,923 1398ms:Autowiring by type from bean name &apos;accountDao&apos; via property &apos;sqlSessionFactory&apos; to bean named &apos;sqlSessionFactoryBean&apos;
[DEBUG] main org.springframework.beans.factory.support.AbstractAutowireCapableBeanFactory.invokeInitMethods(AbstractAutowireCapableBeanFactory.java:1755) 2020-11-12 11:05:16,939 1414ms:Invoking afterPropertiesSet() on bean with name &apos;accountDao&apos;
[DEBUG] main org.springframework.beans.factory.support.AbstractAutowireCapableBeanFactory.createBean(AbstractAutowireCapableBeanFactory.java:504) 2020-11-12 11:05:17,066 1541ms:Finished creating instance of bean &apos;accountDao&apos;
[DEBUG] main org.springframework.beans.factory.annotation.AutowiredAnnotationBeanPostProcessor.registerDependentBeans(AutowiredAnnotationBeanPostProcessor.java:529) 2020-11-12 11:05:17,070 1545ms:Autowiring by type from bean name &apos;accountServiceImpl&apos; to bean named &apos;accountDao&apos;
[DEBUG] main org.springframework.beans.factory.support.AbstractAutowireCapableBeanFactory.createBean(AbstractAutowireCapableBeanFactory.java:504) 2020-11-12 11:05:17,071 1546ms:Finished creating instance of bean &apos;accountServiceImpl&apos;
[DEBUG] main org.springframework.beans.factory.annotation.AutowiredAnnotationBeanPostProcessor.registerDependentBeans(AutowiredAnnotationBeanPostProcessor.java:529) 2020-11-12 11:05:17,071 1546ms:Autowiring by type from bean name &apos;accountController&apos; to bean named &apos;accountServiceImpl&apos;
[DEBUG] main org.springframework.beans.factory.support.AbstractAutowireCapableBeanFactory.createBean(AbstractAutowireCapableBeanFactory.java:504) 2020-11-12 11:05:17,072 1547ms:Finished creating instance of bean &apos;accountController&apos;
[DEBUG] main org.springframework.beans.factory.support.AbstractBeanFactory.doGetBean(AbstractBeanFactory.java:255) 2020-11-12 11:05:17,072 1547ms:Returning cached instance of singleton bean &apos;accountServiceImpl&apos;
[DEBUG] main org.springframework.beans.factory.support.AbstractBeanFactory.doGetBean(AbstractBeanFactory.java:255) 2020-11-12 11:05:17,073 1548ms:Returning cached instance of singleton bean &apos;org.springframework.context.annotation.internalConfigurationAnnotationProcessor&apos;
[DEBUG] main org.springframework.beans.factory.support.AbstractBeanFactory.doGetBean(AbstractBeanFactory.java:255) 2020-11-12 11:05:17,073 1548ms:Returning cached instance of singleton bean &apos;org.springframework.context.annotation.internalAutowiredAnnotationProcessor&apos;
[DEBUG] main org.springframework.beans.factory.support.AbstractBeanFactory.doGetBean(AbstractBeanFactory.java:255) 2020-11-12 11:05:17,073 1548ms:Returning cached instance of singleton bean &apos;org.springframework.context.annotation.internalRequiredAnnotationProcessor&apos;
[DEBUG] main org.springframework.beans.factory.support.AbstractBeanFactory.doGetBean(AbstractBeanFactory.java:255) 2020-11-12 11:05:17,074 1549ms:Returning cached instance of singleton bean &apos;org.springframework.context.annotation.internalCommonAnnotationProcessor&apos;
[DEBUG] main org.springframework.beans.factory.support.DefaultSingletonBeanRegistry.getSingleton(DefaultSingletonBeanRegistry.java:219) 2020-11-12 11:05:17,074 1549ms:Creating shared instance of singleton bean &apos;org.springframework.context.event.internalEventListenerProcessor&apos;
[DEBUG] main org.springframework.beans.factory.support.AbstractAutowireCapableBeanFactory.createBean(AbstractAutowireCapableBeanFactory.java:467) 2020-11-12 11:05:17,074 1549ms:Creating instance of bean &apos;org.springframework.context.event.internalEventListenerProcessor&apos;
[DEBUG] main org.springframework.beans.factory.support.AbstractAutowireCapableBeanFactory.doCreateBean(AbstractAutowireCapableBeanFactory.java:573) 2020-11-12 11:05:17,079 1554ms:Eagerly caching bean &apos;org.springframework.context.event.internalEventListenerProcessor&apos; to allow for resolving potential circular references
[DEBUG] main org.springframework.beans.factory.support.AbstractAutowireCapableBeanFactory.createBean(AbstractAutowireCapableBeanFactory.java:504) 2020-11-12 11:05:17,082 1557ms:Finished creating instance of bean &apos;org.springframework.context.event.internalEventListenerProcessor&apos;
[DEBUG] main org.springframework.beans.factory.support.DefaultSingletonBeanRegistry.getSingleton(DefaultSingletonBeanRegistry.java:219) 2020-11-12 11:05:17,083 1558ms:Creating shared instance of singleton bean &apos;org.springframework.context.event.internalEventListenerFactory&apos;
[DEBUG] main org.springframework.beans.factory.support.AbstractAutowireCapableBeanFactory.createBean(AbstractAutowireCapableBeanFactory.java:467) 2020-11-12 11:05:17,083 1558ms:Creating instance of bean &apos;org.springframework.context.event.internalEventListenerFactory&apos;
[DEBUG] main org.springframework.beans.factory.support.AbstractAutowireCapableBeanFactory.doCreateBean(AbstractAutowireCapableBeanFactory.java:573) 2020-11-12 11:05:17,084 1559ms:Eagerly caching bean &apos;org.springframework.context.event.internalEventListenerFactory&apos; to allow for resolving potential circular references
[DEBUG] main org.springframework.beans.factory.support.AbstractAutowireCapableBeanFactory.createBean(AbstractAutowireCapableBeanFactory.java:504) 2020-11-12 11:05:17,087 1562ms:Finished creating instance of bean &apos;org.springframework.context.event.internalEventListenerFactory&apos;
[DEBUG] main org.springframework.beans.factory.support.AbstractBeanFactory.doGetBean(AbstractBeanFactory.java:255) 2020-11-12 11:05:17,087 1562ms:Returning cached instance of singleton bean &apos;org.springframework.context.support.PropertySourcesPlaceholderConfigurer#0&apos;
[DEBUG] main org.springframework.beans.factory.support.AbstractBeanFactory.doGetBean(AbstractBeanFactory.java:255) 2020-11-12 11:05:17,087 1562ms:Returning cached instance of singleton bean &apos;dataSource&apos;
[DEBUG] main org.springframework.beans.factory.support.AbstractBeanFactory.doGetBean(AbstractBeanFactory.java:255) 2020-11-12 11:05:17,088 1563ms:Returning cached instance of singleton bean &apos;sqlSessionFactoryBean&apos;
[DEBUG] main org.springframework.beans.factory.support.AbstractBeanFactory.doGetBean(AbstractBeanFactory.java:255) 2020-11-12 11:05:17,089 1564ms:Returning cached instance of singleton bean &apos;mapperScannerConfigurer&apos;
[DEBUG] main org.springframework.beans.factory.support.AbstractBeanFactory.doGetBean(AbstractBeanFactory.java:255) 2020-11-12 11:05:17,089 1564ms:Returning cached instance of singleton bean &apos;accountDao&apos;
[DEBUG] main org.springframework.beans.factory.support.AbstractBeanFactory.doGetBean(AbstractBeanFactory.java:255) 2020-11-12 11:05:17,090 1565ms:Returning cached instance of singleton bean &apos;org.springframework.context.event.internalEventListenerFactory&apos;
[DEBUG] main org.springframework.context.support.AbstractApplicationContext.initLifecycleProcessor(AbstractApplicationContext.java:791) 2020-11-12 11:05:17,135 1610ms:Unable to locate LifecycleProcessor with name &apos;lifecycleProcessor&apos;: using default [org.springframework.context.support.DefaultLifecycleProcessor@114b6c2]
[DEBUG] main org.springframework.beans.factory.support.AbstractBeanFactory.doGetBean(AbstractBeanFactory.java:255) 2020-11-12 11:05:17,135 1610ms:Returning cached instance of singleton bean &apos;lifecycleProcessor&apos;
[DEBUG] main org.springframework.beans.factory.support.AbstractBeanFactory.doGetBean(AbstractBeanFactory.java:255) 2020-11-12 11:05:17,143 1618ms:Returning cached instance of singleton bean &apos;sqlSessionFactoryBean&apos;
[DEBUG] main org.springframework.core.env.PropertySourcesPropertyResolver.getProperty(PropertySourcesPropertyResolver.java:96) 2020-11-12 11:05:17,145 1620ms:Could not find key &apos;spring.liveBeansView.mbeanDomain&apos; in any property source
[DEBUG] main org.springframework.test.context.cache.DefaultCacheAwareContextLoaderDelegate.loadContext(DefaultCacheAwareContextLoaderDelegate.java:119) 2020-11-12 11:05:17,149 1624ms:Storing ApplicationContext in cache under key [[MergedContextConfiguration@17b7b6 testClass = TestTransfer, locations = &apos;{classpath:spring.xml}&apos;, classes = &apos;{}&apos;, contextInitializerClasses = &apos;[]&apos;, activeProfiles = &apos;{}&apos;, propertySourceLocations = &apos;{}&apos;, propertySourceProperties = &apos;{}&apos;, contextCustomizers = set[[empty]], contextLoader = &apos;org.springframework.test.context.support.DelegatingSmartContextLoader&apos;, parent = [null]]]
[DEBUG] main org.springframework.test.context.cache.DefaultContextCache.logStatistics(DefaultContextCache.java:294) 2020-11-12 11:05:17,150 1625ms:Spring test ApplicationContext cache statistics: [DefaultContextCache@140477f size = 1, maxSize = 32, parentContextCount = 0, hitCount = 0, missCount = 1]
[DEBUG] main org.springframework.beans.factory.annotation.InjectionMetadata.inject(InjectionMetadata.java:89) 2020-11-12 11:05:17,153 1628ms:Processing injected element of bean &apos;com.itheima.TestTransfer&apos;: AutowiredFieldElement for private com.itheima.controller.AccountController com.itheima.TestTransfer.accountController
[DEBUG] main org.springframework.core.annotation.AnnotationUtils.handleIntrospectionFailure(AnnotationUtils.java:1859) 2020-11-12 11:05:17,153 1628ms:Failed to meta-introspect annotation [interface org.springframework.beans.factory.annotation.Autowired]: java.lang.IllegalArgumentException: Annotation must not be null
[DEBUG] main org.springframework.beans.factory.support.AbstractBeanFactory.doGetBean(AbstractBeanFactory.java:255) 2020-11-12 11:05:17,154 1629ms:Returning cached instance of singleton bean &apos;accountController&apos;
[DEBUG] main org.springframework.beans.factory.annotation.AutowiredAnnotationBeanPostProcessor.registerDependentBeans(AutowiredAnnotationBeanPostProcessor.java:529) 2020-11-12 11:05:17,155 1630ms:Autowiring by type from bean name &apos;com.itheima.TestTransfer&apos; to bean named &apos;accountController&apos;
[DEBUG] main org.springframework.test.context.support.AbstractDirtiesContextTestExecutionListener.beforeOrAfterTestMethod(AbstractDirtiesContextTestExecutionListener.java:107) 2020-11-12 11:05:17,160 1635ms:Before test method: context [DefaultTestContext@176b067 testClass = TestTransfer, testInstance = com.itheima.TestTransfer@1f13d6e, testMethod = test01@TestTransfer, testException = [null], mergedContextConfiguration = [MergedContextConfiguration@17b7b6 testClass = TestTransfer, locations = &apos;{classpath:spring.xml}&apos;, classes = &apos;{}&apos;, contextInitializerClasses = &apos;[]&apos;, activeProfiles = &apos;{}&apos;, propertySourceLocations = &apos;{}&apos;, propertySourceProperties = &apos;{}&apos;, contextCustomizers = set[[empty]], contextLoader = &apos;org.springframework.test.context.support.DelegatingSmartContextLoader&apos;, parent = [null]], attributes = map[[empty]]], class annotated with @DirtiesContext [false] with mode [null], method annotated with @DirtiesContext [false] with mode [null].
[DEBUG] main org.mybatis.spring.SqlSessionUtils.getSqlSession(SqlSessionUtils.java:99) 2020-11-12 11:05:17,177 1652ms:Creating a new SqlSession
[DEBUG] main org.mybatis.spring.SqlSessionUtils.registerSessionHolder(SqlSessionUtils.java:150) 2020-11-12 11:05:17,188 1663ms:SqlSession [org.apache.ibatis.session.defaults.DefaultSqlSession@3f91c3] was not registered for synchronization because synchronization is not active
[DEBUG] main org.springframework.jdbc.datasource.DataSourceUtils.doGetConnection(DataSourceUtils.java:114) 2020-11-12 11:05:17,201 1676ms:Fetching JDBC Connection from DataSource
[INFO ] main com.alibaba.druid.pool.DruidDataSource.init(DruidDataSource.java:655) 2020-11-12 11:05:17,366 1841ms:{dataSource-1} inited
[DEBUG] main org.mybatis.spring.transaction.SpringManagedTransaction.openConnection(SpringManagedTransaction.java:89) 2020-11-12 11:05:17,737 2212ms:JDBC Connection [com.mysql.jdbc.JDBC4Connection@14c4b1a] will not be managed by Spring
[DEBUG] main org.apache.ibatis.logging.jdbc.BaseJdbcLogger.debug(BaseJdbcLogger.java:143) 2020-11-12 11:05:17,750 2225ms:==&gt;  Preparing: update account set money=money+? where name=? 
[DEBUG] main org.apache.ibatis.logging.jdbc.BaseJdbcLogger.debug(BaseJdbcLogger.java:143) 2020-11-12 11:05:17,792 2267ms:==&gt; Parameters: -520.0(Double), aobama(String)
[DEBUG] main org.apache.ibatis.logging.jdbc.BaseJdbcLogger.debug(BaseJdbcLogger.java:143) 2020-11-12 11:05:17,797 2272ms:&lt;==    Updates: 1
[DEBUG] main org.mybatis.spring.SqlSessionUtils.closeSqlSession(SqlSessionUtils.java:193) 2020-11-12 11:05:17,798 2273ms:Closing non transactional SqlSession [org.apache.ibatis.session.defaults.DefaultSqlSession@3f91c3]
[DEBUG] main org.springframework.jdbc.datasource.DataSourceUtils.doReleaseConnection(DataSourceUtils.java:340) 2020-11-12 11:05:17,798 2273ms:Returning JDBC Connection to DataSource
[DEBUG] main org.springframework.test.context.support.AbstractDirtiesContextTestExecutionListener.beforeOrAfterTestMethod(AbstractDirtiesContextTestExecutionListener.java:107) 2020-11-12 11:05:17,801 2276ms:After test method: context [DefaultTestContext@176b067 testClass = TestTransfer, testInstance = com.itheima.TestTransfer@1f13d6e, testMethod = test01@TestTransfer, testException = java.lang.ArithmeticException: / by zero, mergedContextConfiguration = [MergedContextConfiguration@17b7b6 testClass = TestTransfer, locations = &apos;{classpath:spring.xml}&apos;, classes = &apos;{}&apos;, contextInitializerClasses = &apos;[]&apos;, activeProfiles = &apos;{}&apos;, propertySourceLocations = &apos;{}&apos;, propertySourceProperties = &apos;{}&apos;, contextCustomizers = set[[empty]], contextLoader = &apos;org.springframework.test.context.support.DelegatingSmartContextLoader&apos;, parent = [null]], attributes = map[[empty]]], class annotated with @DirtiesContext [false] with mode [null], method annotated with @DirtiesContext [false] with mode [null].
</system-out>
  </testcase>
</testsuite>