<?xml version="1.0" encoding="UTF-8" ?>
<testsuite tests="2" failures="0" name="com.itheima.TestMybatis" time="1.758" errors="1" skipped="0">
  <properties>
[...]
</properties>
  <testcase classname="com.itheima.TestMybatis" name="testFindAll" time="1.025"/>
  <testcase classname="com.itheima.TestMybatis" name="test02" time="0.733">
    <error message="Error creating bean with name &apos;sessionFactory&apos; defined in class path resource [spring-mybatis.xml]: Invocation of init method failed; nested exception is java.lang.IllegalArgumentException: Property &apos;dataSource&apos; is required" type="org.springframework.beans.factory.BeanCreationException">org.springframework.beans.factory.BeanCreationException: Error creating bean with name &apos;sessionFactory&apos; defined in class path resource [spring-mybatis.xml]: Invocation of init method failed; nested exception is java.lang.IllegalArgumentException: Property &apos;dataSource&apos; is required
	at org.springframework.beans.factory.support.AbstractAutowireCapableBeanFactory.initializeBean(AbstractAutowireCapableBeanFactory.java:1710)
	at org.springframework.beans.factory.support.AbstractAutowireCapableBeanFactory.doCreateBean(AbstractAutowireCapableBeanFactory.java:583)
	at org.springframework.beans.factory.support.AbstractAutowireCapableBeanFactory.createBean(AbstractAutowireCapableBeanFactory.java:502)
	at org.springframework.beans.factory.support.AbstractBeanFactory.lambda$doGetBean$0(AbstractBeanFactory.java:312)
	at org.springframework.beans.factory.support.DefaultSingletonBeanRegistry.getSingleton(DefaultSingletonBeanRegistry.java:228)
	at org.springframework.beans.factory.support.AbstractBeanFactory.doGetBean(AbstractBeanFactory.java:310)
	at org.springframework.beans.factory.support.AbstractBeanFactory.getBean(AbstractBeanFactory.java:200)
	at org.springframework.beans.factory.support.DefaultListableBeanFactory.preInstantiateSingletons(DefaultListableBeanFactory.java:742)
	at org.springframework.context.support.AbstractApplicationContext.finishBeanFactoryInitialization(AbstractApplicationContext.java:868)
	at org.springframework.context.support.AbstractApplicationContext.refresh(AbstractApplicationContext.java:549)
	at org.springframework.context.support.ClassPathXmlApplicationContext.&lt;init&gt;(ClassPathXmlApplicationContext.java:144)
	at org.springframework.context.support.ClassPathXmlApplicationContext.&lt;init&gt;(ClassPathXmlApplicationContext.java:85)
	at com.itheima.TestMybatis.test02(TestMybatis.java:52)
	at sun.reflect.NativeMethodAccessorImpl.invoke0(Native Method)
	at sun.reflect.NativeMethodAccessorImpl.invoke(NativeMethodAccessorImpl.java:62)
	at sun.reflect.DelegatingMethodAccessorImpl.invoke(DelegatingMethodAccessorImpl.java:43)
	at java.lang.reflect.Method.invoke(Method.java:498)
	at org.junit.runners.model.FrameworkMethod$1.runReflectiveCall(FrameworkMethod.java:50)
	at org.junit.internal.runners.model.ReflectiveCallable.run(ReflectiveCallable.java:12)
	at org.junit.runners.model.FrameworkMethod.invokeExplosively(FrameworkMethod.java:47)
	at org.junit.internal.runners.statements.InvokeMethod.evaluate(InvokeMethod.java:17)
	at org.junit.runners.ParentRunner.runLeaf(ParentRunner.java:325)
	at org.junit.runners.BlockJUnit4ClassRunner.runChild(BlockJUnit4ClassRunner.java:78)
	at org.junit.runners.BlockJUnit4ClassRunner.runChild(BlockJUnit4ClassRunner.java:57)
	at org.junit.runners.ParentRunner$3.run(ParentRunner.java:290)
	at org.junit.runners.ParentRunner$1.schedule(ParentRunner.java:71)
	at org.junit.runners.ParentRunner.runChildren(ParentRunner.java:288)
	at org.junit.runners.ParentRunner.access$000(ParentRunner.java:58)
	at org.junit.runners.ParentRunner$2.evaluate(ParentRunner.java:268)
	at org.junit.runners.ParentRunner.run(ParentRunner.java:363)
	at org.apache.maven.surefire.junit4.JUnit4Provider.execute(JUnit4Provider.java:252)
	at org.apache.maven.surefire.junit4.JUnit4Provider.executeTestSet(JUnit4Provider.java:141)
	at org.apache.maven.surefire.junit4.JUnit4Provider.invoke(JUnit4Provider.java:112)
	at sun.reflect.NativeMethodAccessorImpl.invoke0(Native Method)
	at sun.reflect.NativeMethodAccessorImpl.invoke(NativeMethodAccessorImpl.java:62)
	at sun.reflect.DelegatingMethodAccessorImpl.invoke(DelegatingMethodAccessorImpl.java:43)
	at java.lang.reflect.Method.invoke(Method.java:498)
	at org.apache.maven.surefire.util.ReflectionUtils.invokeMethodWithArray(ReflectionUtils.java:189)
	at org.apache.maven.surefire.booter.ProviderFactory$ProviderProxy.invoke(ProviderFactory.java:165)
	at org.apache.maven.surefire.booter.ProviderFactory.invokeProvider(ProviderFactory.java:85)
	at org.apache.maven.surefire.booter.ForkedBooter.runSuitesInProcess(ForkedBooter.java:115)
	at org.apache.maven.surefire.booter.ForkedBooter.main(ForkedBooter.java:75)
Caused by: java.lang.IllegalArgumentException: Property &apos;dataSource&apos; is required
	at org.springframework.util.Assert.notNull(Assert.java:193)
	at org.mybatis.spring.SqlSessionFactoryBean.afterPropertiesSet(SqlSessionFactoryBean.java:376)
	at org.springframework.beans.factory.support.AbstractAutowireCapableBeanFactory.invokeInitMethods(AbstractAutowireCapableBeanFactory.java:1769)
	at org.springframework.beans.factory.support.AbstractAutowireCapableBeanFactory.initializeBean(AbstractAutowireCapableBeanFactory.java:1706)
	... 41 more
</error>
    <system-out>[DEBUG] main org.springframework.core.env.MutablePropertySources.addLast(MutablePropertySources.java:109) 2020-11-11 10:27:32,442 803ms:Adding PropertySource &apos;systemProperties&apos; with lowest search precedence
[DEBUG] main org.springframework.core.env.MutablePropertySources.addLast(MutablePropertySources.java:109) 2020-11-11 10:27:32,442 803ms:Adding PropertySource &apos;systemEnvironment&apos; with lowest search precedence
[DEBUG] main org.springframework.core.env.AbstractEnvironment.&lt;init&gt;(AbstractEnvironment.java:125) 2020-11-11 10:27:32,442 803ms:Initialized StandardEnvironment with PropertySources [MapPropertySource@19327301 {name=&apos;systemProperties&apos;, properties={java.runtime.name=Java(TM) SE Runtime Environment, sun.boot.library.path=C:\Program Files (x86)\Java\jdk1.8.0_171\jre\bin, java.vm.version=25.171-b11, java.vm.vendor=Oracle Corporation, java.vendor.url=http://java.oracle.com/, path.separator=;, java.vm.name=Java HotSpot(TM) Client VM, file.encoding.pkg=sun.io, user.country=CN, user.script=, sun.java.launcher=SUN_STANDARD, sun.os.patch.level=, java.vm.specification.name=Java Virtual Machine Specification, user.dir=C:\JavaEE_Relation\JavaEE104\itheima104_spring\day45_04_mybatis, java.runtime.version=1.8.0_171-b11, basedir=C:\JavaEE_Relation\JavaEE104\itheima104_spring\day45_04_mybatis, java.awt.graphicsenv=sun.awt.Win32GraphicsEnvironment, java.endorsed.dirs=C:\Program Files (x86)\Java\jdk1.8.0_171\jre\lib\endorsed, os.arch=x86, surefire.real.class.path=C:\JavaEE_Relation\JavaEE104\itheima104_spring\day45_04_mybatis\target\surefire\surefirebooter7166027288151564912.jar, java.io.tmpdir=C:\Users\FANYIX~1\AppData\Local\Temp\, line.separator=
, java.vm.specification.vendor=Oracle Corporation, user.variant=, os.name=Windows 10, sun.jnu.encoding=GBK, java.library.path=C:\Program Files (x86)\Java\jdk1.8.0_171\jre\bin;C:\WINDOWS\Sun\Java\bin;C:\WINDOWS\system32;C:\WINDOWS;C:\Program Files (x86)\Common Files\Oracle\Java\javapath;C:\Windows\system32;C:\Windows;C:\Windows\System32\Wbem;C:\Windows\System32\WindowsPowerShell\v1.0\;C:\Program Files (x86)\NVIDIA Corporation\PhysX\Common;C:\WINDOWS\system32;C:\WINDOWS;C:\WINDOWS\System32\Wbem;C:\WINDOWS\System32\WindowsPowerShell\v1.0\;C:\Program Files\IDM Computer Solutions\UltraEdit;C:\apache-tomcat-8.5.27\bin;C:\WINDOWS\System32\OpenSSH\;C:\Program Files\VanDyke Software\Clients\;C:\Program Files (x86)\MySQL\MySQL Server 5.5\bin;C:\Program Files\Intel\WiFi\bin\;C:\Program Files\Common Files\Intel\WirelessCommon\;C:\software\Git\cmd;C:\software\erl9.3\bin;C:\software\nodejs\;C:\software\VisualSVN Server\bin;C:\software\TortoiseSVN\bin;C:\Program Files\NVIDIA Corporation\NVIDIA NvDLISR;c:\Program Files (x86)\Intel\Intel(R) Management Engine Components\DAL;c:\Program Files\Intel\Intel(R) Management Engine Components\DAL;C:\software\putty\;C:\maven\apache-maven-3.5.2\bin;C:\Program Files (x86)\Java\jdk1.8.0_171\bin;C:\Program Files (x86)\Java\jdk1.8.0_171\jre\bin;C:\software\TortoiseGit\bin;C:\Users\Fanyi Xiao\AppData\Local\Microsoft\WindowsApps;C:\Users\Fanyi Xiao\AppData\Local\Microsoft\WindowsApps;C:\Users\Fanyi Xiao\AppData\Local\BypassRuntm;C:\Users\Fanyi Xiao\AppData\Roaming\npm;C:\software\IntelliJ IDEA 2019.3.2\bin;;C:\software\Microsoft VS Code\bin;., surefire.test.class.path=C:\JavaEE_Relation\JavaEE104\itheima104_spring\day45_04_mybatis\target\test-classes;C:\JavaEE_Relation\JavaEE104\itheima104_spring\day45_04_mybatis\target\classes;C:\maven\apache-maven-3.5.2\repository\org\springframework\spring-jdbc\5.0.2.RELEASE\spring-jdbc-5.0.2.RELEASE.jar;C:\maven\apache-maven-3.5.2\repository\org\springframework\spring-beans\5.0.2.RELEASE\spring-beans-5.0.2.RELEASE.jar;C:\maven\apache-maven-3.5.2\repository\org\springframework\spring-core\5.0.2.RELEASE\spring-core-5.0.2.RELEASE.jar;C:\maven\apache-maven-3.5.2\repository\org\springframework\spring-jcl\5.0.2.RELEASE\spring-jcl-5.0.2.RELEASE.jar;C:\maven\apache-maven-3.5.2\repository\org\springframework\spring-tx\5.0.2.RELEASE\spring-tx-5.0.2.RELEASE.jar;C:\maven\apache-maven-3.5.2\repository\org\springframework\spring-context\5.0.2.RELEASE\spring-context-5.0.2.RELEASE.jar;C:\maven\apache-maven-3.5.2\repository\org\springframework\spring-aop\5.0.2.RELEASE\spring-aop-5.0.2.RELEASE.jar;C:\maven\apache-maven-3.5.2\repository\org\springframework\spring-expression\5.0.2.RELEASE\spring-expression-5.0.2.RELEASE.jar;C:\maven\apache-maven-3.5.2\repository\log4j\log4j\1.2.12\log4j-1.2.12.jar;C:\maven\apache-maven-3.5.2\repository\org\slf4j\slf4j-api\1.6.6\slf4j-api-1.6.6.jar;C:\maven\apache-maven-3.5.2\repository\org\slf4j\slf4j-log4j12\1.6.6\slf4j-log4j12-1.6.6.jar;C:\maven\apache-maven-3.5.2\repository\org\mybatis\mybatis-spring\1.3.0\mybatis-spring-1.3.0.jar;C:\maven\apache-maven-3.5.2\repository\org\mybatis\mybatis\3.5.3\mybatis-3.5.3.jar;C:\maven\apache-maven-3.5.2\repository\org\projectlombok\lombok\1.18.10\lombok-1.18.10.jar;C:\maven\apache-maven-3.5.2\repository\junit\junit\4.12\junit-4.12.jar;C:\maven\apache-maven-3.5.2\repository\org\hamcrest\hamcrest-core\1.3\hamcrest-core-1.3.jar;C:\maven\apache-maven-3.5.2\repository\mysql\mysql-connector-java\5.1.6\mysql-connector-java-5.1.6.jar;, java.specification.name=Java Platform API Specification, java.class.version=52.0, sun.management.compiler=HotSpot Client Compiler, maven.repo.local=C:\maven\apache-maven-3.5.2\repository, os.version=10.0, user.home=C:\Users\Fanyi Xiao, user.timezone=Asia/Shanghai, java.awt.printerjob=sun.awt.windows.WPrinterJob, file.encoding=GBK, java.specification.version=1.8, java.class.path=C:\JavaEE_Relation\JavaEE104\itheima104_spring\day45_04_mybatis\target\test-classes;C:\JavaEE_Relation\JavaEE104\itheima104_spring\day45_04_mybatis\target\classes;C:\maven\apache-maven-3.5.2\repository\org\springframework\spring-jdbc\5.0.2.RELEASE\spring-jdbc-5.0.2.RELEASE.jar;C:\maven\apache-maven-3.5.2\repository\org\springframework\spring-beans\5.0.2.RELEASE\spring-beans-5.0.2.RELEASE.jar;C:\maven\apache-maven-3.5.2\repository\org\springframework\spring-core\5.0.2.RELEASE\spring-core-5.0.2.RELEASE.jar;C:\maven\apache-maven-3.5.2\repository\org\springframework\spring-jcl\5.0.2.RELEASE\spring-jcl-5.0.2.RELEASE.jar;C:\maven\apache-maven-3.5.2\repository\org\springframework\spring-tx\5.0.2.RELEASE\spring-tx-5.0.2.RELEASE.jar;C:\maven\apache-maven-3.5.2\repository\org\springframework\spring-context\5.0.2.RELEASE\spring-context-5.0.2.RELEASE.jar;C:\maven\apache-maven-3.5.2\repository\org\springframework\spring-aop\5.0.2.RELEASE\spring-aop-5.0.2.RELEASE.jar;C:\maven\apache-maven-3.5.2\repository\org\springframework\spring-expression\5.0.2.RELEASE\spring-expression-5.0.2.RELEASE.jar;C:\maven\apache-maven-3.5.2\repository\log4j\log4j\1.2.12\log4j-1.2.12.jar;C:\maven\apache-maven-3.5.2\repository\org\slf4j\slf4j-api\1.6.6\slf4j-api-1.6.6.jar;C:\maven\apache-maven-3.5.2\repository\org\slf4j\slf4j-log4j12\1.6.6\slf4j-log4j12-1.6.6.jar;C:\maven\apache-maven-3.5.2\repository\org\mybatis\mybatis-spring\1.3.0\mybatis-spring-1.3.0.jar;C:\maven\apache-maven-3.5.2\repository\org\mybatis\mybatis\3.5.3\mybatis-3.5.3.jar;C:\maven\apache-maven-3.5.2\repository\org\projectlombok\lombok\1.18.10\lombok-1.18.10.jar;C:\maven\apache-maven-3.5.2\repository\junit\junit\4.12\junit-4.12.jar;C:\maven\apache-maven-3.5.2\repository\org\hamcrest\hamcrest-core\1.3\hamcrest-core-1.3.jar;C:\maven\apache-maven-3.5.2\repository\mysql\mysql-connector-java\5.1.6\mysql-connector-java-5.1.6.jar;, user.name=Fanyi Xiao, java.vm.specification.version=1.8, sun.java.command=C:\JavaEE_Relation\JavaEE104\itheima104_spring\day45_04_mybatis\target\surefire\surefirebooter7166027288151564912.jar C:\JavaEE_Relation\JavaEE104\itheima104_spring\day45_04_mybatis\target\surefire\surefire8788397085222092856tmp C:\JavaEE_Relation\JavaEE104\itheima104_spring\day45_04_mybatis\target\surefire\surefire_05717620343070863741tmp, java.home=C:\Program Files (x86)\Java\jdk1.8.0_171\jre, sun.arch.data.model=32, idea.version2020.1.3=true, user.language=zh, java.specification.vendor=Oracle Corporation, awt.toolkit=sun.awt.windows.WToolkit, java.vm.info=mixed mode, sharing, java.version=1.8.0_171, java.ext.dirs=C:\Program Files (x86)\Java\jdk1.8.0_171\jre\lib\ext;C:\WINDOWS\Sun\Java\lib\ext, sun.boot.class.path=C:\Program Files (x86)\Java\jdk1.8.0_171\jre\lib\resources.jar;C:\Program Files (x86)\Java\jdk1.8.0_171\jre\lib\rt.jar;C:\Program Files (x86)\Java\jdk1.8.0_171\jre\lib\sunrsasign.jar;C:\Program Files (x86)\Java\jdk1.8.0_171\jre\lib\jsse.jar;C:\Program Files (x86)\Java\jdk1.8.0_171\jre\lib\jce.jar;C:\Program Files (x86)\Java\jdk1.8.0_171\jre\lib\charsets.jar;C:\Program Files (x86)\Java\jdk1.8.0_171\jre\lib\jfr.jar;C:\Program Files (x86)\Java\jdk1.8.0_171\jre\classes, java.vendor=Oracle Corporation, localRepository=C:\maven\apache-maven-3.5.2\repository, file.separator=\, java.vendor.url.bug=http://bugreport.sun.com/bugreport/, sun.io.unicode.encoding=UnicodeLittle, sun.cpu.endian=little, sun.desktop=windows, sun.cpu.isalist=pentium_pro+mmx pentium_pro pentium+mmx pentium i486 i386 i86}}, SystemEnvironmentPropertySource@27679269 {name=&apos;systemEnvironment&apos;, properties={PATH=C:\Program Files (x86)\Common Files\Oracle\Java\javapath;C:\Windows\system32;C:\Windows;C:\Windows\System32\Wbem;C:\Windows\System32\WindowsPowerShell\v1.0\;C:\Program Files (x86)\NVIDIA Corporation\PhysX\Common;C:\WINDOWS\system32;C:\WINDOWS;C:\WINDOWS\System32\Wbem;C:\WINDOWS\System32\WindowsPowerShell\v1.0\;C:\Program Files\IDM Computer Solutions\UltraEdit;C:\apache-tomcat-8.5.27\bin;C:\WINDOWS\System32\OpenSSH\;C:\Program Files\VanDyke Software\Clients\;C:\Program Files (x86)\MySQL\MySQL Server 5.5\bin;C:\Program Files\Intel\WiFi\bin\;C:\Program Files\Common Files\Intel\WirelessCommon\;C:\software\Git\cmd;C:\software\erl9.3\bin;C:\software\nodejs\;C:\software\VisualSVN Server\bin;C:\software\TortoiseSVN\bin;C:\Program Files\NVIDIA Corporation\NVIDIA NvDLISR;c:\Program Files (x86)\Intel\Intel(R) Management Engine Components\DAL;c:\Program Files\Intel\Intel(R) Management Engine Components\DAL;C:\software\putty\;C:\maven\apache-maven-3.5.2\bin;C:\Program Files (x86)\Java\jdk1.8.0_171\bin;C:\Program Files (x86)\Java\jdk1.8.0_171\jre\bin;C:\software\TortoiseGit\bin;C:\Users\Fanyi Xiao\AppData\Local\Microsoft\WindowsApps;C:\Users\Fanyi Xiao\AppData\Local\Microsoft\WindowsApps;C:\Users\Fanyi Xiao\AppData\Local\BypassRuntm;C:\Users\Fanyi Xiao\AppData\Roaming\npm;C:\software\IntelliJ IDEA 2019.3.2\bin;;C:\software\Microsoft VS Code\bin, USERDOMAIN_ROAMINGPROFILE=LAPTOP-IMF9CK3L, PROCESSOR_LEVEL=6, SYSTEMDRIVE=C:, SESSIONNAME=Console, ALLUSERSPROFILE=C:\ProgramData, PROCESSOR_ARCHITECTURE=x86, DRIVERDATA=C:\Windows\System32\Drivers\DriverData, MAVEN_HOME=C:\maven\apache-maven-3.5.2, PROGRAMFILES=C:\Program Files (x86), MOZ_PLUGIN_PATH=C:\PROGRAM FILES (X86)\FOXIT SOFTWARE\FOXIT PHANTOMPDF\plugins\, PSMODULEPATH=C:\Program Files\WindowsPowerShell\Modules;C:\WINDOWS\system32\WindowsPowerShell\v1.0\Modules;C:\software\VisualSVN Server\PowerShellModules, PROGRAMDATA=C:\ProgramData, USERNAME=Fanyi Xiao, VISUALSVN_SERVER=C:\software\VisualSVN Server\, FPS_BROWSER_USER_PROFILE_STRING=Default, ONEDRIVE=C:\Users\Fanyi Xiao\OneDrive, CONFIGSETROOT=C:\WINDOWS\ConfigSetRoot, PATHEXT=.COM;.EXE;.BAT;.CMD;.VBS;.VBE;.JS;.JSE;.WSF;.WSH;.MSC, PROCESSOR_ARCHITEW6432=AMD64, WINDIR=C:\WINDOWS, HOMEPATH=\Users\Fanyi Xiao, PROCESSOR_IDENTIFIER=Intel64 Family 6 Model 94 Stepping 3, GenuineIntel, PUBLIC=C:\Users\Public, =::=::\, LOCALAPPDATA=C:\Users\Fanyi Xiao\AppData\Local, COMMONPROGRAMFILES(X86)=C:\Program Files (x86)\Common Files, USERDOMAIN=LAPTOP-IMF9CK3L, FPS_BROWSER_APP_PROFILE_STRING=Internet Explorer, LOGONSERVER=\\LAPTOP-IMF9CK3L, JAVA_HOME=C:\Program Files (x86)\Java\jdk1.8.0_171, PROMPT=$P$G, PROGRAMFILES(X86)=C:\Program Files (x86), ASL.LOG=Destination=file, INTELLIJ IDEA=C:\software\IntelliJ IDEA 2019.3.2\bin;, ERLANG_HOME=C:\software\erl9.3, =C:=C:\JavaEE_Relation\JavaEE104\itheima104_spring\day45_04_mybatis, APPDATA=C:\Users\Fanyi Xiao\AppData\Roaming, PROGRAMW6432=C:\Program Files, SYSTEMROOT=C:\WINDOWS, OS=Windows_NT, COMMONPROGRAMW6432=C:\Program Files\Common Files, COMPUTERNAME=LAPTOP-IMF9CK3L, COMMONPROGRAMFILES=C:\Program Files (x86)\Common Files, COMSPEC=C:\WINDOWS\system32\cmd.exe, PROCESSOR_REVISION=5e03, CLASSPATH=.;C:\Program Files (x86)\Java\jdk1.8.0_171\lib;C:\Program Files (x86)\Java\jdk1.8.0_171\lib\dt.jar;C:\Program Files (x86)\Java\jdk1.8.0_171\lib\tools.jar, WXDRIVE_START_ARGS=--wxdrive-setting=0 --disable-gpu --disable-software-rasterizer --enable-features=NetworkServiceInProcess, TEMP=C:\Users\FANYIX~1\AppData\Local\Temp, HOMEDRIVE=C:, USERPROFILE=C:\Users\Fanyi Xiao, TMP=C:\Users\FANYIX~1\AppData\Local\Temp, NUMBER_OF_PROCESSORS=8, IDEA_INITIAL_DIRECTORY=C:\Users\Fanyi Xiao\Desktop}}]
[INFO ] main org.springframework.context.support.AbstractApplicationContext.prepareRefresh(AbstractApplicationContext.java:589) 2020-11-11 10:27:32,442 803ms:Refreshing org.springframework.context.support.ClassPathXmlApplicationContext@c5cc4c: startup date [Wed Nov 11 10:27:32 CST 2020]; root of context hierarchy
[DEBUG] main org.springframework.core.env.MutablePropertySources.addLast(MutablePropertySources.java:109) 2020-11-11 10:27:32,536 897ms:Adding PropertySource &apos;systemProperties&apos; with lowest search precedence
[DEBUG] main org.springframework.core.env.MutablePropertySources.addLast(MutablePropertySources.java:109) 2020-11-11 10:27:32,536 897ms:Adding PropertySource &apos;systemEnvironment&apos; with lowest search precedence
[DEBUG] main org.springframework.core.env.AbstractEnvironment.&lt;init&gt;(AbstractEnvironment.java:125) 2020-11-11 10:27:32,536 897ms:Initialized StandardEnvironment with PropertySources [MapPropertySource@10063976 {name=&apos;systemProperties&apos;, properties={java.runtime.name=Java(TM) SE Runtime Environment, sun.boot.library.path=C:\Program Files (x86)\Java\jdk1.8.0_171\jre\bin, java.vm.version=25.171-b11, java.vm.vendor=Oracle Corporation, java.vendor.url=http://java.oracle.com/, path.separator=;, java.vm.name=Java HotSpot(TM) Client VM, file.encoding.pkg=sun.io, user.country=CN, user.script=, sun.java.launcher=SUN_STANDARD, sun.os.patch.level=, java.vm.specification.name=Java Virtual Machine Specification, user.dir=C:\JavaEE_Relation\JavaEE104\itheima104_spring\day45_04_mybatis, java.runtime.version=1.8.0_171-b11, basedir=C:\JavaEE_Relation\JavaEE104\itheima104_spring\day45_04_mybatis, java.awt.graphicsenv=sun.awt.Win32GraphicsEnvironment, java.endorsed.dirs=C:\Program Files (x86)\Java\jdk1.8.0_171\jre\lib\endorsed, os.arch=x86, surefire.real.class.path=C:\JavaEE_Relation\JavaEE104\itheima104_spring\day45_04_mybatis\target\surefire\surefirebooter7166027288151564912.jar, java.io.tmpdir=C:\Users\FANYIX~1\AppData\Local\Temp\, line.separator=
, java.vm.specification.vendor=Oracle Corporation, user.variant=, os.name=Windows 10, sun.jnu.encoding=GBK, java.library.path=C:\Program Files (x86)\Java\jdk1.8.0_171\jre\bin;C:\WINDOWS\Sun\Java\bin;C:\WINDOWS\system32;C:\WINDOWS;C:\Program Files (x86)\Common Files\Oracle\Java\javapath;C:\Windows\system32;C:\Windows;C:\Windows\System32\Wbem;C:\Windows\System32\WindowsPowerShell\v1.0\;C:\Program Files (x86)\NVIDIA Corporation\PhysX\Common;C:\WINDOWS\system32;C:\WINDOWS;C:\WINDOWS\System32\Wbem;C:\WINDOWS\System32\WindowsPowerShell\v1.0\;C:\Program Files\IDM Computer Solutions\UltraEdit;C:\apache-tomcat-8.5.27\bin;C:\WINDOWS\System32\OpenSSH\;C:\Program Files\VanDyke Software\Clients\;C:\Program Files (x86)\MySQL\MySQL Server 5.5\bin;C:\Program Files\Intel\WiFi\bin\;C:\Program Files\Common Files\Intel\WirelessCommon\;C:\software\Git\cmd;C:\software\erl9.3\bin;C:\software\nodejs\;C:\software\VisualSVN Server\bin;C:\software\TortoiseSVN\bin;C:\Program Files\NVIDIA Corporation\NVIDIA NvDLISR;c:\Program Files (x86)\Intel\Intel(R) Management Engine Components\DAL;c:\Program Files\Intel\Intel(R) Management Engine Components\DAL;C:\software\putty\;C:\maven\apache-maven-3.5.2\bin;C:\Program Files (x86)\Java\jdk1.8.0_171\bin;C:\Program Files (x86)\Java\jdk1.8.0_171\jre\bin;C:\software\TortoiseGit\bin;C:\Users\Fanyi Xiao\AppData\Local\Microsoft\WindowsApps;C:\Users\Fanyi Xiao\AppData\Local\Microsoft\WindowsApps;C:\Users\Fanyi Xiao\AppData\Local\BypassRuntm;C:\Users\Fanyi Xiao\AppData\Roaming\npm;C:\software\IntelliJ IDEA 2019.3.2\bin;;C:\software\Microsoft VS Code\bin;., surefire.test.class.path=C:\JavaEE_Relation\JavaEE104\itheima104_spring\day45_04_mybatis\target\test-classes;C:\JavaEE_Relation\JavaEE104\itheima104_spring\day45_04_mybatis\target\classes;C:\maven\apache-maven-3.5.2\repository\org\springframework\spring-jdbc\5.0.2.RELEASE\spring-jdbc-5.0.2.RELEASE.jar;C:\maven\apache-maven-3.5.2\repository\org\springframework\spring-beans\5.0.2.RELEASE\spring-beans-5.0.2.RELEASE.jar;C:\maven\apache-maven-3.5.2\repository\org\springframework\spring-core\5.0.2.RELEASE\spring-core-5.0.2.RELEASE.jar;C:\maven\apache-maven-3.5.2\repository\org\springframework\spring-jcl\5.0.2.RELEASE\spring-jcl-5.0.2.RELEASE.jar;C:\maven\apache-maven-3.5.2\repository\org\springframework\spring-tx\5.0.2.RELEASE\spring-tx-5.0.2.RELEASE.jar;C:\maven\apache-maven-3.5.2\repository\org\springframework\spring-context\5.0.2.RELEASE\spring-context-5.0.2.RELEASE.jar;C:\maven\apache-maven-3.5.2\repository\org\springframework\spring-aop\5.0.2.RELEASE\spring-aop-5.0.2.RELEASE.jar;C:\maven\apache-maven-3.5.2\repository\org\springframework\spring-expression\5.0.2.RELEASE\spring-expression-5.0.2.RELEASE.jar;C:\maven\apache-maven-3.5.2\repository\log4j\log4j\1.2.12\log4j-1.2.12.jar;C:\maven\apache-maven-3.5.2\repository\org\slf4j\slf4j-api\1.6.6\slf4j-api-1.6.6.jar;C:\maven\apache-maven-3.5.2\repository\org\slf4j\slf4j-log4j12\1.6.6\slf4j-log4j12-1.6.6.jar;C:\maven\apache-maven-3.5.2\repository\org\mybatis\mybatis-spring\1.3.0\mybatis-spring-1.3.0.jar;C:\maven\apache-maven-3.5.2\repository\org\mybatis\mybatis\3.5.3\mybatis-3.5.3.jar;C:\maven\apache-maven-3.5.2\repository\org\projectlombok\lombok\1.18.10\lombok-1.18.10.jar;C:\maven\apache-maven-3.5.2\repository\junit\junit\4.12\junit-4.12.jar;C:\maven\apache-maven-3.5.2\repository\org\hamcrest\hamcrest-core\1.3\hamcrest-core-1.3.jar;C:\maven\apache-maven-3.5.2\repository\mysql\mysql-connector-java\5.1.6\mysql-connector-java-5.1.6.jar;, java.specification.name=Java Platform API Specification, java.class.version=52.0, sun.management.compiler=HotSpot Client Compiler, maven.repo.local=C:\maven\apache-maven-3.5.2\repository, os.version=10.0, user.home=C:\Users\Fanyi Xiao, user.timezone=Asia/Shanghai, java.awt.printerjob=sun.awt.windows.WPrinterJob, file.encoding=GBK, java.specification.version=1.8, java.class.path=C:\JavaEE_Relation\JavaEE104\itheima104_spring\day45_04_mybatis\target\test-classes;C:\JavaEE_Relation\JavaEE104\itheima104_spring\day45_04_mybatis\target\classes;C:\maven\apache-maven-3.5.2\repository\org\springframework\spring-jdbc\5.0.2.RELEASE\spring-jdbc-5.0.2.RELEASE.jar;C:\maven\apache-maven-3.5.2\repository\org\springframework\spring-beans\5.0.2.RELEASE\spring-beans-5.0.2.RELEASE.jar;C:\maven\apache-maven-3.5.2\repository\org\springframework\spring-core\5.0.2.RELEASE\spring-core-5.0.2.RELEASE.jar;C:\maven\apache-maven-3.5.2\repository\org\springframework\spring-jcl\5.0.2.RELEASE\spring-jcl-5.0.2.RELEASE.jar;C:\maven\apache-maven-3.5.2\repository\org\springframework\spring-tx\5.0.2.RELEASE\spring-tx-5.0.2.RELEASE.jar;C:\maven\apache-maven-3.5.2\repository\org\springframework\spring-context\5.0.2.RELEASE\spring-context-5.0.2.RELEASE.jar;C:\maven\apache-maven-3.5.2\repository\org\springframework\spring-aop\5.0.2.RELEASE\spring-aop-5.0.2.RELEASE.jar;C:\maven\apache-maven-3.5.2\repository\org\springframework\spring-expression\5.0.2.RELEASE\spring-expression-5.0.2.RELEASE.jar;C:\maven\apache-maven-3.5.2\repository\log4j\log4j\1.2.12\log4j-1.2.12.jar;C:\maven\apache-maven-3.5.2\repository\org\slf4j\slf4j-api\1.6.6\slf4j-api-1.6.6.jar;C:\maven\apache-maven-3.5.2\repository\org\slf4j\slf4j-log4j12\1.6.6\slf4j-log4j12-1.6.6.jar;C:\maven\apache-maven-3.5.2\repository\org\mybatis\mybatis-spring\1.3.0\mybatis-spring-1.3.0.jar;C:\maven\apache-maven-3.5.2\repository\org\mybatis\mybatis\3.5.3\mybatis-3.5.3.jar;C:\maven\apache-maven-3.5.2\repository\org\projectlombok\lombok\1.18.10\lombok-1.18.10.jar;C:\maven\apache-maven-3.5.2\repository\junit\junit\4.12\junit-4.12.jar;C:\maven\apache-maven-3.5.2\repository\org\hamcrest\hamcrest-core\1.3\hamcrest-core-1.3.jar;C:\maven\apache-maven-3.5.2\repository\mysql\mysql-connector-java\5.1.6\mysql-connector-java-5.1.6.jar;, user.name=Fanyi Xiao, java.vm.specification.version=1.8, sun.java.command=C:\JavaEE_Relation\JavaEE104\itheima104_spring\day45_04_mybatis\target\surefire\surefirebooter7166027288151564912.jar C:\JavaEE_Relation\JavaEE104\itheima104_spring\day45_04_mybatis\target\surefire\surefire8788397085222092856tmp C:\JavaEE_Relation\JavaEE104\itheima104_spring\day45_04_mybatis\target\surefire\surefire_05717620343070863741tmp, java.home=C:\Program Files (x86)\Java\jdk1.8.0_171\jre, sun.arch.data.model=32, idea.version2020.1.3=true, user.language=zh, java.specification.vendor=Oracle Corporation, awt.toolkit=sun.awt.windows.WToolkit, java.vm.info=mixed mode, sharing, java.version=1.8.0_171, java.ext.dirs=C:\Program Files (x86)\Java\jdk1.8.0_171\jre\lib\ext;C:\WINDOWS\Sun\Java\lib\ext, sun.boot.class.path=C:\Program Files (x86)\Java\jdk1.8.0_171\jre\lib\resources.jar;C:\Program Files (x86)\Java\jdk1.8.0_171\jre\lib\rt.jar;C:\Program Files (x86)\Java\jdk1.8.0_171\jre\lib\sunrsasign.jar;C:\Program Files (x86)\Java\jdk1.8.0_171\jre\lib\jsse.jar;C:\Program Files (x86)\Java\jdk1.8.0_171\jre\lib\jce.jar;C:\Program Files (x86)\Java\jdk1.8.0_171\jre\lib\charsets.jar;C:\Program Files (x86)\Java\jdk1.8.0_171\jre\lib\jfr.jar;C:\Program Files (x86)\Java\jdk1.8.0_171\jre\classes, java.vendor=Oracle Corporation, localRepository=C:\maven\apache-maven-3.5.2\repository, file.separator=\, java.vendor.url.bug=http://bugreport.sun.com/bugreport/, sun.io.unicode.encoding=UnicodeLittle, sun.cpu.endian=little, sun.desktop=windows, sun.cpu.isalist=pentium_pro+mmx pentium_pro pentium+mmx pentium i486 i386 i86}}, SystemEnvironmentPropertySource@19055555 {name=&apos;systemEnvironment&apos;, properties={PATH=C:\Program Files (x86)\Common Files\Oracle\Java\javapath;C:\Windows\system32;C:\Windows;C:\Windows\System32\Wbem;C:\Windows\System32\WindowsPowerShell\v1.0\;C:\Program Files (x86)\NVIDIA Corporation\PhysX\Common;C:\WINDOWS\system32;C:\WINDOWS;C:\WINDOWS\System32\Wbem;C:\WINDOWS\System32\WindowsPowerShell\v1.0\;C:\Program Files\IDM Computer Solutions\UltraEdit;C:\apache-tomcat-8.5.27\bin;C:\WINDOWS\System32\OpenSSH\;C:\Program Files\VanDyke Software\Clients\;C:\Program Files (x86)\MySQL\MySQL Server 5.5\bin;C:\Program Files\Intel\WiFi\bin\;C:\Program Files\Common Files\Intel\WirelessCommon\;C:\software\Git\cmd;C:\software\erl9.3\bin;C:\software\nodejs\;C:\software\VisualSVN Server\bin;C:\software\TortoiseSVN\bin;C:\Program Files\NVIDIA Corporation\NVIDIA NvDLISR;c:\Program Files (x86)\Intel\Intel(R) Management Engine Components\DAL;c:\Program Files\Intel\Intel(R) Management Engine Components\DAL;C:\software\putty\;C:\maven\apache-maven-3.5.2\bin;C:\Program Files (x86)\Java\jdk1.8.0_171\bin;C:\Program Files (x86)\Java\jdk1.8.0_171\jre\bin;C:\software\TortoiseGit\bin;C:\Users\Fanyi Xiao\AppData\Local\Microsoft\WindowsApps;C:\Users\Fanyi Xiao\AppData\Local\Microsoft\WindowsApps;C:\Users\Fanyi Xiao\AppData\Local\BypassRuntm;C:\Users\Fanyi Xiao\AppData\Roaming\npm;C:\software\IntelliJ IDEA 2019.3.2\bin;;C:\software\Microsoft VS Code\bin, USERDOMAIN_ROAMINGPROFILE=LAPTOP-IMF9CK3L, PROCESSOR_LEVEL=6, SYSTEMDRIVE=C:, SESSIONNAME=Console, ALLUSERSPROFILE=C:\ProgramData, PROCESSOR_ARCHITECTURE=x86, DRIVERDATA=C:\Windows\System32\Drivers\DriverData, MAVEN_HOME=C:\maven\apache-maven-3.5.2, PROGRAMFILES=C:\Program Files (x86), MOZ_PLUGIN_PATH=C:\PROGRAM FILES (X86)\FOXIT SOFTWARE\FOXIT PHANTOMPDF\plugins\, PSMODULEPATH=C:\Program Files\WindowsPowerShell\Modules;C:\WINDOWS\system32\WindowsPowerShell\v1.0\Modules;C:\software\VisualSVN Server\PowerShellModules, PROGRAMDATA=C:\ProgramData, USERNAME=Fanyi Xiao, VISUALSVN_SERVER=C:\software\VisualSVN Server\, FPS_BROWSER_USER_PROFILE_STRING=Default, ONEDRIVE=C:\Users\Fanyi Xiao\OneDrive, CONFIGSETROOT=C:\WINDOWS\ConfigSetRoot, PATHEXT=.COM;.EXE;.BAT;.CMD;.VBS;.VBE;.JS;.JSE;.WSF;.WSH;.MSC, PROCESSOR_ARCHITEW6432=AMD64, WINDIR=C:\WINDOWS, HOMEPATH=\Users\Fanyi Xiao, PROCESSOR_IDENTIFIER=Intel64 Family 6 Model 94 Stepping 3, GenuineIntel, PUBLIC=C:\Users\Public, =::=::\, LOCALAPPDATA=C:\Users\Fanyi Xiao\AppData\Local, COMMONPROGRAMFILES(X86)=C:\Program Files (x86)\Common Files, USERDOMAIN=LAPTOP-IMF9CK3L, FPS_BROWSER_APP_PROFILE_STRING=Internet Explorer, LOGONSERVER=\\LAPTOP-IMF9CK3L, JAVA_HOME=C:\Program Files (x86)\Java\jdk1.8.0_171, PROMPT=$P$G, PROGRAMFILES(X86)=C:\Program Files (x86), ASL.LOG=Destination=file, INTELLIJ IDEA=C:\software\IntelliJ IDEA 2019.3.2\bin;, ERLANG_HOME=C:\software\erl9.3, =C:=C:\JavaEE_Relation\JavaEE104\itheima104_spring\day45_04_mybatis, APPDATA=C:\Users\Fanyi Xiao\AppData\Roaming, PROGRAMW6432=C:\Program Files, SYSTEMROOT=C:\WINDOWS, OS=Windows_NT, COMMONPROGRAMW6432=C:\Program Files\Common Files, COMPUTERNAME=LAPTOP-IMF9CK3L, COMMONPROGRAMFILES=C:\Program Files (x86)\Common Files, COMSPEC=C:\WINDOWS\system32\cmd.exe, PROCESSOR_REVISION=5e03, CLASSPATH=.;C:\Program Files (x86)\Java\jdk1.8.0_171\lib;C:\Program Files (x86)\Java\jdk1.8.0_171\lib\dt.jar;C:\Program Files (x86)\Java\jdk1.8.0_171\lib\tools.jar, WXDRIVE_START_ARGS=--wxdrive-setting=0 --disable-gpu --disable-software-rasterizer --enable-features=NetworkServiceInProcess, TEMP=C:\Users\FANYIX~1\AppData\Local\Temp, HOMEDRIVE=C:, USERPROFILE=C:\Users\Fanyi Xiao, TMP=C:\Users\FANYIX~1\AppData\Local\Temp, NUMBER_OF_PROCESSORS=8, IDEA_INITIAL_DIRECTORY=C:\Users\Fanyi Xiao\Desktop}}]
[INFO ] main org.springframework.beans.factory.xml.XmlBeanDefinitionReader.loadBeanDefinitions(XmlBeanDefinitionReader.java:316) 2020-11-11 10:27:32,558 919ms:Loading XML bean definitions from class path resource [spring-mybatis.xml]
[DEBUG] main org.springframework.beans.factory.xml.DefaultDocumentLoader.loadDocument(DefaultDocumentLoader.java:74) 2020-11-11 10:27:32,558 919ms:Using JAXP provider [com.sun.org.apache.xerces.internal.jaxp.DocumentBuilderFactoryImpl]
[DEBUG] main org.springframework.beans.factory.xml.PluggableSchemaResolver.getSchemaMappings(PluggableSchemaResolver.java:147) 2020-11-11 10:27:32,589 950ms:Loading schema mappings from [META-INF/spring.schemas]
[DEBUG] main org.springframework.beans.factory.xml.PluggableSchemaResolver.getSchemaMappings(PluggableSchemaResolver.java:153) 2020-11-11 10:27:32,605 966ms:Loaded schema mappings: {http://www.springframework.org/schema/tx/spring-tx-2.5.xsd=org/springframework/transaction/config/spring-tx.xsd, http://www.springframework.org/schema/tx/spring-tx-4.3.xsd=org/springframework/transaction/config/spring-tx.xsd, http://www.springframework.org/schema/cache/spring-cache-4.2.xsd=org/springframework/cache/config/spring-cache.xsd, http://www.springframework.org/schema/aop/spring-aop-4.1.xsd=org/springframework/aop/config/spring-aop.xsd, http://www.springframework.org/schema/context/spring-context-3.1.xsd=org/springframework/context/config/spring-context.xsd, http://www.springframework.org/schema/jdbc/spring-jdbc-4.1.xsd=org/springframework/jdbc/config/spring-jdbc.xsd, http://www.springframework.org/schema/util/spring-util-3.0.xsd=org/springframework/beans/factory/xml/spring-util.xsd, http://mybatis.org/schema/mybatis-spring-1.2.xsd=org/mybatis/spring/config/mybatis-spring-1.2.xsd, http://www.springframework.org/schema/aop/spring-aop-3.2.xsd=org/springframework/aop/config/spring-aop.xsd, http://www.springframework.org/schema/tool/spring-tool.xsd=org/springframework/beans/factory/xml/spring-tool.xsd, http://www.springframework.org/schema/lang/spring-lang-4.1.xsd=org/springframework/scripting/config/spring-lang.xsd, http://www.springframework.org/schema/context/spring-context-4.0.xsd=org/springframework/context/config/spring-context.xsd, http://www.springframework.org/schema/beans/spring-beans-4.2.xsd=org/springframework/beans/factory/xml/spring-beans.xsd, http://www.springframework.org/schema/tool/spring-tool-4.1.xsd=org/springframework/beans/factory/xml/spring-tool.xsd, http://www.springframework.org/schema/lang/spring-lang-3.2.xsd=org/springframework/scripting/config/spring-lang.xsd, http://www.springframework.org/schema/cache/spring-cache-3.2.xsd=org/springframework/cache/config/spring-cache.xsd, http://www.springframework.org/schema/jee/spring-jee-4.1.xsd=org/springframework/ejb/config/spring-jee.xsd, http://www.springframework.org/schema/jdbc/spring-jdbc-3.1.xsd=org/springframework/jdbc/config/spring-jdbc.xsd, http://www.springframework.org/schema/task/spring-task-4.2.xsd=org/springframework/scheduling/config/spring-task.xsd, http://www.springframework.org/schema/util/spring-util-2.0.xsd=org/springframework/beans/factory/xml/spring-util.xsd, http://www.springframework.org/schema/tool/spring-tool-3.2.xsd=org/springframework/beans/factory/xml/spring-tool.xsd, http://www.springframework.org/schema/context/spring-context.xsd=org/springframework/context/config/spring-context.xsd, http://www.springframework.org/schema/tx/spring-tx-4.2.xsd=org/springframework/transaction/config/spring-tx.xsd, http://www.springframework.org/schema/cache/spring-cache-4.1.xsd=org/springframework/cache/config/spring-cache.xsd, http://www.springframework.org/schema/aop/spring-aop-4.0.xsd=org/springframework/aop/config/spring-aop.xsd, http://www.springframework.org/schema/jee/spring-jee-3.2.xsd=org/springframework/ejb/config/spring-jee.xsd, http://www.springframework.org/schema/context/spring-context-3.0.xsd=org/springframework/context/config/spring-context.xsd, http://www.springframework.org/schema/jdbc/spring-jdbc-4.0.xsd=org/springframework/jdbc/config/spring-jdbc.xsd, http://www.springframework.org/schema/util/spring-util-2.5.xsd=org/springframework/beans/factory/xml/spring-util.xsd, http://www.springframework.org/schema/util/spring-util-4.3.xsd=org/springframework/beans/factory/xml/spring-util.xsd, http://www.springframework.org/schema/beans/spring-beans-3.2.xsd=org/springframework/beans/factory/xml/spring-beans.xsd, http://www.springframework.org/schema/aop/spring-aop-3.1.xsd=org/springframework/aop/config/spring-aop.xsd, http://www.springframework.org/schema/lang/spring-lang-4.0.xsd=org/springframework/scripting/config/spring-lang.xsd, http://www.springframework.org/schema/beans/spring-beans-4.1.xsd=org/springframework/beans/factory/xml/spring-beans.xsd, http://www.springframework.org/schema/tool/spring-tool-4.0.xsd=org/springframework/beans/factory/xml/spring-tool.xsd, http://www.springframework.org/schema/lang/spring-lang-3.1.xsd=org/springframework/scripting/config/spring-lang.xsd, http://www.springframework.org/schema/tx/spring-tx-3.2.xsd=org/springframework/transaction/config/spring-tx.xsd, http://www.springframework.org/schema/cache/spring-cache-3.1.xsd=org/springframework/cache/config/spring-cache.xsd, http://www.springframework.org/schema/jee/spring-jee-4.0.xsd=org/springframework/ejb/config/spring-jee.xsd, http://www.springframework.org/schema/jdbc/spring-jdbc-3.0.xsd=org/springframework/jdbc/config/spring-jdbc.xsd, http://www.springframework.org/schema/task/spring-task-4.1.xsd=org/springframework/scheduling/config/spring-task.xsd, http://www.springframework.org/schema/jdbc/spring-jdbc.xsd=org/springframework/jdbc/config/spring-jdbc.xsd, http://www.springframework.org/schema/tool/spring-tool-3.1.xsd=org/springframework/beans/factory/xml/spring-tool.xsd, http://www.springframework.org/schema/tx/spring-tx-4.1.xsd=org/springframework/transaction/config/spring-tx.xsd, http://www.springframework.org/schema/cache/spring-cache-4.0.xsd=org/springframework/cache/config/spring-cache.xsd, http://www.springframework.org/schema/jee/spring-jee-3.1.xsd=org/springframework/ejb/config/spring-jee.xsd, http://www.springframework.org/schema/task/spring-task-3.2.xsd=org/springframework/scheduling/config/spring-task.xsd, http://www.springframework.org/schema/util/spring-util-4.2.xsd=org/springframework/beans/factory/xml/spring-util.xsd, http://www.springframework.org/schema/beans/spring-beans-3.1.xsd=org/springframework/beans/factory/xml/spring-beans.xsd, http://www.springframework.org/schema/util/spring-util.xsd=org/springframework/beans/factory/xml/spring-util.xsd, http://www.springframework.org/schema/aop/spring-aop-3.0.xsd=org/springframework/aop/config/spring-aop.xsd, http://www.springframework.org/schema/beans/spring-beans-4.0.xsd=org/springframework/beans/factory/xml/spring-beans.xsd, http://www.springframework.org/schema/beans/spring-beans.xsd=org/springframework/beans/factory/xml/spring-beans.xsd, http://mybatis.org/schema/mybatis-spring.xsd=org/mybatis/spring/config/mybatis-spring-1.2.xsd, http://www.springframework.org/schema/lang/spring-lang-3.0.xsd=org/springframework/scripting/config/spring-lang.xsd, http://www.springframework.org/schema/tx/spring-tx-3.1.xsd=org/springframework/transaction/config/spring-tx.xsd, http://www.springframework.org/schema/context/spring-context-2.5.xsd=org/springframework/context/config/spring-context.xsd, http://www.springframework.org/schema/context/spring-context-4.3.xsd=org/springframework/context/config/spring-context.xsd, http://www.springframework.org/schema/task/spring-task-4.0.xsd=org/springframework/scheduling/config/spring-task.xsd, http://www.springframework.org/schema/tool/spring-tool-3.0.xsd=org/springframework/beans/factory/xml/spring-tool.xsd, http://www.springframework.org/schema/tx/spring-tx-4.0.xsd=org/springframework/transaction/config/spring-tx.xsd, http://www.springframework.org/schema/aop/spring-aop-2.0.xsd=org/springframework/aop/config/spring-aop.xsd, http://www.springframework.org/schema/jee/spring-jee-3.0.xsd=org/springframework/ejb/config/spring-jee.xsd, http://www.springframework.org/schema/task/spring-task-3.1.xsd=org/springframework/scheduling/config/spring-task.xsd, http://www.springframework.org/schema/util/spring-util-4.1.xsd=org/springframework/beans/factory/xml/spring-util.xsd, http://www.springframework.org/schema/beans/spring-beans-3.0.xsd=org/springframework/beans/factory/xml/spring-beans.xsd, http://www.springframework.org/schema/jee/spring-jee.xsd=org/springframework/ejb/config/spring-jee.xsd, http://www.springframework.org/schema/aop/spring-aop-4.3.xsd=org/springframework/aop/config/spring-aop.xsd, http://www.springframework.org/schema/aop/spring-aop-2.5.xsd=org/springframework/aop/config/spring-aop.xsd, http://www.springframework.org/schema/lang/spring-lang-2.0.xsd=org/springframework/scripting/config/spring-lang.xsd, http://www.springframework.org/schema/jdbc/spring-jdbc-4.3.xsd=org/springframework/jdbc/config/spring-jdbc.xsd, http://www.springframework.org/schema/util/spring-util-3.2.xsd=org/springframework/beans/factory/xml/spring-util.xsd, http://www.springframework.org/schema/task/spring-task.xsd=org/springframework/scheduling/config/spring-task.xsd, http://www.springframework.org/schema/tool/spring-tool-2.0.xsd=org/springframework/beans/factory/xml/spring-tool.xsd, http://www.springframework.org/schema/lang/spring-lang-4.3.xsd=org/springframework/scripting/config/spring-lang.xsd, http://www.springframework.org/schema/tx/spring-tx-3.0.xsd=org/springframework/transaction/config/spring-tx.xsd, http://www.springframework.org/schema/lang/spring-lang-2.5.xsd=org/springframework/scripting/config/spring-lang.xsd, http://www.springframework.org/schema/context/spring-context-4.2.xsd=org/springframework/context/config/spring-context.xsd, http://www.springframework.org/schema/jee/spring-jee-2.0.xsd=org/springframework/ejb/config/spring-jee.xsd, http://www.springframework.org/schema/tool/spring-tool-4.3.xsd=org/springframework/beans/factory/xml/spring-tool.xsd, http://www.springframework.org/schema/tool/spring-tool-2.5.xsd=org/springframework/beans/factory/xml/spring-tool.xsd, http://www.springframework.org/schema/jee/spring-jee-4.3.xsd=org/springframework/ejb/config/spring-jee.xsd, http://www.springframework.org/schema/jee/spring-jee-2.5.xsd=org/springframework/ejb/config/spring-jee.xsd, http://www.springframework.org/schema/task/spring-task-3.0.xsd=org/springframework/scheduling/config/spring-task.xsd, http://www.springframework.org/schema/util/spring-util-4.0.xsd=org/springframework/beans/factory/xml/spring-util.xsd, http://www.springframework.org/schema/cache/spring-cache-4.3.xsd=org/springframework/cache/config/spring-cache.xsd, http://www.springframework.org/schema/aop/spring-aop-4.2.xsd=org/springframework/aop/config/spring-aop.xsd, http://www.springframework.org/schema/lang/spring-lang.xsd=org/springframework/scripting/config/spring-lang.xsd, http://www.springframework.org/schema/context/spring-context-3.2.xsd=org/springframework/context/config/spring-context.xsd, http://www.springframework.org/schema/jdbc/spring-jdbc-4.2.xsd=org/springframework/jdbc/config/spring-jdbc.xsd, http://www.springframework.org/schema/util/spring-util-3.1.xsd=org/springframework/beans/factory/xml/spring-util.xsd, http://www.springframework.org/schema/beans/spring-beans-2.0.xsd=org/springframework/beans/factory/xml/spring-beans.xsd, http://www.springframework.org/schema/cache/spring-cache.xsd=org/springframework/cache/config/spring-cache.xsd, http://www.springframework.org/schema/tx/spring-tx.xsd=org/springframework/transaction/config/spring-tx.xsd, http://www.springframework.org/schema/lang/spring-lang-4.2.xsd=org/springframework/scripting/config/spring-lang.xsd, http://www.springframework.org/schema/context/spring-context-4.1.xsd=org/springframework/context/config/spring-context.xsd, http://www.springframework.org/schema/beans/spring-beans-2.5.xsd=org/springframework/beans/factory/xml/spring-beans.xsd, http://www.springframework.org/schema/beans/spring-beans-4.3.xsd=org/springframework/beans/factory/xml/spring-beans.xsd, http://www.springframework.org/schema/tool/spring-tool-4.2.xsd=org/springframework/beans/factory/xml/spring-tool.xsd, http://www.springframework.org/schema/tx/spring-tx-2.0.xsd=org/springframework/transaction/config/spring-tx.xsd, http://www.springframework.org/schema/jee/spring-jee-4.2.xsd=org/springframework/ejb/config/spring-jee.xsd, http://www.springframework.org/schema/jdbc/spring-jdbc-3.2.xsd=org/springframework/jdbc/config/spring-jdbc.xsd, http://www.springframework.org/schema/aop/spring-aop.xsd=org/springframework/aop/config/spring-aop.xsd, http://www.springframework.org/schema/task/spring-task-4.3.xsd=org/springframework/scheduling/config/spring-task.xsd}
[DEBUG] main org.springframework.beans.factory.xml.PluggableSchemaResolver.resolveEntity(PluggableSchemaResolver.java:123) 2020-11-11 10:27:32,605 966ms:Found XML schema [http://www.springframework.org/schema/beans/spring-beans.xsd] in classpath: org/springframework/beans/factory/xml/spring-beans.xsd
[DEBUG] main org.springframework.beans.factory.xml.DefaultBeanDefinitionDocumentReader.registerBeanDefinitions(DefaultBeanDefinitionDocumentReader.java:96) 2020-11-11 10:27:32,674 1035ms:Loading bean definitions
[DEBUG] main org.springframework.beans.factory.support.AbstractBeanDefinitionReader.loadBeanDefinitions(AbstractBeanDefinitionReader.java:230) 2020-11-11 10:27:32,689 1050ms:Loaded 2 bean definitions from location pattern [spring-mybatis.xml]
[DEBUG] main org.springframework.context.support.AbstractApplicationContext.obtainFreshBeanFactory(AbstractApplicationContext.java:623) 2020-11-11 10:27:32,689 1050ms:Bean factory for org.springframework.context.support.ClassPathXmlApplicationContext@c5cc4c: org.springframework.beans.factory.support.DefaultListableBeanFactory@13b84b8: defining beans [sessionFactory,mapperScannerConfigurer]; root of factory hierarchy
[DEBUG] main org.springframework.beans.factory.support.DefaultSingletonBeanRegistry.getSingleton(DefaultSingletonBeanRegistry.java:219) 2020-11-11 10:27:32,743 1104ms:Creating shared instance of singleton bean &apos;mapperScannerConfigurer&apos;
[DEBUG] main org.springframework.beans.factory.support.AbstractAutowireCapableBeanFactory.createBean(AbstractAutowireCapableBeanFactory.java:467) 2020-11-11 10:27:32,743 1104ms:Creating instance of bean &apos;mapperScannerConfigurer&apos;
[DEBUG] main org.springframework.beans.factory.support.AbstractAutowireCapableBeanFactory.doCreateBean(AbstractAutowireCapableBeanFactory.java:573) 2020-11-11 10:27:32,758 1119ms:Eagerly caching bean &apos;mapperScannerConfigurer&apos; to allow for resolving potential circular references
[DEBUG] main org.springframework.beans.factory.support.AbstractAutowireCapableBeanFactory.invokeInitMethods(AbstractAutowireCapableBeanFactory.java:1755) 2020-11-11 10:27:32,821 1182ms:Invoking afterPropertiesSet() on bean with name &apos;mapperScannerConfigurer&apos;
[DEBUG] main org.springframework.beans.factory.support.AbstractAutowireCapableBeanFactory.createBean(AbstractAutowireCapableBeanFactory.java:504) 2020-11-11 10:27:32,821 1182ms:Finished creating instance of bean &apos;mapperScannerConfigurer&apos;
[DEBUG] main org.springframework.core.env.MutablePropertySources.addLast(MutablePropertySources.java:109) 2020-11-11 10:27:32,836 1197ms:Adding PropertySource &apos;systemProperties&apos; with lowest search precedence
[DEBUG] main org.springframework.core.env.MutablePropertySources.addLast(MutablePropertySources.java:109) 2020-11-11 10:27:32,836 1197ms:Adding PropertySource &apos;systemEnvironment&apos; with lowest search precedence
[DEBUG] main org.springframework.core.env.AbstractEnvironment.&lt;init&gt;(AbstractEnvironment.java:125) 2020-11-11 10:27:32,843 1204ms:Initialized StandardEnvironment with PropertySources [MapPropertySource@2856254 {name=&apos;systemProperties&apos;, properties={java.runtime.name=Java(TM) SE Runtime Environment, sun.boot.library.path=C:\Program Files (x86)\Java\jdk1.8.0_171\jre\bin, java.vm.version=25.171-b11, java.vm.vendor=Oracle Corporation, java.vendor.url=http://java.oracle.com/, path.separator=;, java.vm.name=Java HotSpot(TM) Client VM, file.encoding.pkg=sun.io, user.country=CN, user.script=, sun.java.launcher=SUN_STANDARD, sun.os.patch.level=, java.vm.specification.name=Java Virtual Machine Specification, user.dir=C:\JavaEE_Relation\JavaEE104\itheima104_spring\day45_04_mybatis, java.runtime.version=1.8.0_171-b11, basedir=C:\JavaEE_Relation\JavaEE104\itheima104_spring\day45_04_mybatis, java.awt.graphicsenv=sun.awt.Win32GraphicsEnvironment, java.endorsed.dirs=C:\Program Files (x86)\Java\jdk1.8.0_171\jre\lib\endorsed, os.arch=x86, surefire.real.class.path=C:\JavaEE_Relation\JavaEE104\itheima104_spring\day45_04_mybatis\target\surefire\surefirebooter7166027288151564912.jar, java.io.tmpdir=C:\Users\FANYIX~1\AppData\Local\Temp\, line.separator=
, java.vm.specification.vendor=Oracle Corporation, user.variant=, os.name=Windows 10, sun.jnu.encoding=GBK, java.library.path=C:\Program Files (x86)\Java\jdk1.8.0_171\jre\bin;C:\WINDOWS\Sun\Java\bin;C:\WINDOWS\system32;C:\WINDOWS;C:\Program Files (x86)\Common Files\Oracle\Java\javapath;C:\Windows\system32;C:\Windows;C:\Windows\System32\Wbem;C:\Windows\System32\WindowsPowerShell\v1.0\;C:\Program Files (x86)\NVIDIA Corporation\PhysX\Common;C:\WINDOWS\system32;C:\WINDOWS;C:\WINDOWS\System32\Wbem;C:\WINDOWS\System32\WindowsPowerShell\v1.0\;C:\Program Files\IDM Computer Solutions\UltraEdit;C:\apache-tomcat-8.5.27\bin;C:\WINDOWS\System32\OpenSSH\;C:\Program Files\VanDyke Software\Clients\;C:\Program Files (x86)\MySQL\MySQL Server 5.5\bin;C:\Program Files\Intel\WiFi\bin\;C:\Program Files\Common Files\Intel\WirelessCommon\;C:\software\Git\cmd;C:\software\erl9.3\bin;C:\software\nodejs\;C:\software\VisualSVN Server\bin;C:\software\TortoiseSVN\bin;C:\Program Files\NVIDIA Corporation\NVIDIA NvDLISR;c:\Program Files (x86)\Intel\Intel(R) Management Engine Components\DAL;c:\Program Files\Intel\Intel(R) Management Engine Components\DAL;C:\software\putty\;C:\maven\apache-maven-3.5.2\bin;C:\Program Files (x86)\Java\jdk1.8.0_171\bin;C:\Program Files (x86)\Java\jdk1.8.0_171\jre\bin;C:\software\TortoiseGit\bin;C:\Users\Fanyi Xiao\AppData\Local\Microsoft\WindowsApps;C:\Users\Fanyi Xiao\AppData\Local\Microsoft\WindowsApps;C:\Users\Fanyi Xiao\AppData\Local\BypassRuntm;C:\Users\Fanyi Xiao\AppData\Roaming\npm;C:\software\IntelliJ IDEA 2019.3.2\bin;;C:\software\Microsoft VS Code\bin;., surefire.test.class.path=C:\JavaEE_Relation\JavaEE104\itheima104_spring\day45_04_mybatis\target\test-classes;C:\JavaEE_Relation\JavaEE104\itheima104_spring\day45_04_mybatis\target\classes;C:\maven\apache-maven-3.5.2\repository\org\springframework\spring-jdbc\5.0.2.RELEASE\spring-jdbc-5.0.2.RELEASE.jar;C:\maven\apache-maven-3.5.2\repository\org\springframework\spring-beans\5.0.2.RELEASE\spring-beans-5.0.2.RELEASE.jar;C:\maven\apache-maven-3.5.2\repository\org\springframework\spring-core\5.0.2.RELEASE\spring-core-5.0.2.RELEASE.jar;C:\maven\apache-maven-3.5.2\repository\org\springframework\spring-jcl\5.0.2.RELEASE\spring-jcl-5.0.2.RELEASE.jar;C:\maven\apache-maven-3.5.2\repository\org\springframework\spring-tx\5.0.2.RELEASE\spring-tx-5.0.2.RELEASE.jar;C:\maven\apache-maven-3.5.2\repository\org\springframework\spring-context\5.0.2.RELEASE\spring-context-5.0.2.RELEASE.jar;C:\maven\apache-maven-3.5.2\repository\org\springframework\spring-aop\5.0.2.RELEASE\spring-aop-5.0.2.RELEASE.jar;C:\maven\apache-maven-3.5.2\repository\org\springframework\spring-expression\5.0.2.RELEASE\spring-expression-5.0.2.RELEASE.jar;C:\maven\apache-maven-3.5.2\repository\log4j\log4j\1.2.12\log4j-1.2.12.jar;C:\maven\apache-maven-3.5.2\repository\org\slf4j\slf4j-api\1.6.6\slf4j-api-1.6.6.jar;C:\maven\apache-maven-3.5.2\repository\org\slf4j\slf4j-log4j12\1.6.6\slf4j-log4j12-1.6.6.jar;C:\maven\apache-maven-3.5.2\repository\org\mybatis\mybatis-spring\1.3.0\mybatis-spring-1.3.0.jar;C:\maven\apache-maven-3.5.2\repository\org\mybatis\mybatis\3.5.3\mybatis-3.5.3.jar;C:\maven\apache-maven-3.5.2\repository\org\projectlombok\lombok\1.18.10\lombok-1.18.10.jar;C:\maven\apache-maven-3.5.2\repository\junit\junit\4.12\junit-4.12.jar;C:\maven\apache-maven-3.5.2\repository\org\hamcrest\hamcrest-core\1.3\hamcrest-core-1.3.jar;C:\maven\apache-maven-3.5.2\repository\mysql\mysql-connector-java\5.1.6\mysql-connector-java-5.1.6.jar;, java.specification.name=Java Platform API Specification, java.class.version=52.0, sun.management.compiler=HotSpot Client Compiler, maven.repo.local=C:\maven\apache-maven-3.5.2\repository, os.version=10.0, user.home=C:\Users\Fanyi Xiao, user.timezone=Asia/Shanghai, java.awt.printerjob=sun.awt.windows.WPrinterJob, file.encoding=GBK, java.specification.version=1.8, java.class.path=C:\JavaEE_Relation\JavaEE104\itheima104_spring\day45_04_mybatis\target\test-classes;C:\JavaEE_Relation\JavaEE104\itheima104_spring\day45_04_mybatis\target\classes;C:\maven\apache-maven-3.5.2\repository\org\springframework\spring-jdbc\5.0.2.RELEASE\spring-jdbc-5.0.2.RELEASE.jar;C:\maven\apache-maven-3.5.2\repository\org\springframework\spring-beans\5.0.2.RELEASE\spring-beans-5.0.2.RELEASE.jar;C:\maven\apache-maven-3.5.2\repository\org\springframework\spring-core\5.0.2.RELEASE\spring-core-5.0.2.RELEASE.jar;C:\maven\apache-maven-3.5.2\repository\org\springframework\spring-jcl\5.0.2.RELEASE\spring-jcl-5.0.2.RELEASE.jar;C:\maven\apache-maven-3.5.2\repository\org\springframework\spring-tx\5.0.2.RELEASE\spring-tx-5.0.2.RELEASE.jar;C:\maven\apache-maven-3.5.2\repository\org\springframework\spring-context\5.0.2.RELEASE\spring-context-5.0.2.RELEASE.jar;C:\maven\apache-maven-3.5.2\repository\org\springframework\spring-aop\5.0.2.RELEASE\spring-aop-5.0.2.RELEASE.jar;C:\maven\apache-maven-3.5.2\repository\org\springframework\spring-expression\5.0.2.RELEASE\spring-expression-5.0.2.RELEASE.jar;C:\maven\apache-maven-3.5.2\repository\log4j\log4j\1.2.12\log4j-1.2.12.jar;C:\maven\apache-maven-3.5.2\repository\org\slf4j\slf4j-api\1.6.6\slf4j-api-1.6.6.jar;C:\maven\apache-maven-3.5.2\repository\org\slf4j\slf4j-log4j12\1.6.6\slf4j-log4j12-1.6.6.jar;C:\maven\apache-maven-3.5.2\repository\org\mybatis\mybatis-spring\1.3.0\mybatis-spring-1.3.0.jar;C:\maven\apache-maven-3.5.2\repository\org\mybatis\mybatis\3.5.3\mybatis-3.5.3.jar;C:\maven\apache-maven-3.5.2\repository\org\projectlombok\lombok\1.18.10\lombok-1.18.10.jar;C:\maven\apache-maven-3.5.2\repository\junit\junit\4.12\junit-4.12.jar;C:\maven\apache-maven-3.5.2\repository\org\hamcrest\hamcrest-core\1.3\hamcrest-core-1.3.jar;C:\maven\apache-maven-3.5.2\repository\mysql\mysql-connector-java\5.1.6\mysql-connector-java-5.1.6.jar;, user.name=Fanyi Xiao, java.vm.specification.version=1.8, sun.java.command=C:\JavaEE_Relation\JavaEE104\itheima104_spring\day45_04_mybatis\target\surefire\surefirebooter7166027288151564912.jar C:\JavaEE_Relation\JavaEE104\itheima104_spring\day45_04_mybatis\target\surefire\surefire8788397085222092856tmp C:\JavaEE_Relation\JavaEE104\itheima104_spring\day45_04_mybatis\target\surefire\surefire_05717620343070863741tmp, java.home=C:\Program Files (x86)\Java\jdk1.8.0_171\jre, sun.arch.data.model=32, idea.version2020.1.3=true, user.language=zh, java.specification.vendor=Oracle Corporation, awt.toolkit=sun.awt.windows.WToolkit, java.vm.info=mixed mode, sharing, java.version=1.8.0_171, java.ext.dirs=C:\Program Files (x86)\Java\jdk1.8.0_171\jre\lib\ext;C:\WINDOWS\Sun\Java\lib\ext, sun.boot.class.path=C:\Program Files (x86)\Java\jdk1.8.0_171\jre\lib\resources.jar;C:\Program Files (x86)\Java\jdk1.8.0_171\jre\lib\rt.jar;C:\Program Files (x86)\Java\jdk1.8.0_171\jre\lib\sunrsasign.jar;C:\Program Files (x86)\Java\jdk1.8.0_171\jre\lib\jsse.jar;C:\Program Files (x86)\Java\jdk1.8.0_171\jre\lib\jce.jar;C:\Program Files (x86)\Java\jdk1.8.0_171\jre\lib\charsets.jar;C:\Program Files (x86)\Java\jdk1.8.0_171\jre\lib\jfr.jar;C:\Program Files (x86)\Java\jdk1.8.0_171\jre\classes, java.vendor=Oracle Corporation, localRepository=C:\maven\apache-maven-3.5.2\repository, file.separator=\, java.vendor.url.bug=http://bugreport.sun.com/bugreport/, sun.io.unicode.encoding=UnicodeLittle, sun.cpu.endian=little, sun.desktop=windows, sun.cpu.isalist=pentium_pro+mmx pentium_pro pentium+mmx pentium i486 i386 i86}}, SystemEnvironmentPropertySource@20655782 {name=&apos;systemEnvironment&apos;, properties={PATH=C:\Program Files (x86)\Common Files\Oracle\Java\javapath;C:\Windows\system32;C:\Windows;C:\Windows\System32\Wbem;C:\Windows\System32\WindowsPowerShell\v1.0\;C:\Program Files (x86)\NVIDIA Corporation\PhysX\Common;C:\WINDOWS\system32;C:\WINDOWS;C:\WINDOWS\System32\Wbem;C:\WINDOWS\System32\WindowsPowerShell\v1.0\;C:\Program Files\IDM Computer Solutions\UltraEdit;C:\apache-tomcat-8.5.27\bin;C:\WINDOWS\System32\OpenSSH\;C:\Program Files\VanDyke Software\Clients\;C:\Program Files (x86)\MySQL\MySQL Server 5.5\bin;C:\Program Files\Intel\WiFi\bin\;C:\Program Files\Common Files\Intel\WirelessCommon\;C:\software\Git\cmd;C:\software\erl9.3\bin;C:\software\nodejs\;C:\software\VisualSVN Server\bin;C:\software\TortoiseSVN\bin;C:\Program Files\NVIDIA Corporation\NVIDIA NvDLISR;c:\Program Files (x86)\Intel\Intel(R) Management Engine Components\DAL;c:\Program Files\Intel\Intel(R) Management Engine Components\DAL;C:\software\putty\;C:\maven\apache-maven-3.5.2\bin;C:\Program Files (x86)\Java\jdk1.8.0_171\bin;C:\Program Files (x86)\Java\jdk1.8.0_171\jre\bin;C:\software\TortoiseGit\bin;C:\Users\Fanyi Xiao\AppData\Local\Microsoft\WindowsApps;C:\Users\Fanyi Xiao\AppData\Local\Microsoft\WindowsApps;C:\Users\Fanyi Xiao\AppData\Local\BypassRuntm;C:\Users\Fanyi Xiao\AppData\Roaming\npm;C:\software\IntelliJ IDEA 2019.3.2\bin;;C:\software\Microsoft VS Code\bin, USERDOMAIN_ROAMINGPROFILE=LAPTOP-IMF9CK3L, PROCESSOR_LEVEL=6, SYSTEMDRIVE=C:, SESSIONNAME=Console, ALLUSERSPROFILE=C:\ProgramData, PROCESSOR_ARCHITECTURE=x86, DRIVERDATA=C:\Windows\System32\Drivers\DriverData, MAVEN_HOME=C:\maven\apache-maven-3.5.2, PROGRAMFILES=C:\Program Files (x86), MOZ_PLUGIN_PATH=C:\PROGRAM FILES (X86)\FOXIT SOFTWARE\FOXIT PHANTOMPDF\plugins\, PSMODULEPATH=C:\Program Files\WindowsPowerShell\Modules;C:\WINDOWS\system32\WindowsPowerShell\v1.0\Modules;C:\software\VisualSVN Server\PowerShellModules, PROGRAMDATA=C:\ProgramData, USERNAME=Fanyi Xiao, VISUALSVN_SERVER=C:\software\VisualSVN Server\, FPS_BROWSER_USER_PROFILE_STRING=Default, ONEDRIVE=C:\Users\Fanyi Xiao\OneDrive, CONFIGSETROOT=C:\WINDOWS\ConfigSetRoot, PATHEXT=.COM;.EXE;.BAT;.CMD;.VBS;.VBE;.JS;.JSE;.WSF;.WSH;.MSC, PROCESSOR_ARCHITEW6432=AMD64, WINDIR=C:\WINDOWS, HOMEPATH=\Users\Fanyi Xiao, PROCESSOR_IDENTIFIER=Intel64 Family 6 Model 94 Stepping 3, GenuineIntel, PUBLIC=C:\Users\Public, =::=::\, LOCALAPPDATA=C:\Users\Fanyi Xiao\AppData\Local, COMMONPROGRAMFILES(X86)=C:\Program Files (x86)\Common Files, USERDOMAIN=LAPTOP-IMF9CK3L, FPS_BROWSER_APP_PROFILE_STRING=Internet Explorer, LOGONSERVER=\\LAPTOP-IMF9CK3L, JAVA_HOME=C:\Program Files (x86)\Java\jdk1.8.0_171, PROMPT=$P$G, PROGRAMFILES(X86)=C:\Program Files (x86), ASL.LOG=Destination=file, INTELLIJ IDEA=C:\software\IntelliJ IDEA 2019.3.2\bin;, ERLANG_HOME=C:\software\erl9.3, =C:=C:\JavaEE_Relation\JavaEE104\itheima104_spring\day45_04_mybatis, APPDATA=C:\Users\Fanyi Xiao\AppData\Roaming, PROGRAMW6432=C:\Program Files, SYSTEMROOT=C:\WINDOWS, OS=Windows_NT, COMMONPROGRAMW6432=C:\Program Files\Common Files, COMPUTERNAME=LAPTOP-IMF9CK3L, COMMONPROGRAMFILES=C:\Program Files (x86)\Common Files, COMSPEC=C:\WINDOWS\system32\cmd.exe, PROCESSOR_REVISION=5e03, CLASSPATH=.;C:\Program Files (x86)\Java\jdk1.8.0_171\lib;C:\Program Files (x86)\Java\jdk1.8.0_171\lib\dt.jar;C:\Program Files (x86)\Java\jdk1.8.0_171\lib\tools.jar, WXDRIVE_START_ARGS=--wxdrive-setting=0 --disable-gpu --disable-software-rasterizer --enable-features=NetworkServiceInProcess, TEMP=C:\Users\FANYIX~1\AppData\Local\Temp, HOMEDRIVE=C:, USERPROFILE=C:\Users\Fanyi Xiao, TMP=C:\Users\FANYIX~1\AppData\Local\Temp, NUMBER_OF_PROCESSORS=8, IDEA_INITIAL_DIRECTORY=C:\Users\Fanyi Xiao\Desktop}}]
[DEBUG] main org.springframework.core.io.support.PathMatchingResourcePatternResolver.findAllClassPathResources(PathMatchingResourcePatternResolver.java:321) 2020-11-11 10:27:32,858 1219ms:Resolved classpath location [com/itheima/dao/] to resources [URL [file:/C:/JavaEE_Relation/JavaEE104/itheima104_spring/day45_04_mybatis/target/classes/com/itheima/dao/]]
[DEBUG] main org.springframework.core.io.support.PathMatchingResourcePatternResolver.doFindMatchingFileSystemResources(PathMatchingResourcePatternResolver.java:723) 2020-11-11 10:27:32,858 1219ms:Looking for matching resources in directory tree [C:\JavaEE_Relation\JavaEE104\itheima104_spring\day45_04_mybatis\target\classes\com\itheima\dao]
[DEBUG] main org.springframework.core.io.support.PathMatchingResourcePatternResolver.doRetrieveMatchingFiles(PathMatchingResourcePatternResolver.java:785) 2020-11-11 10:27:32,858 1219ms:Searching directory [C:\JavaEE_Relation\JavaEE104\itheima104_spring\day45_04_mybatis\target\classes\com\itheima\dao] for files matching pattern [C:/JavaEE_Relation/JavaEE104/itheima104_spring/day45_04_mybatis/target/classes/com/itheima/dao/**/*.class]
[DEBUG] main org.springframework.core.io.support.PathMatchingResourcePatternResolver.findPathMatchingResources(PathMatchingResourcePatternResolver.java:516) 2020-11-11 10:27:32,858 1219ms:Resolved location pattern [classpath*:com/itheima/dao/**/*.class] to resources [file [C:\JavaEE_Relation\JavaEE104\itheima104_spring\day45_04_mybatis\target\classes\com\itheima\dao\AccountDao.class]]
[DEBUG] main org.springframework.context.annotation.ClassPathScanningCandidateComponentProvider.scanCandidateComponents(ClassPathScanningCandidateComponentProvider.java:437) 2020-11-11 10:27:32,905 1266ms:Identified candidate component class: file [C:\JavaEE_Relation\JavaEE104\itheima104_spring\day45_04_mybatis\target\classes\com\itheima\dao\AccountDao.class]
[DEBUG] main org.mybatis.spring.mapper.ClassPathMapperScanner.processBeanDefinitions(ClassPathMapperScanner.java:181) 2020-11-11 10:27:32,905 1266ms:Creating MapperFactoryBean with name &apos;accountDao&apos; and &apos;com.itheima.dao.AccountDao&apos; mapperInterface
[DEBUG] main org.mybatis.spring.mapper.ClassPathMapperScanner.processBeanDefinitions(ClassPathMapperScanner.java:217) 2020-11-11 10:27:32,905 1266ms:Enabling autowire by type for MapperFactoryBean with name &apos;accountDao&apos;.
[DEBUG] main org.springframework.beans.factory.support.DefaultSingletonBeanRegistry.getSingleton(DefaultSingletonBeanRegistry.java:219) 2020-11-11 10:27:32,921 1282ms:Creating shared instance of singleton bean &apos;org.springframework.context.annotation.internalConfigurationAnnotationProcessor&apos;
[DEBUG] main org.springframework.beans.factory.support.AbstractAutowireCapableBeanFactory.createBean(AbstractAutowireCapableBeanFactory.java:467) 2020-11-11 10:27:32,937 1298ms:Creating instance of bean &apos;org.springframework.context.annotation.internalConfigurationAnnotationProcessor&apos;
[DEBUG] main org.springframework.beans.factory.support.AbstractAutowireCapableBeanFactory.doCreateBean(AbstractAutowireCapableBeanFactory.java:573) 2020-11-11 10:27:32,937 1298ms:Eagerly caching bean &apos;org.springframework.context.annotation.internalConfigurationAnnotationProcessor&apos; to allow for resolving potential circular references
[DEBUG] main org.springframework.beans.factory.support.AbstractAutowireCapableBeanFactory.createBean(AbstractAutowireCapableBeanFactory.java:504) 2020-11-11 10:27:32,937 1298ms:Finished creating instance of bean &apos;org.springframework.context.annotation.internalConfigurationAnnotationProcessor&apos;
[DEBUG] main org.springframework.beans.factory.support.DefaultSingletonBeanRegistry.getSingleton(DefaultSingletonBeanRegistry.java:219) 2020-11-11 10:27:32,990 1351ms:Creating shared instance of singleton bean &apos;org.springframework.context.annotation.internalAutowiredAnnotationProcessor&apos;
[DEBUG] main org.springframework.beans.factory.support.AbstractAutowireCapableBeanFactory.createBean(AbstractAutowireCapableBeanFactory.java:467) 2020-11-11 10:27:32,990 1351ms:Creating instance of bean &apos;org.springframework.context.annotation.internalAutowiredAnnotationProcessor&apos;
[DEBUG] main org.springframework.beans.factory.support.AbstractAutowireCapableBeanFactory.doCreateBean(AbstractAutowireCapableBeanFactory.java:573) 2020-11-11 10:27:32,990 1351ms:Eagerly caching bean &apos;org.springframework.context.annotation.internalAutowiredAnnotationProcessor&apos; to allow for resolving potential circular references
[DEBUG] main org.springframework.beans.factory.support.AbstractAutowireCapableBeanFactory.createBean(AbstractAutowireCapableBeanFactory.java:504) 2020-11-11 10:27:33,006 1367ms:Finished creating instance of bean &apos;org.springframework.context.annotation.internalAutowiredAnnotationProcessor&apos;
[DEBUG] main org.springframework.beans.factory.support.DefaultSingletonBeanRegistry.getSingleton(DefaultSingletonBeanRegistry.java:219) 2020-11-11 10:27:33,006 1367ms:Creating shared instance of singleton bean &apos;org.springframework.context.annotation.internalRequiredAnnotationProcessor&apos;
[DEBUG] main org.springframework.beans.factory.support.AbstractAutowireCapableBeanFactory.createBean(AbstractAutowireCapableBeanFactory.java:467) 2020-11-11 10:27:33,006 1367ms:Creating instance of bean &apos;org.springframework.context.annotation.internalRequiredAnnotationProcessor&apos;
[DEBUG] main org.springframework.beans.factory.support.AbstractAutowireCapableBeanFactory.doCreateBean(AbstractAutowireCapableBeanFactory.java:573) 2020-11-11 10:27:33,006 1367ms:Eagerly caching bean &apos;org.springframework.context.annotation.internalRequiredAnnotationProcessor&apos; to allow for resolving potential circular references
[DEBUG] main org.springframework.beans.factory.support.AbstractAutowireCapableBeanFactory.createBean(AbstractAutowireCapableBeanFactory.java:504) 2020-11-11 10:27:33,006 1367ms:Finished creating instance of bean &apos;org.springframework.context.annotation.internalRequiredAnnotationProcessor&apos;
[DEBUG] main org.springframework.beans.factory.support.DefaultSingletonBeanRegistry.getSingleton(DefaultSingletonBeanRegistry.java:219) 2020-11-11 10:27:33,006 1367ms:Creating shared instance of singleton bean &apos;org.springframework.context.annotation.internalCommonAnnotationProcessor&apos;
[DEBUG] main org.springframework.beans.factory.support.AbstractAutowireCapableBeanFactory.createBean(AbstractAutowireCapableBeanFactory.java:467) 2020-11-11 10:27:33,006 1367ms:Creating instance of bean &apos;org.springframework.context.annotation.internalCommonAnnotationProcessor&apos;
[DEBUG] main org.springframework.beans.factory.support.AbstractAutowireCapableBeanFactory.doCreateBean(AbstractAutowireCapableBeanFactory.java:573) 2020-11-11 10:27:33,021 1382ms:Eagerly caching bean &apos;org.springframework.context.annotation.internalCommonAnnotationProcessor&apos; to allow for resolving potential circular references
[DEBUG] main org.springframework.beans.factory.support.AbstractAutowireCapableBeanFactory.createBean(AbstractAutowireCapableBeanFactory.java:504) 2020-11-11 10:27:33,021 1382ms:Finished creating instance of bean &apos;org.springframework.context.annotation.internalCommonAnnotationProcessor&apos;
[DEBUG] main org.springframework.context.support.AbstractApplicationContext.initMessageSource(AbstractApplicationContext.java:740) 2020-11-11 10:27:33,037 1398ms:Unable to locate MessageSource with name &apos;messageSource&apos;: using default [org.springframework.context.support.DelegatingMessageSource@15acb9d]
[DEBUG] main org.springframework.context.support.AbstractApplicationContext.initApplicationEventMulticaster(AbstractApplicationContext.java:764) 2020-11-11 10:27:33,043 1404ms:Unable to locate ApplicationEventMulticaster with name &apos;applicationEventMulticaster&apos;: using default [org.springframework.context.event.SimpleApplicationEventMulticaster@14751b3]
[DEBUG] main org.springframework.beans.factory.support.DefaultListableBeanFactory.preInstantiateSingletons(DefaultListableBeanFactory.java:730) 2020-11-11 10:27:33,043 1404ms:Pre-instantiating singletons in org.springframework.beans.factory.support.DefaultListableBeanFactory@13b84b8: defining beans [sessionFactory,mapperScannerConfigurer,accountDao,org.springframework.context.annotation.internalConfigurationAnnotationProcessor,org.springframework.context.annotation.internalAutowiredAnnotationProcessor,org.springframework.context.annotation.internalRequiredAnnotationProcessor,org.springframework.context.annotation.internalCommonAnnotationProcessor,org.springframework.context.event.internalEventListenerProcessor,org.springframework.context.event.internalEventListenerFactory]; root of factory hierarchy
[DEBUG] main org.springframework.beans.factory.support.DefaultSingletonBeanRegistry.getSingleton(DefaultSingletonBeanRegistry.java:219) 2020-11-11 10:27:33,043 1404ms:Creating shared instance of singleton bean &apos;sessionFactory&apos;
[DEBUG] main org.springframework.beans.factory.support.AbstractAutowireCapableBeanFactory.createBean(AbstractAutowireCapableBeanFactory.java:467) 2020-11-11 10:27:33,043 1404ms:Creating instance of bean &apos;sessionFactory&apos;
[DEBUG] main org.springframework.beans.factory.support.AbstractAutowireCapableBeanFactory.doCreateBean(AbstractAutowireCapableBeanFactory.java:573) 2020-11-11 10:27:33,059 1420ms:Eagerly caching bean &apos;sessionFactory&apos; to allow for resolving potential circular references
[DEBUG] main org.springframework.beans.factory.support.AbstractAutowireCapableBeanFactory.invokeInitMethods(AbstractAutowireCapableBeanFactory.java:1755) 2020-11-11 10:27:33,075 1436ms:Invoking afterPropertiesSet() on bean with name &apos;sessionFactory&apos;
[WARN ] main org.springframework.context.support.AbstractApplicationContext.refresh(AbstractApplicationContext.java:557) 2020-11-11 10:27:33,075 1436ms:Exception encountered during context initialization - cancelling refresh attempt: org.springframework.beans.factory.BeanCreationException: Error creating bean with name &apos;sessionFactory&apos; defined in class path resource [spring-mybatis.xml]: Invocation of init method failed; nested exception is java.lang.IllegalArgumentException: Property &apos;dataSource&apos; is required
[DEBUG] main org.springframework.beans.factory.support.DefaultSingletonBeanRegistry.destroySingletons(DefaultSingletonBeanRegistry.java:510) 2020-11-11 10:27:33,075 1436ms:Destroying singletons in org.springframework.beans.factory.support.DefaultListableBeanFactory@13b84b8: defining beans [sessionFactory,mapperScannerConfigurer,accountDao,org.springframework.context.annotation.internalConfigurationAnnotationProcessor,org.springframework.context.annotation.internalAutowiredAnnotationProcessor,org.springframework.context.annotation.internalRequiredAnnotationProcessor,org.springframework.context.annotation.internalCommonAnnotationProcessor,org.springframework.context.event.internalEventListenerProcessor,org.springframework.context.event.internalEventListenerFactory]; root of factory hierarchy
</system-out>
  </testcase>
</testsuite>